Iteration	Posterior	Likelihood	Prior	event_rate	extinction[1]	extinction[2]	extinction[3]	extinction[4]	extinction_mean	speciation[1]	speciation[2]	speciation[3]	speciation[4]	speciation_mean	speciation_sd
0	-271.181	-274.034	2.85366	0.1871843	0.0490217	0.0490217	0.0490217	0.0490217	0.04902169	0.0725471	0.0901962	0.106573	0.1325	0.09804339	0.2618105
100	-268.722	-273.793	5.07055	0.07600629	0.00575872	0.00575872	0.00575872	0.00575872	0.005758718	0.0666368	0.0830811	0.0983779	0.122655	0.09040653	0.2651889
200	-267.348	-274.094	6.74574	0.012711	0.000832047	0.000832047	0.000832047	0.000832047	0.0008320472	0.0313525	0.0525253	0.0779969	0.130669	0.06400634	0.6204089
300	-270.502	-273.131	2.62951	0.05464426	0.0472092	0.0472092	0.0472092	0.0472092	0.04720917	0.0688345	0.0937944	0.118887	0.161997	0.1055981	0.3720045
400	-265.327	-273.746	8.41836	0.1645638	0.000110995	0.000110995	0.000110995	0.000110995	0.0001109946	0.0433381	0.0729881	0.108821	0.183271	0.08912147	0.6267382
500	-257.066	-269.862	12.7967	0.1944201	2.67348e-06	2.67348e-06	2.67348e-06	2.67348e-06	2.673475e-06	0.125182	0.127948	0.130109	0.132984	0.1290239	0.02627754
600	-254.919	-268.684	13.7651	0.1815418	1.02195e-06	1.02195e-06	1.02195e-06	1.02195e-06	1.021948e-06	0.0956984	0.105571	0.113819	0.125561	0.1096174	0.118046
700	-257.329	-270.096	12.7667	0.1795431	2.79985e-06	2.79985e-06	2.79985e-06	2.79985e-06	2.799847e-06	0.127886	0.129289	0.130374	0.131804	0.1298303	0.01311915
800	-264.903	-273.609	8.70588	0.08745741	9.80597e-05	9.80597e-05	9.80597e-05	9.80597e-05	9.805973e-05	0.0355505	0.0604771	0.0908644	0.154575	0.07412971	0.6388163
900	-270.856	-276.257	5.40097	0.1821649	0.00251552	0.00251552	0.00251552	0.00251552	0.002515517	0.014579	0.0327315	0.0608266	0.136562	0.04462004	0.9723995
1000	-271.244	-273.119	1.87547	0.09584322	0.0890507	0.0890507	0.0890507	0.0890507	0.08905066	0.078568	0.106657	0.134804	0.182999	0.1199079	0.3675054
1100	-271.61	-273.79	2.18031	0.00207391	0.0921191	0.0921191	0.0921191	0.0921191	0.09211912	0.074905	0.0934146	0.110637	0.137976	0.1016616	0.2655092
1200	-267.48	-274.197	6.71619	0.08757701	0.000569211	0.000569211	0.000569211	0.000569211	0.0005692113	0.0269161	0.0531174	0.0894223	0.17647	0.0689194	0.8173277
1300	-264.98	-274.278	9.29742	0.0118146	5.44176e-05	5.44176e-05	5.44176e-05	5.44176e-05	5.441764e-05	0.0485085	0.0753143	0.105505	0.163807	0.08914046	0.5289479
1400	-262.307	-273.479	11.1726	0.07342064	9.12906e-06	9.12906e-06	9.12906e-06	9.12906e-06	9.129059e-06	0.0300828	0.052298	0.0798927	0.138891	0.06463919	0.6648994
1500	-256.337	-269.707	13.3702	0.1818615	1.11271e-06	1.11271e-06	1.11271e-06	1.11271e-06	1.112711e-06	0.104603	0.12307	0.139398	0.164007	0.1309798	0.1954767
1600	-257.705	-270.381	12.6762	0.2035071	3.82768e-06	3.82768e-06	3.82768e-06	3.82768e-06	3.827683e-06	0.0918585	0.0958557	0.0990358	0.103345	0.09743274	0.0512135
1700	-263.432	-274.436	11.0039	0.06444519	8.81984e-06	8.81984e-06	8.81984e-06	8.81984e-06	8.819838e-06	0.00795501	0.0216247	0.0465295	0.126484	0.03172041	1.202381
1800	-261.857	-274.484	12.6264	0.03464603	3.24342e-06	3.24342e-06	3.24342e-06	3.24342e-06	3.243419e-06	0.0309435	0.0472189	0.065276	0.0996093	0.05551811	0.5081463
1900	-271.161	-274.282	3.12024	0.08282015	0.0185261	0.0185261	0.0185261	0.0185261	0.01852607	0.013944	0.0344529	0.0689018	0.170244	0.04872239	1.087575
2000	-269.872	-274.165	4.2932	0.04259885	0.0063768	0.0063768	0.0063768	0.0063768	0.006376802	0.0231645	0.0478537	0.0834351	0.172362	0.06318766	0.8723345
2100	-268.081	-274.177	6.09614	0.1083699	0.00163968	0.00163968	0.00163968	0.00163968	0.00163968	0.0403506	0.0622812	0.0868551	0.134061	0.07354887	0.5218791
2200	-264.953	-273.244	8.29109	0.09327097	0.000186726	0.000186726	0.000186726	0.000186726	0.0001867263	0.0458447	0.0677337	0.0913465	0.134961	0.07865896	0.4693023
2300	-255.891	-269.383	13.4917	0.1637044	1.01828e-06	1.01828e-06	1.01828e-06	1.01828e-06	1.018285e-06	0.0604795	0.0826854	0.105075	0.143655	0.09321025	0.3760194
2400	-258.929	-271.661	12.7323	0.177763	2.54128e-06	2.54128e-06	2.54128e-06	2.54128e-06	2.541277e-06	0.0713223	0.0888207	0.105082	0.130863	0.09660968	0.2638063
2500	-257.034	-269.952	12.9186	0.194751	2.7723e-06	2.7723e-06	2.7723e-06	2.7723e-06	2.772304e-06	0.0948969	0.10041	0.10485	0.110941	0.102606	0.06789642
2600	-268.394	-275.694	7.30083	0.004755191	3.48583e-05	3.48583e-05	3.48583e-05	3.48583e-05	3.485825e-05	0.00314327	0.0220863	0.0983825	0.691287	0.04661441	2.344197
2700	-254.891	-268.508	13.6173	0.179933	1.01197e-06	1.01197e-06	1.01197e-06	1.01197e-06	1.011969e-06	0.0760948	0.0939675	0.110454	0.136397	0.1018778	0.2536567
2800	-257.38	-270.294	12.9137	0.1769871	1.76712e-06	1.76712e-06	1.76712e-06	1.76712e-06	1.767117e-06	0.0753296	0.0973592	0.118507	0.153163	0.1074137	0.3084407
2900	-257.582	-269.909	12.3264	0.1943726	3.60727e-06	3.60727e-06	3.60727e-06	3.60727e-06	3.60727e-06	0.0726839	0.0914913	0.109133	0.137372	0.09992372	0.2766879
3000	-262.984	-273.92	10.9352	0.01138713	1.10972e-05	1.10972e-05	1.10972e-05	1.10972e-05	1.109719e-05	0.0522412	0.0782782	0.106712	0.159897	0.09139573	0.4862246
3100	-256.031	-269.562	13.5311	0.1725362	1.26278e-06	1.26278e-06	1.26278e-06	1.26278e-06	1.26278e-06	0.05662	0.0732655	0.0892613	0.115503	0.08086886	0.3098769
3200	-260.482	-271.95	11.4684	0.1823711	1.05453e-05	1.05453e-05	1.05453e-05	1.05453e-05	1.054535e-05	0.0843049	0.0954616	0.104999	0.118895	0.100117	0.1494316
3300	-256.847	-269.713	12.8653	0.1803997	2.0019e-06	2.0019e-06	2.0019e-06	2.0019e-06	2.001899e-06	0.0596343	0.0806903	0.101729	0.137648	0.0906011	0.3635721
3400	-255.405	-268.781	13.376	0.1916808	1.66535e-06	1.66535e-06	1.66535e-06	1.66535e-06	1.665353e-06	0.0940267	0.101288	0.107229	0.11551	0.1042161	0.08944026
3500	-257.111	-270.602	13.4906	0.1952151	1.30152e-06	1.30152e-06	1.30152e-06	1.30152e-06	1.301517e-06	0.0474311	0.0648222	0.0823513	0.112546	0.07306293	0.3755757
3600	-254.722	-268.335	13.6134	0.1991457	1.13697e-06	1.13697e-06	1.13697e-06	1.13697e-06	1.136967e-06	0.125338	0.1295	0.132783	0.137193	0.1311315	0.03928003
3700	-254.52	-268.181	13.6605	0.203827	1.20308e-06	1.20308e-06	1.20308e-06	1.20308e-06	1.203079e-06	0.123745	0.124512	0.125102	0.125877	0.1248064	0.007422646
3800	-256.917	-270.298	13.381	0.1547489	1.53054e-06	1.53054e-06	1.53054e-06	1.53054e-06	1.530542e-06	0.0888691	0.0996002	0.108692	0.121816	0.1040466	0.1370667
3900	-254.879	-268.794	13.9146	0.1971647	1.20424e-06	1.20424e-06	1.20424e-06	1.20424e-06	1.20424e-06	0.0762996	0.0820617	0.0867696	0.0933224	0.08438279	0.08753551
4000	-256.973	-270.276	13.3026	0.1887465	1.4282e-06	1.4282e-06	1.4282e-06	1.4282e-06	1.428204e-06	0.143477	0.145994	0.147952	0.150547	0.1469699	0.02090719
4100	-255.543	-268.385	12.8415	0.2031223	2.30004e-06	2.30004e-06	2.30004e-06	2.30004e-06	2.300041e-06	0.0998047	0.112382	0.123082	0.138594	0.1176108	0.1427088
4200	-254.129	-267.993	13.864	0.1865162	1.01715e-06	1.01715e-06	1.01715e-06	1.01715e-06	1.017151e-06	0.0912211	0.0992836	0.10594	0.115304	0.102558	0.1018313
4300	-255.066	-268.953	13.8863	0.1750813	1.03609e-06	1.03609e-06	1.03609e-06	1.03609e-06	1.036095e-06	0.0978287	0.103094	0.107319	0.113095	0.1051853	0.06302885
4400	-261.414	-274.154	12.7405	0.08471793	2.32077e-06	2.32077e-06	2.32077e-06	2.32077e-06	2.320773e-06	0.0951445	0.111595	0.126099	0.147901	0.1186253	0.1917445
4500	-257.145	-270.758	13.6132	0.141127	1.07216e-06	1.07216e-06	1.07216e-06	1.07216e-06	1.07216e-06	0.109178	0.119469	0.128007	0.140073	0.1236642	0.1083102
4600	-256.929	-269.964	13.0341	0.1779456	1.79941e-06	1.79941e-06	1.79941e-06	1.79941e-06	1.799406e-06	0.107562	0.120345	0.131157	0.146744	0.1256347	0.1350099
4700	-255.586	-269.383	13.7967	0.1929137	1.1612e-06	1.1612e-06	1.1612e-06	1.1612e-06	1.161197e-06	0.0802226	0.0889417	0.0962585	0.10672	0.0925278	0.1240525
4800	-258.981	-271.756	12.7746	0.1719108	2.15597e-06	2.15597e-06	2.15597e-06	2.15597e-06	2.155971e-06	0.0713918	0.0921046	0.111957	0.144439	0.1015469	0.3062873
4900	-255.3	-268.647	13.3463	0.1944462	1.71472e-06	1.71472e-06	1.71472e-06	1.71472e-06	1.714722e-06	0.078007	0.0887473	0.0979671	0.111456	0.0932433	0.1550948
5000	-259.757	-272.985	13.228	0.1583784	1.69955e-06	1.69955e-06	1.69955e-06	1.69955e-06	1.699555e-06	0.0764065	0.090758	0.103553	0.123004	0.09694472	0.2069573
5100	-255.552	-269.27	13.7182	0.2006522	1.54525e-06	1.54525e-06	1.54525e-06	1.54525e-06	1.545253e-06	0.0719644	0.0775241	0.0820731	0.0884138	0.0797662	0.08947568
5200	-263.872	-273.765	9.89372	0.07049181	3.5368e-05	3.5368e-05	3.5368e-05	3.5368e-05	3.536801e-05	0.0739726	0.0967738	0.118896	0.155544	0.107266	0.3230472
5300	-255.763	-269.733	13.9697	0.1852563	1.12006e-06	1.12006e-06	1.12006e-06	1.12006e-06	1.120063e-06	0.0743679	0.0809914	0.086463	0.0941638	0.0836825	0.1025826
5400	-255.084	-268.758	13.6739	0.1896644	1.26454e-06	1.26454e-06	1.26454e-06	1.26454e-06	1.264543e-06	0.0835195	0.0925211	0.100069	0.110855	0.09622128	0.1230673
5500	-255.906	-269.193	13.2871	0.1879942	1.40119e-06	1.40119e-06	1.40119e-06	1.40119e-06	1.40119e-06	0.0699765	0.0886746	0.106317	0.134725	0.09709592	0.2847304
5600	-267.914	-274.03	6.1153	0.1548814	0.00159986	0.00159986	0.00159986	0.00159986	0.001599859	0.0551529	0.0778385	0.101354	0.143043	0.08882152	0.4142388
5700	-265.027	-273.124	8.09711	0.1114322	0.000242258	0.000242258	0.000242258	0.000242258	0.0002422576	0.0695173	0.089226	0.108031	0.138659	0.09817938	0.3001007
5800	-268.98	-276.048	7.0675	0.0622474	0.000477985	0.000477985	0.000477985	0.000477985	0.000477985	0.00423506	0.0136105	0.0332938	0.106999	0.02128723	1.40367
5900	-261.769	-273.485	11.7156	0.04060686	4.64138e-06	4.64138e-06	4.64138e-06	4.64138e-06	4.641382e-06	0.0214274	0.0427553	0.0725895	0.144842	0.05570988	0.8306045
6000	-257.334	-270.346	13.0121	0.1754021	1.50022e-06	1.50022e-06	1.50022e-06	1.50022e-06	1.50022e-06	0.0748354	0.0987693	0.12217	0.161242	0.1098481	0.3336442
6100	-254.653	-268.069	13.4168	0.2007626	1.35919e-06	1.35919e-06	1.35919e-06	1.35919e-06	1.359188e-06	0.111113	0.119535	0.126418	0.136001	0.1229287	0.0878481
6200	-254.686	-267.954	13.2681	0.2023748	1.82939e-06	1.82939e-06	1.82939e-06	1.82939e-06	1.829386e-06	0.0924942	0.100525	0.107147	0.116451	0.1037834	0.100109
6300	-256.407	-268.975	12.5678	0.2007422	3.30576e-06	3.30576e-06	3.30576e-06	3.30576e-06	3.305759e-06	0.0980384	0.108127	0.116553	0.128546	0.1122608	0.1177603
6400	-261.351	-274.643	13.2919	0.09672651	1.48368e-06	1.48368e-06	1.48368e-06	1.48368e-06	1.483682e-06	0.123383	0.130147	0.135579	0.143011	0.1328349	0.06416454
6500	-257.925	-270.832	12.9066	0.1735992	2.29111e-06	2.29111e-06	2.29111e-06	2.29111e-06	2.291114e-06	0.0566293	0.0738923	0.0906031	0.118223	0.08182221	0.3199216
6600	-255.32	-268.94	13.6197	0.198626	1.06436e-06	1.06436e-06	1.06436e-06	1.06436e-06	1.064363e-06	0.131488	0.13632	0.140142	0.145292	0.1382178	0.04338971
6700	-257.627	-270.563	12.9353	0.1897621	1.66253e-06	1.66253e-06	1.66253e-06	1.66253e-06	1.662528e-06	0.0552447	0.0790585	0.104044	0.148894	0.090695	0.4309392
6800	-264.087	-273.124	9.03645	0.140253	0.000106144	0.000106144	0.000106144	0.000106144	0.0001061437	0.0793033	0.0947464	0.108585	0.12973	0.10143	0.2139255
6900	-268.662	-273.836	5.17491	0.1575403	0.00665273	0.00665273	0.00665273	0.00665273	0.006652734	0.0967888	0.100662	0.103734	0.107885	0.1021863	0.04717346
7000	-263.802	-273.524	9.72232	0.1035818	3.44e-05	3.44e-05	3.44e-05	3.44e-05	3.440003e-05	0.029653	0.0536682	0.0845539	0.153032	0.06736357	0.7132965
7100	-264.908	-274.368	9.45972	0.05636701	2.9824e-05	2.9824e-05	2.9824e-05	2.9824e-05	2.982397e-05	0.0166444	0.0401199	0.078728	0.189767	0.05620105	1.057819
7200	-265.85	-274.047	8.19602	0.07123509	0.000241638	0.000241638	0.000241638	0.000241638	0.0002416378	0.0415773	0.0602752	0.0801157	0.116145	0.06949096	0.4465099
7300	-261.073	-273.119	12.0457	0.0397838	4.76523e-06	4.76523e-06	4.76523e-06	4.76523e-06	4.765232e-06	0.0530055	0.073204	0.09375	0.129475	0.08284247	0.3881829
7400	-253.783	-267.581	13.7978	0.1851584	1.04539e-06	1.04539e-06	1.04539e-06	1.04539e-06	1.045394e-06	0.0928324	0.101668	0.109002	0.119376	0.105271	0.1093076
7500	-258.829	-272.753	13.9241	0.1034439	1.10089e-06	1.10089e-06	1.10089e-06	1.10089e-06	1.100891e-06	0.0988477	0.100915	0.102527	0.104671	0.1017177	0.02488027
7600	-258.597	-271.269	12.6723	0.1926099	2.90623e-06	2.90623e-06	2.90623e-06	2.90623e-06	2.906231e-06	0.0709075	0.0865618	0.100857	0.123124	0.09343663	0.2398469
7700	-258.861	-272.151	13.2897	0.1787652	2.38823e-06	2.38823e-06	2.38823e-06	2.38823e-06	2.388226e-06	0.0817678	0.0846961	0.0870106	0.0901266	0.08584552	0.04230546
7800	-256.341	-269.502	13.1613	0.2010556	2.18094e-06	2.18094e-06	2.18094e-06	2.18094e-06	2.180936e-06	0.077246	0.0867189	0.0947561	0.106376	0.09064844	0.1390829
7900	-264.502	-274.652	10.1499	0.1491312	1.60918e-05	1.60918e-05	1.60918e-05	1.60918e-05	1.60918e-05	0.0257467	0.0534949	0.0936827	0.194648	0.07079227	0.8792489
8000	-258.724	-270.882	12.1578	0.1932372	3.71159e-06	3.71159e-06	3.71159e-06	3.71159e-06	3.711595e-06	0.0904207	0.11125	0.130402	0.160442	0.1204462	0.2492544
8100	-255.174	-268.555	13.3813	0.1879399	1.15502e-06	1.15502e-06	1.15502e-06	1.15502e-06	1.155018e-06	0.077125	0.0977806	0.117278	0.148688	0.1070867	0.285314
8200	-266.351	-273.947	7.5961	0.03042042	0.000367056	0.000367056	0.000367056	0.000367056	0.0003670555	0.0665447	0.0886891	0.110526	0.147306	0.09900716	0.3453896
8300	-256.345	-269.096	12.7515	0.1951873	2.22865e-06	2.22865e-06	2.22865e-06	2.22865e-06	2.228649e-06	0.0969478	0.114067	0.129203	0.152018	0.1213993	0.1955166
8400	-262.315	-273.238	10.9235	0.1150294	1.75822e-05	1.75822e-05	1.75822e-05	1.75822e-05	1.758217e-05	0.0766027	0.0900779	0.101986	0.119927	0.09584726	0.1948309
8500	-256.348	-268.953	12.6052	0.2025346	2.70535e-06	2.70535e-06	2.70535e-06	2.70535e-06	2.70535e-06	0.0829756	0.100753	0.11691	0.141958	0.1085312	0.2333992
8600	-266.907	-273.694	6.78689	0.04728536	0.000800294	0.000800294	0.000800294	0.000800294	0.0008002942	0.0347749	0.0564885	0.0819219	0.133074	0.0680268	0.5833073
8700	-268.469	-274.292	5.82259	0.1883084	0.00169339	0.00169339	0.00169339	0.00169339	0.001693391	0.0289821	0.0528559	0.0837628	0.152762	0.06653841	0.7224768
8800	-271.882	-274.19	2.30743	0.1678452	0.0908654	0.0908654	0.0908654	0.0908654	0.09086536	0.109679	0.118409	0.125565	0.135558	0.121934	0.09207746
8900	-270.03	-274.488	4.45778	0.1118929	0.00600032	0.00600032	0.00600032	0.00600032	0.006000323	0.0222538	0.0451276	0.0775717	0.157305	0.05916605	0.8500348
9000	-270.923	-276.5	5.57704	0.01178691	0.00395323	0.00395323	0.00395323	0.00395323	0.003953227	0.0166594	0.0299555	0.0469595	0.0844383	0.0375059	0.705458
9100	-270.854	-273.73	2.87635	0.1437866	0.037891	0.037891	0.037891	0.037891	0.03789102	0.0908537	0.113281	0.134145	0.167259	0.1232723	0.2652631
9200	-270.412	-273.799	3.38695	0.1537859	0.021067	0.021067	0.021067	0.021067	0.021067	0.0509018	0.0768384	0.105345	0.159022	0.0899696	0.4951301
9300	-257.128	-270.137	13.0091	0.1811802	2.16025e-06	2.16025e-06	2.16025e-06	2.16025e-06	2.160246e-06	0.124268	0.127314	0.129698	0.132876	0.1285003	0.02910997
9400	-262.757	-273.973	11.2167	0.1034508	1.18154e-05	1.18154e-05	1.18154e-05	1.18154e-05	1.181543e-05	0.11347	0.122662	0.130206	0.140754	0.126378	0.09365733
9500	-256.08	-269.018	12.9376	0.1938401	2.11633e-06	2.11633e-06	2.11633e-06	2.11633e-06	2.116332e-06	0.112049	0.121528	0.129331	0.140272	0.1253687	0.09764537
9600	-255.286	-268.847	13.5605	0.2013193	1.09907e-06	1.09907e-06	1.09907e-06	1.09907e-06	1.099072e-06	0.142469	0.145436	0.147752	0.150829	0.1465895	0.02478534
9700	-260.971	-273.731	12.7592	0.1350146	2.17029e-06	2.17029e-06	2.17029e-06	2.17029e-06	2.170287e-06	0.12954	0.140835	0.150152	0.163244	0.145419	0.1005155
9800	-258.908	-272.763	13.8555	0.1428302	1.29911e-06	1.29911e-06	1.29911e-06	1.29911e-06	1.299107e-06	0.0760915	0.0815031	0.0859087	0.0920185	0.08367691	0.0826065
9900	-259.826	-272.809	12.9832	0.1607008	1.61779e-06	1.61779e-06	1.61779e-06	1.61779e-06	1.617791e-06	0.100107	0.119743	0.137358	0.164301	0.1282486	0.2153512
10000	-256.76	-270.42	13.6595	0.2003105	1.55517e-06	1.55517e-06	1.55517e-06	1.55517e-06	1.55517e-06	0.0584852	0.0679581	0.0762422	0.0885913	0.0719811	0.1804928
10100	-255.802	-268.629	12.8279	0.2005648	2.52928e-06	2.52928e-06	2.52928e-06	2.52928e-06	2.52928e-06	0.095721	0.106548	0.115665	0.128748	0.111013	0.1288385
10200	-262.07	-274.688	12.6184	0.03174856	1.50327e-06	1.50327e-06	1.50327e-06	1.50327e-06	1.503269e-06	0.0615511	0.0964013	0.13595	0.212925	0.1144804	0.5394325
10300	-255.81	-269.203	13.3932	0.2030245	1.24814e-06	1.24814e-06	1.24814e-06	1.24814e-06	1.248139e-06	0.130575	0.138334	0.14459	0.153182	0.1414276	0.06940435
10400	-256.319	-269.916	13.5975	0.1791299	1.2021e-06	1.2021e-06	1.2021e-06	1.2021e-06	1.202102e-06	0.127095	0.129273	0.130967	0.133211	0.1301171	0.02043058
10500	-258.202	-271.051	12.8492	0.1518118	2.21228e-06	2.21228e-06	2.21228e-06	2.21228e-06	2.212283e-06	0.0712817	0.0893517	0.10624	0.133172	0.0974307	0.2716582
10600	-259.234	-272.836	13.6021	0.02063187	1.28148e-06	1.28148e-06	1.28148e-06	1.28148e-06	1.281479e-06	0.0956113	0.103575	0.110123	0.119295	0.1067987	0.09619217
10700	-261.555	-273.481	11.9255	0.1599833	3.93464e-06	3.93464e-06	3.93464e-06	3.93464e-06	3.93464e-06	0.0884362	0.115212	0.141095	0.183814	0.1274984	0.3180099
10800	-255.767	-269.449	13.6821	0.1579433	1.06692e-06	1.06692e-06	1.06692e-06	1.06692e-06	1.066918e-06	0.0666999	0.082705	0.097522	0.120923	0.08980844	0.2585957
10900	-254.258	-268.027	13.7691	0.2015829	1.18472e-06	1.18472e-06	1.18472e-06	1.18472e-06	1.184717e-06	0.0972604	0.102166	0.106092	0.111443	0.1041105	0.05916544
11000	-254.795	-268.894	14.0985	0.1941041	1.0344e-06	1.0344e-06	1.0344e-06	1.0344e-06	1.034404e-06	0.08226	0.0857515	0.0885266	0.092284	0.08712799	0.04997857
11100	-253.802	-267.699	13.8969	0.1854582	1.01304e-06	1.01304e-06	1.01304e-06	1.01304e-06	1.013041e-06	0.103597	0.107737	0.111021	0.115458	0.1093669	0.04711331
11200	-258.362	-272.339	13.9776	0.1422945	1.01789e-06	1.01789e-06	1.01789e-06	1.01789e-06	1.017893e-06	0.063315	0.0741406	0.0836721	0.0979784	0.07876231	0.1897788
11300	-258.021	-270.745	12.7242	0.1740316	1.91006e-06	1.91006e-06	1.91006e-06	1.91006e-06	1.910058e-06	0.0799904	0.104953	0.129233	0.169563	0.116462	0.3265598
11400	-261.987	-273.224	11.2363	0.1197052	1.19067e-05	1.19067e-05	1.19067e-05	1.19067e-05	1.190672e-05	0.101707	0.112611	0.12175	0.134803	0.1170915	0.1224476
11500	-268.545	-274.033	5.48732	0.118624	0.00400355	0.00400355	0.00400355	0.00400355	0.004003549	0.0655586	0.0808618	0.0949637	0.117131	0.08762954	0.2522484
11600	-267.406	-274.22	6.81454	0.1464036	0.00125236	0.00125236	0.00125236	0.00125236	0.001252363	0.106064	0.10836	0.110152	0.112535	0.1092519	0.02573906
11700	-264.297	-273.533	9.23612	0.1006428	8.28654e-05	8.28654e-05	8.28654e-05	8.28654e-05	8.28654e-05	0.0844164	0.100427	0.114722	0.13648	0.1073368	0.2088147
11800	-262.913	-274.111	11.1978	0.06827574	5.67981e-06	5.67981e-06	5.67981e-06	5.67981e-06	5.679809e-06	0.0170828	0.0399275	0.0765228	0.178856	0.05527534	1.020783
11900	-256.959	-270.019	13.0599	0.1950529	1.81146e-06	1.81146e-06	1.81146e-06	1.81146e-06	1.811461e-06	0.091405	0.106226	0.11919	0.138516	0.1125214	0.1806784
12000	-256.715	-269.573	12.8581	0.1844861	2.65576e-06	2.65576e-06	2.65576e-06	2.65576e-06	2.655757e-06	0.0877733	0.0979198	0.106481	0.11879	0.1021108	0.131527
12100	-263.319	-273.751	10.4317	0.1312615	1.9584e-05	1.9584e-05	1.9584e-05	1.9584e-05	1.958404e-05	0.0363382	0.0593984	0.086556	0.141485	0.0717028	0.5908305
12200	-257.913	-270.586	12.673	0.1675105	2.77221e-06	2.77221e-06	2.77221e-06	2.77221e-06	2.77221e-06	0.0984054	0.110677	0.121106	0.136209	0.1157744	0.1413036
12300	-255.616	-269.253	13.6375	0.200642	1.2198e-06	1.2198e-06	1.2198e-06	1.2198e-06	1.219798e-06	0.0812337	0.0926579	0.102487	0.1169	0.09744867	0.1582087
12400	-255.85	-269.031	13.1802	0.1964064	1.39647e-06	1.39647e-06	1.39647e-06	1.39647e-06	1.396465e-06	0.0982741	0.116477	0.132675	0.15725	0.1243127	0.2043203
12500	-262.658	-273.918	11.2603	0.04786741	9.92695e-06	9.92695e-06	9.92695e-06	9.92695e-06	9.926954e-06	0.0990021	0.115684	0.130344	0.152307	0.1227956	0.1872302
12600	-267.507	-274.354	6.84648	0.01067896	0.000678031	0.000678031	0.000678031	0.000678031	0.0006780312	0.0244711	0.0454243	0.0729666	0.135444	0.05757132	0.7437152
12700	-270.147	-274.86	4.71315	0.05864894	0.00291584	0.00291584	0.00291584	0.00291584	0.002915845	0.00368207	0.014453	0.0412094	0.161757	0.02440493	1.644118
12800	-271.617	-274.507	2.88968	0.03721978	0.0182222	0.0182222	0.0182222	0.0182222	0.01822223	0.00480635	0.0174101	0.046678	0.169083	0.02850737	1.547551
12900	-272.454	-273.589	1.13475	0.0009761193	0.100502	0.100502	0.100502	0.100502	0.1005017	0.00609494	0.0208874	0.0536722	0.183935	0.03348241	1.480907
13000	-270.694	-274.61	3.91575	0.001384528	0.0126351	0.0126351	0.0126351	0.0126351	0.01263506	0.0671	0.0929738	0.119368	0.165396	0.1053475	0.392125
13100	-266.111	-274.408	8.29725	0.1528963	0.000352634	0.000352634	0.000352634	0.000352634	0.0003526345	0.0813742	0.0843468	0.0866978	0.0898648	0.08551422	0.04313832
13200	-268.592	-274.023	5.43078	0.05797126	0.00262684	0.00262684	0.00262684	0.00262684	0.002626844	0.0503203	0.0770667	0.106835	0.16362	0.09073818	0.5125131
13300	-265.532	-275.792	10.2602	0.04905692	4.97519e-05	4.97519e-05	4.97519e-05	4.97519e-05	4.975189e-05	0.0570789	0.0655217	0.0728266	0.0835987	0.06907766	0.1658594
13400	-253.949	-267.975	14.0266	0.1984333	1.03057e-06	1.03057e-06	1.03057e-06	1.03057e-06	1.030569e-06	0.0899925	0.0934236	0.0961409	0.0998065	0.09477255	0.04498969
13500	-262.817	-273.795	10.9783	0.06754495	1.31283e-05	1.31283e-05	1.31283e-05	1.31283e-05	1.312825e-05	0.0295773	0.0491891	0.0726333	0.120794	0.05977263	0.6115885
13600	-254.391	-267.95	13.5584	0.1964311	1.18494e-06	1.18494e-06	1.18494e-06	1.18494e-06	1.184938e-06	0.102708	0.112909	0.121405	0.133463	0.1170799	0.1138511
13700	-257.299	-270.48	13.1804	0.1591936	1.72894e-06	1.72894e-06	1.72894e-06	1.72894e-06	1.72894e-06	0.0905311	0.103257	0.114207	0.130261	0.1085942	0.1581468
13800	-263.69	-273.875	10.1852	0.05751586	4.10612e-05	4.10612e-05	4.10612e-05	4.10612e-05	4.10612e-05	0.110898	0.11338	0.115319	0.1179	0.1143452	0.02661219
13900	-259.535	-272.999	13.4643	0.04125852	2.03646e-06	2.03646e-06	2.03646e-06	2.03646e-06	2.036464e-06	0.087227	0.088269	0.0890758	0.0901399	0.0886715	0.0142775
14000	-262.159	-273.389	11.2299	0.1586674	1.56271e-05	1.56271e-05	1.56271e-05	1.56271e-05	1.562711e-05	0.106545	0.107711	0.108613	0.109802	0.108161	0.01308984
14100	-270.33	-274.144	3.81461	0.1999399	0.0218724	0.0218724	0.0218724	0.0218724	0.02187241	0.069864	0.0839664	0.0966696	0.116183	0.09009437	0.2210697
14200	-266.094	-276.187	10.093	0.1270473	7.13993e-05	7.13993e-05	7.13993e-05	7.13993e-05	7.139932e-05	0.0669538	0.0693271	0.0712024	0.0737264	0.07025854	0.04188224
14300	-268.282	-275.435	7.15369	0.04391697	0.000952405	0.000952405	0.000952405	0.000952405	0.0009524049	0.0485218	0.061091	0.0728839	0.091764	0.06672742	0.2769624
14400	-267.697	-274.093	6.3964	0.09962523	0.00107884	0.00107884	0.00107884	0.00107884	0.001078843	0.0551844	0.0804764	0.107452	0.156699	0.09299125	0.4536225
14500	-269.256	-273.687	4.43102	0.1459528	0.0144491	0.0144491	0.0144491	0.0144491	0.01444905	0.0986164	0.101066	0.102984	0.105542	0.1020203	0.02949908
14600	-270.674	-273.919	3.24476	0.1848202	0.0228154	0.0228154	0.0228154	0.0228154	0.02281537	0.0613045	0.089269	0.119057	0.173366	0.1030928	0.4518423
14700	-266.301	-273.646	7.34452	0.05575863	0.000405444	0.000405444	0.000405444	0.000405444	0.0004054439	0.0343027	0.057976	0.0866735	0.146489	0.07088709	0.6309934
14800	-255.566	-268.889	13.3232	0.1873577	1.3441e-06	1.3441e-06	1.3441e-06	1.3441e-06	1.344102e-06	0.0567391	0.0765543	0.0963043	0.129937	0.08586328	0.3601445
14900	-258.837	-272.197	13.3595	0.1481677	1.62873e-06	1.62873e-06	1.62873e-06	1.62873e-06	1.628726e-06	0.119884	0.121679	0.123072	0.124915	0.1223737	0.01786906
15000	-257.45	-270.17	12.7198	0.1889671	2.25622e-06	2.25622e-06	2.25622e-06	2.25622e-06	2.256219e-06	0.117502	0.131452	0.143252	0.16026	0.1372255	0.134892
15100	-261.698	-273.314	11.6162	0.04016127	7.16932e-06	7.16932e-06	7.16932e-06	7.16932e-06	7.169325e-06	0.03413	0.0539198	0.0765472	0.120932	0.06424491	0.5498552
15200	-258.15	-270.085	11.935	0.1996695	5.49394e-06	5.49394e-06	5.49394e-06	5.49394e-06	5.493935e-06	0.116082	0.126391	0.134905	0.146885	0.1305786	0.1022951
15300	-258.581	-271.383	12.8023	0.1876836	2.62828e-06	2.62828e-06	2.62828e-06	2.62828e-06	2.628281e-06	0.0657293	0.0813336	0.0957536	0.118486	0.08824957	0.2561172
15400	-253.248	-267.006	13.7571	0.2028901	1.13151e-06	1.13151e-06	1.13151e-06	1.13151e-06	1.13151e-06	0.0922132	0.100058	0.106518	0.11558	0.1032374	0.09816827
15500	-257.405	-270.974	13.5687	0.169946	1.04467e-06	1.04467e-06	1.04467e-06	1.04467e-06	1.044667e-06	0.0914951	0.1076	0.121834	0.143279	0.114496	0.194944
15600	-257.11	-269.558	12.4475	0.1985787	3.52638e-06	3.52638e-06	3.52638e-06	3.52638e-06	3.52638e-06	0.120119	0.126907	0.132367	0.139847	0.1296086	0.06609568
15700	-260.839	-272.91	12.0707	0.1798503	6.77268e-06	6.77268e-06	6.77268e-06	6.77268e-06	6.772683e-06	0.0958875	0.0998262	0.102953	0.107182	0.1013777	0.04840124
15800	-263.124	-274.069	10.9455	0.09675706	1.16076e-05	1.16076e-05	1.16076e-05	1.16076e-05	1.160759e-05	0.084361	0.108166	0.13086	0.167786	0.1189731	0.2988586
15900	-262.266	-272.958	10.6924	0.1708361	2.31921e-05	2.31921e-05	2.31921e-05	2.31921e-05	2.319207e-05	0.10186	0.108766	0.114373	0.122127	0.1115345	0.07887344
16000	-255.169	-268.727	13.5585	0.1754574	1.02471e-06	1.02471e-06	1.02471e-06	1.02471e-06	1.024712e-06	0.0570982	0.0777099	0.0984098	0.133934	0.08744946	0.3705724
16100	-258.939	-271.828	12.8895	0.1716511	2.22162e-06	2.22162e-06	2.22162e-06	2.22162e-06	2.22162e-06	0.14185	0.14361	0.144973	0.146772	0.1442899	0.01482683
16200	-254.93	-268.361	13.4308	0.1986473	1.40531e-06	1.40531e-06	1.40531e-06	1.40531e-06	1.40531e-06	0.117949	0.122987	0.126992	0.132416	0.1249735	0.05028768
16300	-262.954	-275.852	12.8977	0.06500179	1.94231e-06	1.94231e-06	1.94231e-06	1.94231e-06	1.942309e-06	0.1127	0.126583	0.138366	0.15541	0.1323433	0.1396708
16400	-260.17	-273.626	13.4558	0.01743296	1.01417e-06	1.01417e-06	1.01417e-06	1.01417e-06	1.014173e-06	0.0232503	0.0424958	0.0674581	0.123297	0.0535414	0.7251175
16500	-256.687	-269.348	12.6615	0.1947271	2.33881e-06	2.33881e-06	2.33881e-06	2.33881e-06	2.338812e-06	0.0741746	0.0955122	0.115929	0.149279	0.1052268	0.3039913
16600	-261.44	-273.375	11.9356	0.02126966	5.24509e-06	5.24509e-06	5.24509e-06	5.24509e-06	5.24509e-06	0.0331964	0.0527645	0.0752567	0.119618	0.06301491	0.5571599
16700	-256.548	-269.776	13.2278	0.1928568	1.60096e-06	1.60096e-06	1.60096e-06	1.60096e-06	1.600955e-06	0.0574273	0.075442	0.0929838	0.122152	0.08375492	0.3280528
16800	-263.709	-273.584	9.87563	0.01610262	3.72705e-05	3.72705e-05	3.72705e-05	3.72705e-05	3.727048e-05	0.02291	0.0417618	0.0661572	0.120596	0.0525628	0.7218992
16900	-260.023	-273.415	13.3919	0.004415776	1.21273e-06	1.21273e-06	1.21273e-06	1.21273e-06	1.212727e-06	0.0634063	0.0836512	0.103438	0.136465	0.09301999	0.3331609
17000	-260.813	-273.215	12.4025	0.02585668	4.65494e-06	4.65494e-06	4.65494e-06	4.65494e-06	4.654937e-06	0.0730512	0.0833714	0.092255	0.105288	0.08770078	0.158882
17100	-256.911	-269.35	12.4386	0.1972266	3.78733e-06	3.78733e-06	3.78733e-06	3.78733e-06	3.787327e-06	0.0940828	0.104811	0.113853	0.126836	0.1092386	0.1298377
17200	-256.772	-269.997	13.2245	0.1924101	1.67718e-06	1.67718e-06	1.67718e-06	1.67718e-06	1.67718e-06	0.0469906	0.06463	0.0825085	0.113481	0.07302415	0.3832255
17300	-258.76	-271.163	12.4031	0.1751265	2.62812e-06	2.62812e-06	2.62812e-06	2.62812e-06	2.628119e-06	0.0786795	0.103789	0.128328	0.169283	0.1154083	0.3330238
17400	-261.043	-272.378	11.3353	0.200574	9.75657e-06	9.75657e-06	9.75657e-06	9.75657e-06	9.756568e-06	0.0736337	0.0922322	0.109604	0.137287	0.1005434	0.2707764
17500	-256.787	-270.088	13.3009	0.1712049	1.42155e-06	1.42155e-06	1.42155e-06	1.42155e-06	1.421547e-06	0.0689781	0.0870551	0.104051	0.13132	0.09517445	0.2798481
17600	-256.019	-269.932	13.9131	0.1818326	1.12533e-06	1.12533e-06	1.12533e-06	1.12533e-06	1.125334e-06	0.0847655	0.0902161	0.0946285	0.100713	0.09239599	0.07492895
17700	-256.021	-269.354	13.3326	0.1861822	1.31812e-06	1.31812e-06	1.31812e-06	1.31812e-06	1.318122e-06	0.116387	0.127735	0.137173	0.150548	0.1323701	0.1118637
17800	-253.913	-267.676	13.7632	0.1882567	1.09585e-06	1.09585e-06	1.09585e-06	1.09585e-06	1.095852e-06	0.0865437	0.0963848	0.104676	0.116579	0.1004449	0.1294912
17900	-257.088	-270.208	13.12	0.2029291	1.41135e-06	1.41135e-06	1.41135e-06	1.41135e-06	1.411349e-06	0.0737035	0.0963838	0.118381	0.15481	0.1068176	0.322574
18000	-255.728	-269.126	13.3977	0.1859588	1.29865e-06	1.29865e-06	1.29865e-06	1.29865e-06	1.298651e-06	0.05254	0.0716528	0.0908818	0.123942	0.08069657	0.3730357
18100	-256	-269.43	13.4303	0.1985621	1.5559e-06	1.5559e-06	1.5559e-06	1.5559e-06	1.555902e-06	0.113802	0.11642	0.118467	0.121193	0.1174394	0.02734788
18200	-258.877	-270.925	12.0482	0.1858587	4.12877e-06	4.12877e-06	4.12877e-06	4.12877e-06	4.128766e-06	0.0744912	0.0970646	0.11889	0.154917	0.1074243	0.3182559
18300	-253.52	-267.397	13.8772	0.1892453	1.00879e-06	1.00879e-06	1.00879e-06	1.00879e-06	1.008785e-06	0.078932	0.0894822	0.0985107	0.111678	0.09388798	0.1508376
18400	-257.471	-269.892	12.4216	0.2011126	3.32178e-06	3.32178e-06	3.32178e-06	3.32178e-06	3.321781e-06	0.121701	0.131328	0.139217	0.150231	0.1352153	0.0915409
18500	-254.913	-268.199	13.286	0.1988997	1.3847e-06	1.3847e-06	1.3847e-06	1.3847e-06	1.384697e-06	0.0814028	0.0990749	0.11517	0.140173	0.1068199	0.2362191
18600	-256.903	-270.516	13.6133	0.171147	1.31095e-06	1.31095e-06	1.31095e-06	1.31095e-06	1.310951e-06	0.081864	0.0918742	0.100365	0.112637	0.09602572	0.1387025
18700	-254.842	-268.025	13.1837	0.2032638	1.62662e-06	1.62662e-06	1.62662e-06	1.62662e-06	1.626618e-06	0.100589	0.113147	0.123819	0.139277	0.1183627	0.141444
18800	-256.366	-269.795	13.4294	0.159413	1.20071e-06	1.20071e-06	1.20071e-06	1.20071e-06	1.200707e-06	0.0769635	0.0951934	0.112033	0.13857	0.1032707	0.2555941
18900	-259.038	-271.46	12.4227	0.1931558	3.89981e-06	3.89981e-06	3.89981e-06	3.89981e-06	3.899812e-06	0.0648764	0.0802337	0.0944184	0.116769	0.08703759	0.2554493
19000	-259.583	-272.931	13.3478	0.1203399	1.03267e-06	1.03267e-06	1.03267e-06	1.03267e-06	1.032666e-06	0.0655125	0.0908792	0.116782	0.162001	0.1030198	0.3935154
19100	-257.93	-271.574	13.6444	0.1182992	1.07459e-06	1.07459e-06	1.07459e-06	1.07459e-06	1.074585e-06	0.0907784	0.103807	0.115042	0.131553	0.1092803	0.1612502
19200	-262.237	-273.538	11.3017	0.1669785	1.63722e-05	1.63722e-05	1.63722e-05	1.63722e-05	1.637216e-05	0.0933196	0.0947312	0.0958273	0.0972768	0.09527769	0.01805114
19300	-255.424	-268.569	13.1449	0.1972316	1.61955e-06	1.61955e-06	1.61955e-06	1.61955e-06	1.61955e-06	0.0821759	0.0992902	0.114779	0.138683	0.1067538	0.2274641
19400	-254.601	-268.174	13.5732	0.1919643	1.23661e-06	1.23661e-06	1.23661e-06	1.23661e-06	1.236611e-06	0.109751	0.116375	0.12172	0.129066	0.1190173	0.07046012
19500	-259.095	-271.627	12.5322	0.2015497	3.45098e-06	3.45098e-06	3.45098e-06	3.45098e-06	3.450977e-06	0.0818298	0.0949297	0.106369	0.123398	0.1004869	0.1785418
19600	-258.823	-271.611	12.7881	0.1813564	2.16474e-06	2.16474e-06	2.16474e-06	2.16474e-06	2.16474e-06	0.144594	0.151078	0.156243	0.16325	0.153639	0.05274702
19700	-255.921	-269.308	13.3874	0.2010963	1.43001e-06	1.43001e-06	1.43001e-06	1.43001e-06	1.430014e-06	0.0834911	0.0970151	0.108842	0.126472	0.1027586	0.1805038
19800	-258.086	-270.897	12.8111	0.1579855	2.71771e-06	2.71771e-06	2.71771e-06	2.71771e-06	2.717707e-06	0.0895863	0.100045	0.108879	0.12159	0.1043687	0.1327662
19900	-255.13	-268.669	13.5392	0.1932941	1.36258e-06	1.36258e-06	1.36258e-06	1.36258e-06	1.362579e-06	0.114796	0.117955	0.120434	0.123747	0.1191877	0.03263613
20000	-259.429	-272.93	13.5003	0.03061337	1.36998e-06	1.36998e-06	1.36998e-06	1.36998e-06	1.369977e-06	0.0852875	0.0964999	0.106079	0.120024	0.101176	0.1485055
