Iteration	Replicate_ID	Posterior	Likelihood	Prior	event_rate	extinction[1]	extinction[2]	extinction[3]	extinction[4]	extinction_mean	speciation[1]	speciation[2]	speciation[3]	speciation[4]	speciation_mean	speciation_sd
0	0	-271.845	-274.199	2.35342	0.006758128	0.0490217	0.0490217	0.0490217	0.0490217	0.04902169	0.051739	0.0821344	0.117034	0.185788	0.09804339	0.5556553
1	1	-271.181	-274.034	2.85366	0.1871843	0.0490217	0.0490217	0.0490217	0.0490217	0.04902169	0.0725471	0.0901962	0.106573	0.1325	0.09804339	0.2618105
2	0	-264.681	-274.185	9.50454	0.01368846	5.26921e-05	5.26921e-05	5.26921e-05	5.26921e-05	5.269213e-05	0.0781337	0.100322	0.1215	0.156003	0.1104043	0.3005413
3	1	-268.722	-273.793	5.07055	0.07600629	0.00575872	0.00575872	0.00575872	0.00575872	0.005758718	0.0666368	0.0830811	0.0983779	0.122655	0.09040653	0.2651889
4	0	-257.635	-270.778	13.143	0.1482471	1.40206e-06	1.40206e-06	1.40206e-06	1.40206e-06	1.402057e-06	0.0672923	0.0899352	0.112317	0.15011	0.1005051	0.3487307
5	1	-267.348	-274.094	6.74574	0.012711	0.000832047	0.000832047	0.000832047	0.000832047	0.0008320472	0.0313525	0.0525253	0.0779969	0.130669	0.06400634	0.6204089
6	0	-258.354	-271.374	13.0203	0.1667657	1.90599e-06	1.90599e-06	1.90599e-06	1.90599e-06	1.905986e-06	0.140404	0.143506	0.14593	0.149155	0.1447132	0.02628192
7	1	-270.502	-273.131	2.62951	0.05464426	0.0472092	0.0472092	0.0472092	0.0472092	0.04720917	0.0688345	0.0937944	0.118887	0.161997	0.1055981	0.3720045
8	0	-254.867	-268.19	13.323	0.1987724	1.25372e-06	1.25372e-06	1.25372e-06	1.25372e-06	1.253722e-06	0.0865158	0.105343	0.122496	0.149153	0.1135961	0.2367292
9	1	-265.327	-273.746	8.41836	0.1645638	0.000110995	0.000110995	0.000110995	0.000110995	0.0001109946	0.0433381	0.0729881	0.108821	0.183271	0.08912147	0.6267382
10	0	-256.157	-268.897	12.7399	0.2023133	3.24729e-06	3.24729e-06	3.24729e-06	3.24729e-06	3.247291e-06	0.105992	0.109244	0.111804	0.115235	0.1105169	0.03634356
11	1	-257.066	-269.862	12.7967	0.1944201	2.67348e-06	2.67348e-06	2.67348e-06	2.67348e-06	2.673475e-06	0.125182	0.127948	0.130109	0.132984	0.1290239	0.02627754
12	0	-263.639	-273.259	9.61956	0.0655276	6.29052e-05	6.29052e-05	6.29052e-05	6.29052e-05	6.290522e-05	0.0669293	0.0825614	0.0969676	0.119615	0.08947499	0.2523772
13	1	-254.919	-268.684	13.7651	0.1815418	1.02195e-06	1.02195e-06	1.02195e-06	1.02195e-06	1.021948e-06	0.0956984	0.105571	0.113819	0.125561	0.1096174	0.118046
14	0	-269.835	-274.257	4.42184	0.05320026	0.0155352	0.0155352	0.0155352	0.0155352	0.01553516	0.0815557	0.0867256	0.0909076	0.0966703	0.08879194	0.0738992
15	1	-257.329	-270.096	12.7667	0.1795431	2.79985e-06	2.79985e-06	2.79985e-06	2.79985e-06	2.799847e-06	0.127886	0.129289	0.130374	0.131804	0.1298303	0.01311915
16	0	-257.359	-270.643	13.2845	0.1750516	1.35875e-06	1.35875e-06	1.35875e-06	1.35875e-06	1.358749e-06	0.0746577	0.0937437	0.111608	0.140141	0.1022868	0.2737143
17	1	-264.903	-273.609	8.70588	0.08745741	9.80597e-05	9.80597e-05	9.80597e-05	9.80597e-05	9.805973e-05	0.0355505	0.0604771	0.0908644	0.154575	0.07412971	0.6388163
18	0	-256.077	-269.235	13.1588	0.1814582	1.98691e-06	1.98691e-06	1.98691e-06	1.98691e-06	1.986906e-06	0.0978855	0.10546	0.111659	0.120299	0.1085153	0.08961894
19	1	-270.856	-276.257	5.40097	0.1821649	0.00251552	0.00251552	0.00251552	0.00251552	0.002515517	0.014579	0.0327315	0.0608266	0.136562	0.04462004	0.9723995
20	0	-256.316	-270.009	13.6923	0.1905684	1.11561e-06	1.11561e-06	1.11561e-06	1.11561e-06	1.115606e-06	0.0815541	0.0938532	0.104518	0.12028	0.09904213	0.1688865
21	1	-271.244	-273.119	1.87547	0.09584322	0.0890507	0.0890507	0.0890507	0.0890507	0.08905066	0.078568	0.106657	0.134804	0.182999	0.1199079	0.3675054
22	0	-256.431	-269.455	13.024	0.2024532	1.76868e-06	1.76868e-06	1.76868e-06	1.76868e-06	1.768679e-06	0.128485	0.137585	0.144992	0.155261	0.1412401	0.08227572
23	1	-271.61	-273.79	2.18031	0.00207391	0.0921191	0.0921191	0.0921191	0.0921191	0.09211912	0.074905	0.0934146	0.110637	0.137976	0.1016616	0.2655092
24	0	-261.502	-274.661	13.1585	0.0693234	1.74384e-06	1.74384e-06	1.74384e-06	1.74384e-06	1.743839e-06	0.12304	0.128828	0.133446	0.139724	0.1311168	0.05526911
25	1	-267.48	-274.197	6.71619	0.08757701	0.000569211	0.000569211	0.000569211	0.000569211	0.0005692113	0.0269161	0.0531174	0.0894223	0.17647	0.0689194	0.8173277
26	0	-261.125	-273.236	12.1107	0.05190077	4.6807e-06	4.6807e-06	4.6807e-06	4.6807e-06	4.680701e-06	0.0904603	0.105446	0.118588	0.138233	0.1118241	0.1843062
27	1	-264.98	-274.278	9.29742	0.0118146	5.44176e-05	5.44176e-05	5.44176e-05	5.44176e-05	5.441764e-05	0.0485085	0.0753143	0.105505	0.163807	0.08914046	0.5289479
28	0	-261.857	-274.452	12.5952	0.1807039	1.31034e-06	1.31034e-06	1.31034e-06	1.31034e-06	1.310342e-06	0.0412831	0.0761237	0.121659	0.224332	0.0962347	0.7357223
29	1	-262.307	-273.479	11.1726	0.07342064	9.12906e-06	9.12906e-06	9.12906e-06	9.12906e-06	9.129059e-06	0.0300828	0.052298	0.0798927	0.138891	0.06463919	0.6648994
30	0	-258.471	-270.774	12.3028	0.2027817	4.90658e-06	4.90658e-06	4.90658e-06	4.90658e-06	4.906583e-06	0.108081	0.111556	0.114294	0.117968	0.1129166	0.03804633
31	1	-256.337	-269.707	13.3702	0.1818615	1.11271e-06	1.11271e-06	1.11271e-06	1.11271e-06	1.112711e-06	0.104603	0.12307	0.139398	0.164007	0.1309798	0.1954767
32	0	-266.288	-273.948	7.66016	0.09451413	0.00023148	0.00023148	0.00023148	0.00023148	0.0002314803	0.0294027	0.0558246	0.0912373	0.173225	0.07136725	0.7708547
33	1	-257.705	-270.381	12.6762	0.2035071	3.82768e-06	3.82768e-06	3.82768e-06	3.82768e-06	3.827683e-06	0.0918585	0.0958557	0.0990358	0.103345	0.09743274	0.0512135
34	0	-261.866	-273.179	11.3131	0.1422662	1.00819e-05	1.00819e-05	1.00819e-05	1.00819e-05	1.00819e-05	0.0940869	0.109385	0.122771	0.142733	0.1158849	0.1811442
35	1	-263.432	-274.436	11.0039	0.06444519	8.81984e-06	8.81984e-06	8.81984e-06	8.81984e-06	8.819838e-06	0.00795501	0.0216247	0.0465295	0.126484	0.03172041	1.202381
36	0	-261.225	-273.465	12.24	0.1310271	5.51244e-06	5.51244e-06	5.51244e-06	5.51244e-06	5.51244e-06	0.0936029	0.0991856	0.103688	0.109872	0.1014116	0.06965422
37	1	-261.857	-274.484	12.6264	0.03464603	3.24342e-06	3.24342e-06	3.24342e-06	3.24342e-06	3.243419e-06	0.0309435	0.0472189	0.065276	0.0996093	0.05551811	0.5081463
38	0	-257.82	-271.113	13.2939	0.1491236	1.33946e-06	1.33946e-06	1.33946e-06	1.33946e-06	1.339455e-06	0.105682	0.120083	0.132432	0.150478	0.1261063	0.1535953
39	1	-271.161	-274.282	3.12024	0.08282015	0.0185261	0.0185261	0.0185261	0.0185261	0.01852607	0.013944	0.0344529	0.0689018	0.170244	0.04872239	1.087575
40	0	-253.544	-267.334	13.7897	0.2004913	1.0995e-06	1.0995e-06	1.0995e-06	1.0995e-06	1.099499e-06	0.0974923	0.103966	0.109215	0.116467	0.1065582	0.0772966
41	1	-269.872	-274.165	4.2932	0.04259885	0.0063768	0.0063768	0.0063768	0.0063768	0.006376802	0.0231645	0.0478537	0.0834351	0.172362	0.06318766	0.8723345
42	0	-256.707	-269.331	12.6238	0.1937731	3.12429e-06	3.12429e-06	3.12429e-06	3.12429e-06	3.124286e-06	0.115672	0.121587	0.126323	0.132782	0.1239322	0.05995928
43	1	-268.081	-274.177	6.09614	0.1083699	0.00163968	0.00163968	0.00163968	0.00163968	0.00163968	0.0403506	0.0622812	0.0868551	0.134061	0.07354887	0.5218791
44	0	-254.318	-268.069	13.751	0.2005553	1.08417e-06	1.08417e-06	1.08417e-06	1.08417e-06	1.084174e-06	0.0922423	0.101517	0.109249	0.120234	0.1053121	0.1151909
45	1	-264.953	-273.244	8.29109	0.09327097	0.000186726	0.000186726	0.000186726	0.000186726	0.0001867263	0.0458447	0.0677337	0.0913465	0.134961	0.07865896	0.4693023
46	0	-255.479	-268.941	13.4618	0.1991728	1.13268e-06	1.13268e-06	1.13268e-06	1.13268e-06	1.13268e-06	0.122974	0.133683	0.142517	0.154928	0.1380294	0.1004011
47	1	-255.891	-269.383	13.4917	0.1637044	1.01828e-06	1.01828e-06	1.01828e-06	1.01828e-06	1.018285e-06	0.0604795	0.0826854	0.105075	0.143655	0.09321025	0.3760194
48	0	-263.881	-273.102	9.2215	0.1954203	0.000108143	0.000108143	0.000108143	0.000108143	0.0001081432	0.0967018	0.102754	0.107646	0.114383	0.1051713	0.0729855
49	1	-258.929	-271.661	12.7323	0.177763	2.54128e-06	2.54128e-06	2.54128e-06	2.54128e-06	2.541277e-06	0.0713223	0.0888207	0.105082	0.130863	0.09660968	0.2638063
50	0	-263.695	-274.043	10.3486	0.03672541	1.37268e-05	1.37268e-05	1.37268e-05	1.37268e-05	1.372683e-05	0.0128861	0.0323832	0.0656089	0.164877	0.04609369	1.107945
51	1	-257.034	-269.952	12.9186	0.194751	2.7723e-06	2.7723e-06	2.7723e-06	2.7723e-06	2.772304e-06	0.0948969	0.10041	0.10485	0.110941	0.102606	0.06789642
52	0	-264.492	-273.879	9.38752	0.1534162	5.1406e-05	5.1406e-05	5.1406e-05	5.1406e-05	5.140604e-05	0.0336228	0.0575311	0.086824	0.148562	0.07067588	0.6458034
53	1	-268.394	-275.694	7.30083	0.004755191	3.48583e-05	3.48583e-05	3.48583e-05	3.48583e-05	3.485825e-05	0.00314327	0.0220863	0.0983825	0.691287	0.04661441	2.344197
54	0	-254.456	-267.913	13.4572	0.2018338	1.41388e-06	1.41388e-06	1.41388e-06	1.41388e-06	1.413876e-06	0.0950805	0.104578	0.112493	0.12373	0.1084635	0.114478
55	1	-254.891	-268.508	13.6173	0.179933	1.01197e-06	1.01197e-06	1.01197e-06	1.01197e-06	1.011969e-06	0.0760948	0.0939675	0.110454	0.136397	0.1018778	0.2536567
56	0	-254.263	-267.795	13.5317	0.1990334	1.15073e-06	1.15073e-06	1.15073e-06	1.15073e-06	1.150725e-06	0.0772875	0.0938284	0.10886	0.132158	0.1010652	0.2331756
57	1	-257.38	-270.294	12.9137	0.1769871	1.76712e-06	1.76712e-06	1.76712e-06	1.76712e-06	1.767117e-06	0.0753296	0.0973592	0.118507	0.153163	0.1074137	0.3084407
58	0	-255.621	-268.724	13.1029	0.2017946	1.83456e-06	1.83456e-06	1.83456e-06	1.83456e-06	1.834559e-06	0.0718067	0.0880914	0.103027	0.126392	0.0952669	0.2457557
59	1	-257.582	-269.909	12.3264	0.1943726	3.60727e-06	3.60727e-06	3.60727e-06	3.60727e-06	3.60727e-06	0.0726839	0.0914913	0.109133	0.137372	0.09992372	0.2766879
60	0	-264.392	-273.708	9.31543	0.08169185	7.72862e-05	7.72862e-05	7.72862e-05	7.72862e-05	7.728624e-05	0.0878452	0.103011	0.116381	0.136474	0.1094926	0.1914896
61	1	-262.984	-273.92	10.9352	0.01138713	1.10972e-05	1.10972e-05	1.10972e-05	1.10972e-05	1.109719e-05	0.0522412	0.0782782	0.106712	0.159897	0.09139573	0.4862246
62	0	-263.246	-274.826	11.5801	0.1430896	5.32083e-06	5.32083e-06	5.32083e-06	5.32083e-06	5.320834e-06	0.0208988	0.0419921	0.0716753	0.144018	0.05486159	0.8389825
63	1	-256.031	-269.562	13.5311	0.1725362	1.26278e-06	1.26278e-06	1.26278e-06	1.26278e-06	1.26278e-06	0.05662	0.0732655	0.0892613	0.115503	0.08086886	0.3098769
64	0	-257.088	-269.297	12.2097	0.2010405	5.30321e-06	5.30321e-06	5.30321e-06	5.30321e-06	5.303209e-06	0.0933228	0.100988	0.107284	0.116096	0.1040883	0.09490647
65	1	-260.482	-271.95	11.4684	0.1823711	1.05453e-05	1.05453e-05	1.05453e-05	1.05453e-05	1.054535e-05	0.0843049	0.0954616	0.104999	0.118895	0.100117	0.1494316
66	0	-255.929	-269.678	13.7485	0.1890845	1.40179e-06	1.40179e-06	1.40179e-06	1.40179e-06	1.401787e-06	0.0774325	0.083266	0.0880315	0.0946635	0.08561563	0.08733081
67	1	-256.847	-269.713	12.8653	0.1803997	2.0019e-06	2.0019e-06	2.0019e-06	2.0019e-06	2.001899e-06	0.0596343	0.0806903	0.101729	0.137648	0.0906011	0.3635721
68	0	-263.14	-273.99	10.8501	0.1735768	2.74423e-05	2.74423e-05	2.74423e-05	2.74423e-05	2.744228e-05	0.0775277	0.0815146	0.0847076	0.0890637	0.08309576	0.06029291
69	1	-255.405	-268.781	13.376	0.1916808	1.66535e-06	1.66535e-06	1.66535e-06	1.66535e-06	1.665353e-06	0.0940267	0.101288	0.107229	0.11551	0.1042161	0.08944026
70	0	-269.681	-276.308	6.62731	0.1627364	0.00150062	0.00150062	0.00150062	0.00150062	0.001500622	0.0450297	0.0591671	0.0729357	0.0958343	0.06569163	0.3282907
71	1	-257.111	-270.602	13.4906	0.1952151	1.30152e-06	1.30152e-06	1.30152e-06	1.30152e-06	1.301517e-06	0.0474311	0.0648222	0.0823513	0.112546	0.07306293	0.3755757
72	0	-270.294	-274.644	4.34987	0.03092728	0.0154874	0.0154874	0.0154874	0.0154874	0.01548735	0.0648615	0.075367	0.0845541	0.0982491	0.0798285	0.1804893
73	1	-254.722	-268.335	13.6134	0.1991457	1.13697e-06	1.13697e-06	1.13697e-06	1.13697e-06	1.136967e-06	0.125338	0.1295	0.132783	0.137193	0.1311315	0.03928003
74	0	-263.149	-273.761	10.6119	0.01182629	1.38678e-05	1.38678e-05	1.38678e-05	1.38678e-05	1.386779e-05	0.0142983	0.0321869	0.0599368	0.134924	0.04392241	0.9756036
75	1	-254.52	-268.181	13.6605	0.203827	1.20308e-06	1.20308e-06	1.20308e-06	1.20308e-06	1.203079e-06	0.123745	0.124512	0.125102	0.125877	0.1248064	0.007422646
76	0	-264.005	-273.707	9.70239	0.01947201	5.05188e-05	5.05188e-05	5.05188e-05	5.05188e-05	5.051882e-05	0.0712773	0.0898296	0.107251	0.135166	0.09815448	0.2781457
77	1	-256.917	-270.298	13.381	0.1547489	1.53054e-06	1.53054e-06	1.53054e-06	1.53054e-06	1.530542e-06	0.0888691	0.0996002	0.108692	0.121816	0.1040466	0.1370667
78	0	-263.783	-275.083	11.2992	0.05903283	8.524e-06	8.524e-06	8.524e-06	8.524e-06	8.523998e-06	0.107194	0.126502	0.143618	0.169487	0.1347888	0.199129
79	1	-254.879	-268.794	13.9146	0.1971647	1.20424e-06	1.20424e-06	1.20424e-06	1.20424e-06	1.20424e-06	0.0762996	0.0820617	0.0867696	0.0933224	0.08438279	0.08753551
80	0	-259.079	-270.998	11.9192	0.1833771	5.77168e-06	5.77168e-06	5.77168e-06	5.77168e-06	5.771679e-06	0.115051	0.124375	0.132027	0.142726	0.1281439	0.0936885
81	1	-256.973	-270.276	13.3026	0.1887465	1.4282e-06	1.4282e-06	1.4282e-06	1.4282e-06	1.428204e-06	0.143477	0.145994	0.147952	0.150547	0.1469699	0.02090719
82	0	-257.79	-270.355	12.5642	0.1998912	3.62485e-06	3.62485e-06	3.62485e-06	3.62485e-06	3.624845e-06	0.118497	0.120515	0.122084	0.124162	0.1212966	0.02029761
83	1	-255.543	-268.385	12.8415	0.2031223	2.30004e-06	2.30004e-06	2.30004e-06	2.30004e-06	2.300041e-06	0.0998047	0.112382	0.123082	0.138594	0.1176108	0.1427088
84	0	-263.18	-273.341	10.1609	0.01695841	2.64405e-05	2.64405e-05	2.64405e-05	2.64405e-05	2.644049e-05	0.027049	0.0477772	0.0738809	0.130497	0.05941229	0.6840108
85	1	-254.129	-267.993	13.864	0.1865162	1.01715e-06	1.01715e-06	1.01715e-06	1.01715e-06	1.017151e-06	0.0912211	0.0992836	0.10594	0.115304	0.102558	0.1018313
86	0	-268.461	-274.076	5.61544	0.184606	0.00312609	0.00312609	0.00312609	0.00312609	0.003126095	0.0616145	0.0801226	0.0979851	0.127418	0.08860483	0.3158082
87	1	-255.066	-268.953	13.8863	0.1750813	1.03609e-06	1.03609e-06	1.03609e-06	1.03609e-06	1.036095e-06	0.0978287	0.103094	0.107319	0.113095	0.1051853	0.06302885
88	0	-270.386	-273.411	3.02442	0.1449182	0.052549	0.052549	0.052549	0.052549	0.05254903	0.109408	0.112507	0.11494	0.118195	0.113717	0.03357772
89	1	-261.414	-274.154	12.7405	0.08471793	2.32077e-06	2.32077e-06	2.32077e-06	2.32077e-06	2.320773e-06	0.0951445	0.111595	0.126099	0.147901	0.1186253	0.1917445
90	0	-271.992	-275.221	3.22934	0.09601967	0.0255531	0.0255531	0.0255531	0.0255531	0.02555306	0.103638	0.12585	0.146039	0.177337	0.135569	0.2334714
91	1	-257.145	-270.758	13.6132	0.141127	1.07216e-06	1.07216e-06	1.07216e-06	1.07216e-06	1.07216e-06	0.109178	0.119469	0.128007	0.140073	0.1236642	0.1083102
92	0	-270.415	-273.987	3.57155	0.02753053	0.0247976	0.0247976	0.0247976	0.0247976	0.02479764	0.041625	0.0602084	0.0798888	0.115555	0.069354	0.4437984
93	1	-256.929	-269.964	13.0341	0.1779456	1.79941e-06	1.79941e-06	1.79941e-06	1.79941e-06	1.799406e-06	0.107562	0.120345	0.131157	0.146744	0.1256347	0.1350099
94	0	-271.703	-273.34	1.63703	0.02114706	0.116572	0.116572	0.116572	0.116572	0.1165723	0.0775478	0.104728	0.13184	0.17805	0.1175047	0.3612675
95	1	-255.586	-269.383	13.7967	0.1929137	1.1612e-06	1.1612e-06	1.1612e-06	1.1612e-06	1.161197e-06	0.0802226	0.0889417	0.0962585	0.10672	0.0925278	0.1240525
96	0	-270.608	-273.83	3.22114	0.0595901	0.0460607	0.0460607	0.0460607	0.0460607	0.04606074	0.0977202	0.101905	0.105233	0.10974	0.1035558	0.05042135
97	1	-258.981	-271.756	12.7746	0.1719108	2.15597e-06	2.15597e-06	2.15597e-06	2.15597e-06	2.155971e-06	0.0713918	0.0921046	0.111957	0.144439	0.1015469	0.3062873
98	0	-263.39	-273.749	10.3589	0.04294512	4.00502e-05	4.00502e-05	4.00502e-05	4.00502e-05	4.005023e-05	0.0991007	0.100252	0.101143	0.102318	0.1006964	0.01388565
99	1	-255.3	-268.647	13.3463	0.1944462	1.71472e-06	1.71472e-06	1.71472e-06	1.71472e-06	1.714722e-06	0.078007	0.0887473	0.0979671	0.111456	0.0932433	0.1550948
100	0	-264.101	-273.639	9.53851	0.1256937	5.31064e-05	5.31064e-05	5.31064e-05	5.31064e-05	5.310641e-05	0.074165	0.0955134	0.115943	0.149318	0.1052338	0.3041622
101	1	-259.757	-272.985	13.228	0.1583784	1.69955e-06	1.69955e-06	1.69955e-06	1.69955e-06	1.699555e-06	0.0764065	0.090758	0.103553	0.123004	0.09694472	0.2069573
102	0	-266.788	-273.978	7.19065	0.01213596	0.000589944	0.000589944	0.000589944	0.000589944	0.0005899441	0.0611667	0.0818837	0.102392	0.137072	0.09156539	0.3507202
103	1	-255.552	-269.27	13.7182	0.2006522	1.54525e-06	1.54525e-06	1.54525e-06	1.54525e-06	1.545253e-06	0.0719644	0.0775241	0.0820731	0.0884138	0.0797662	0.08947568
104	0	-260.498	-273.599	13.1012	0.0160485	1.36237e-06	1.36237e-06	1.36237e-06	1.36237e-06	1.362371e-06	0.0472599	0.07147	0.098121	0.148386	0.08374195	0.497308
105	1	-263.872	-273.765	9.89372	0.07049181	3.5368e-05	3.5368e-05	3.5368e-05	3.5368e-05	3.536801e-05	0.0739726	0.0967738	0.118896	0.155544	0.107266	0.3230472
106	0	-265.368	-274.303	8.93517	0.1601737	0.000188976	0.000188976	0.000188976	0.000188976	0.0001889759	0.0848127	0.0864999	0.0878154	0.0895623	0.08715516	0.02368397
107	1	-255.763	-269.733	13.9697	0.1852563	1.12006e-06	1.12006e-06	1.12006e-06	1.12006e-06	1.120063e-06	0.0743679	0.0809914	0.086463	0.0941638	0.0836825	0.1025826
108	0	-257.081	-269.797	12.7159	0.1995469	2.98266e-06	2.98266e-06	2.98266e-06	2.98266e-06	2.982664e-06	0.121878	0.124501	0.126548	0.12927	0.12552	0.02559379
109	1	-255.084	-268.758	13.6739	0.1896644	1.26454e-06	1.26454e-06	1.26454e-06	1.26454e-06	1.264543e-06	0.0835195	0.0925211	0.100069	0.110855	0.09622128	0.1230673
110	0	-256.637	-269.32	12.6827	0.1821337	2.83003e-06	2.83003e-06	2.83003e-06	2.83003e-06	2.830033e-06	0.0908777	0.103686	0.114709	0.130876	0.1090581	0.1585316
111	1	-255.906	-269.193	13.2871	0.1879942	1.40119e-06	1.40119e-06	1.40119e-06	1.40119e-06	1.40119e-06	0.0699765	0.0886746	0.106317	0.134725	0.09709592	0.2847304
112	0	-255.162	-268.476	13.3141	0.1960244	1.56387e-06	1.56387e-06	1.56387e-06	1.56387e-06	1.563865e-06	0.112949	0.119612	0.124982	0.132355	0.1222673	0.06891563
113	1	-267.914	-274.03	6.1153	0.1548814	0.00159986	0.00159986	0.00159986	0.00159986	0.001599859	0.0551529	0.0778385	0.101354	0.143043	0.08882152	0.4142388
114	0	-257.008	-270.002	12.9945	0.1660889	1.78754e-06	1.78754e-06	1.78754e-06	1.78754e-06	1.787544e-06	0.0647145	0.085106	0.104981	0.13806	0.09452246	0.3293369
115	1	-265.027	-273.124	8.09711	0.1114322	0.000242258	0.000242258	0.000242258	0.000242258	0.0002422576	0.0695173	0.089226	0.108031	0.138659	0.09817938	0.3001007
116	0	-261.662	-273.124	11.4623	0.04645803	1.23582e-05	1.23582e-05	1.23582e-05	1.23582e-05	1.235815e-05	0.0856689	0.0923524	0.0978242	0.105456	0.09504894	0.09032213
117	1	-268.98	-276.048	7.0675	0.0622474	0.000477985	0.000477985	0.000477985	0.000477985	0.000477985	0.00423506	0.0136105	0.0332938	0.106999	0.02128723	1.40367
118	0	-256.518	-269.327	12.8089	0.1936055	2.25559e-06	2.25559e-06	2.25559e-06	2.25559e-06	2.255591e-06	0.107354	0.120153	0.130983	0.146598	0.125451	0.1354206
119	1	-261.769	-273.485	11.7156	0.04060686	4.64138e-06	4.64138e-06	4.64138e-06	4.64138e-06	4.641382e-06	0.0214274	0.0427553	0.0725895	0.144842	0.05570988	0.8306045
120	0	-255.172	-268.668	13.4963	0.191156	1.17677e-06	1.17677e-06	1.17677e-06	1.17677e-06	1.176773e-06	0.101752	0.114443	0.125228	0.140847	0.1197141	0.1413209
121	1	-257.334	-270.346	13.0121	0.1754021	1.50022e-06	1.50022e-06	1.50022e-06	1.50022e-06	1.50022e-06	0.0748354	0.0987693	0.12217	0.161242	0.1098481	0.3336442
122	0	-256.386	-269.019	12.6326	0.1991725	3.18075e-06	3.18075e-06	3.18075e-06	3.18075e-06	3.180746e-06	0.1045	0.112267	0.118607	0.127422	0.1153933	0.08619937
123	1	-254.653	-268.069	13.4168	0.2007626	1.35919e-06	1.35919e-06	1.35919e-06	1.35919e-06	1.359188e-06	0.111113	0.119535	0.126418	0.136001	0.1229287	0.0878481
124	0	-254.802	-268.92	14.1186	0.1996107	1.03205e-06	1.03205e-06	1.03205e-06	1.03205e-06	1.032045e-06	0.0728979	0.0783096	0.0827265	0.0888679	0.08048776	0.08610053
125	1	-254.686	-267.954	13.2681	0.2023748	1.82939e-06	1.82939e-06	1.82939e-06	1.82939e-06	1.829386e-06	0.0924942	0.100525	0.107147	0.116451	0.1037834	0.100109
126	0	-253.705	-267.479	13.7749	0.1925165	1.08354e-06	1.08354e-06	1.08354e-06	1.08354e-06	1.083541e-06	0.1038	0.109623	0.114304	0.120716	0.111939	0.06562075
127	1	-256.407	-268.975	12.5678	0.2007422	3.30576e-06	3.30576e-06	3.30576e-06	3.30576e-06	3.305759e-06	0.0980384	0.108127	0.116553	0.128546	0.1122608	0.1177603
128	0	-263.474	-273.501	10.027	0.1884875	3.25372e-05	3.25372e-05	3.25372e-05	3.25372e-05	3.25372e-05	0.0610917	0.0832873	0.105611	0.143982	0.09378747	0.3726301
129	1	-261.351	-274.643	13.2919	0.09672651	1.48368e-06	1.48368e-06	1.48368e-06	1.48368e-06	1.483682e-06	0.123383	0.130147	0.135579	0.143011	0.1328349	0.06416454
130	0	-264.165	-273.08	8.91452	0.1540663	0.000123629	0.000123629	0.000123629	0.000123629	0.0001236288	0.0878341	0.100955	0.11232	0.129099	0.1064862	0.1673973
131	1	-257.925	-270.832	12.9066	0.1735992	2.29111e-06	2.29111e-06	2.29111e-06	2.29111e-06	2.291114e-06	0.0566293	0.0738923	0.0906031	0.118223	0.08182221	0.3199216
132	0	-263.906	-273.551	9.64535	0.05245772	5.46373e-05	5.46373e-05	5.46373e-05	5.46373e-05	5.463733e-05	0.0792063	0.0961992	0.111648	0.135601	0.1036361	0.2336944
133	1	-255.32	-268.94	13.6197	0.198626	1.06436e-06	1.06436e-06	1.06436e-06	1.06436e-06	1.064363e-06	0.131488	0.13632	0.140142	0.145292	0.1382178	0.04338971
134	0	-263.354	-273.686	10.3319	0.141153	2.06905e-05	2.06905e-05	2.06905e-05	2.06905e-05	2.069055e-05	0.0457463	0.0708427	0.0990447	0.15338	0.08376508	0.5258451
135	1	-257.627	-270.563	12.9353	0.1897621	1.66253e-06	1.66253e-06	1.66253e-06	1.66253e-06	1.662528e-06	0.0552447	0.0790585	0.104044	0.148894	0.090695	0.4309392
136	0	-257.081	-269.944	12.8633	0.1958716	2.88275e-06	2.88275e-06	2.88275e-06	2.88275e-06	2.882746e-06	0.0829558	0.0917199	0.0990568	0.109522	0.09531777	0.120753
137	1	-264.087	-273.124	9.03645	0.140253	0.000106144	0.000106144	0.000106144	0.000106144	0.0001061437	0.0793033	0.0947464	0.108585	0.12973	0.10143	0.2139255
138	0	-261.896	-273.016	11.1199	0.07235818	1.71366e-05	1.71366e-05	1.71366e-05	1.71366e-05	1.713662e-05	0.0945883	0.0995136	0.10346	0.108848	0.1014678	0.0610311
139	1	-268.662	-273.836	5.17491	0.1575403	0.00665273	0.00665273	0.00665273	0.00665273	0.006652734	0.0967888	0.100662	0.103734	0.107885	0.1021863	0.04717346
140	0	-265.362	-274.637	9.27468	0.08097463	6.73286e-05	6.73286e-05	6.73286e-05	6.73286e-05	6.732861e-05	0.0199331	0.0379459	0.0621433	0.1183	0.04856013	0.7740442
141	1	-263.802	-273.524	9.72232	0.1035818	3.44e-05	3.44e-05	3.44e-05	3.44e-05	3.440003e-05	0.029653	0.0536682	0.0845539	0.153032	0.06736357	0.7132965
142	0	-270.753	-274.241	3.48841	0.174113	0.021272	0.021272	0.021272	0.021272	0.02127201	0.0452833	0.0684731	0.0939984	0.142136	0.08022697	0.4971719
143	1	-264.908	-274.368	9.45972	0.05636701	2.9824e-05	2.9824e-05	2.9824e-05	2.9824e-05	2.982397e-05	0.0166444	0.0401199	0.078728	0.189767	0.05620105	1.057819
144	0	-272.244	-275.34	3.09646	0.009224518	0.0115286	0.0115286	0.0115286	0.0115286	0.01152864	0.0355639	0.077334	0.140238	0.304949	0.1041402	0.9339829
145	1	-265.85	-274.047	8.19602	0.07123509	0.000241638	0.000241638	0.000241638	0.000241638	0.0002416378	0.0415773	0.0602752	0.0801157	0.116145	0.06949096	0.4465099
146	0	-271.044	-274.877	3.83247	0.07611147	0.0232251	0.0232251	0.0232251	0.0232251	0.02322505	0.0582446	0.0721573	0.0850272	0.105337	0.07832838	0.2575375
147	1	-261.073	-273.119	12.0457	0.0397838	4.76523e-06	4.76523e-06	4.76523e-06	4.76523e-06	4.765232e-06	0.0530055	0.073204	0.09375	0.129475	0.08284247	0.3881829
148	0	-270.246	-274.331	4.08526	0.00526868	0.0147165	0.0147165	0.0147165	0.0147165	0.0147165	0.108289	0.118809	0.127556	0.139948	0.1231047	0.111475
149	1	-253.783	-267.581	13.7978	0.1851584	1.04539e-06	1.04539e-06	1.04539e-06	1.04539e-06	1.045394e-06	0.0928324	0.101668	0.109002	0.119376	0.105271	0.1093076
150	0	-264.913	-275.316	10.4024	0.16072	4.4084e-05	4.4084e-05	4.4084e-05	4.4084e-05	4.408404e-05	0.0618931	0.0689605	0.0749172	0.0834717	0.07187716	0.1300036
151	1	-258.829	-272.753	13.9241	0.1034439	1.10089e-06	1.10089e-06	1.10089e-06	1.10089e-06	1.100891e-06	0.0988477	0.100915	0.102527	0.104671	0.1017177	0.02488027
152	0	-269.931	-274.184	4.2533	0.04998449	0.00641728	0.00641728	0.00641728	0.00641728	0.006417275	0.0199107	0.0434106	0.0788809	0.171982	0.05851727	0.9371636
153	1	-258.597	-271.269	12.6723	0.1926099	2.90623e-06	2.90623e-06	2.90623e-06	2.90623e-06	2.906231e-06	0.0709075	0.0865618	0.100857	0.123124	0.09343663	0.2398469
154	0	-269.303	-274.239	4.93588	0.01973687	0.00336992	0.00336992	0.00336992	0.00336992	0.003369919	0.00784226	0.0221847	0.0492141	0.13922	0.03304237	1.250284
155	1	-258.861	-272.151	13.2897	0.1787652	2.38823e-06	2.38823e-06	2.38823e-06	2.38823e-06	2.388226e-06	0.0817678	0.0846961	0.0870106	0.0901266	0.08584552	0.04230546
156	0	-266.528	-274.789	8.26093	0.06928344	9.43742e-05	9.43742e-05	9.43742e-05	9.43742e-05	9.437415e-05	0.0115827	0.0314584	0.0676433	0.183718	0.04612971	1.201328
157	1	-256.341	-269.502	13.1613	0.2010556	2.18094e-06	2.18094e-06	2.18094e-06	2.18094e-06	2.180936e-06	0.077246	0.0867189	0.0947561	0.106376	0.09064844	0.1390829
158	0	-263.77	-273.249	9.47937	0.04775926	5.80363e-05	5.80363e-05	5.80363e-05	5.80363e-05	5.803628e-05	0.0526787	0.0743126	0.0967291	0.136453	0.08478318	0.4136878
159	1	-264.502	-274.652	10.1499	0.1491312	1.60918e-05	1.60918e-05	1.60918e-05	1.60918e-05	1.60918e-05	0.0257467	0.0534949	0.0936827	0.194648	0.07079227	0.8792489
160	0	-265.062	-277.126	12.0637	0.1584674	1.39684e-06	1.39684e-06	1.39684e-06	1.39684e-06	1.396842e-06	0.0018693	0.00973873	0.0344947	0.179711	0.01832851	1.984522
161	1	-258.724	-270.882	12.1578	0.1932372	3.71159e-06	3.71159e-06	3.71159e-06	3.71159e-06	3.711595e-06	0.0904207	0.11125	0.130402	0.160442	0.1204462	0.2492544
162	0	-257.314	-270.568	13.254	0.1756814	1.85991e-06	1.85991e-06	1.85991e-06	1.85991e-06	1.859911e-06	0.109615	0.113295	0.116199	0.1201	0.1147379	0.03970441
163	1	-255.174	-268.555	13.3813	0.1879399	1.15502e-06	1.15502e-06	1.15502e-06	1.15502e-06	1.155018e-06	0.077125	0.0977806	0.117278	0.148688	0.1070867	0.285314
164	0	-262.162	-274.251	12.089	0.001892086	1.46161e-06	1.46161e-06	1.46161e-06	1.46161e-06	1.461611e-06	0.0215528	0.0539267	0.108891	0.272454	0.07662992	1.102694
165	1	-266.351	-273.947	7.5961	0.03042042	0.000367056	0.000367056	0.000367056	0.000367056	0.0003670555	0.0665447	0.0886891	0.110526	0.147306	0.09900716	0.3453896
166	0	-265.209	-273.522	8.31237	0.1985677	0.000138676	0.000138676	0.000138676	0.000138676	0.0001386762	0.0495009	0.0775154	0.109303	0.171161	0.09204689	0.5392341
167	1	-256.345	-269.096	12.7515	0.1951873	2.22865e-06	2.22865e-06	2.22865e-06	2.22865e-06	2.228649e-06	0.0969478	0.114067	0.129203	0.152018	0.1213993	0.1955166
168	0	-261.29	-273.919	12.6292	0.01182536	1.49578e-06	1.49578e-06	1.49578e-06	1.49578e-06	1.495777e-06	0.0645174	0.0995008	0.138673	0.213866	0.1174652	0.5208917
169	1	-262.315	-273.238	10.9235	0.1150294	1.75822e-05	1.75822e-05	1.75822e-05	1.75822e-05	1.758217e-05	0.0766027	0.0900779	0.101986	0.119927	0.09584726	0.1948309
170	0	-266.249	-273.873	7.62399	0.1154381	0.000383483	0.000383483	0.000383483	0.000383483	0.0003834829	0.0382932	0.0587181	0.0814747	0.124932	0.06916678	0.5139736
171	1	-256.348	-268.953	12.6052	0.2025346	2.70535e-06	2.70535e-06	2.70535e-06	2.70535e-06	2.70535e-06	0.0829756	0.100753	0.11691	0.141958	0.1085312	0.2333992
172	0	-270.79	-276.359	5.56838	0.02207366	0.00245663	0.00245663	0.00245663	0.00245663	0.002456627	0.00275693	0.00964589	0.0251829	0.0881094	0.01558562	1.50583
173	1	-266.907	-273.694	6.78689	0.04728536	0.000800294	0.000800294	0.000800294	0.000800294	0.0008002942	0.0347749	0.0564885	0.0819219	0.133074	0.0680268	0.5833073
174	0	-271.136	-275.815	4.67923	0.1200547	0.0138656	0.0138656	0.0138656	0.0138656	0.01386564	0.0698745	0.07454	0.0783245	0.0835541	0.0764088	0.07771258
175	1	-268.469	-274.292	5.82259	0.1883084	0.00169339	0.00169339	0.00169339	0.00169339	0.001693391	0.0289821	0.0528559	0.0837628	0.152762	0.06653841	0.7224768
176	0	-273.36	-274.857	1.49687	0.01707654	0.153993	0.153993	0.153993	0.153993	0.1539927	0.129766	0.144865	0.157612	0.175951	0.1511043	0.1323399
177	1	-271.882	-274.19	2.30743	0.1678452	0.0908654	0.0908654	0.0908654	0.0908654	0.09086536	0.109679	0.118409	0.125565	0.135558	0.121934	0.09207746
178	0	-272.263	-273.45	1.18723	0.03951463	0.125029	0.125029	0.125029	0.125029	0.1250292	0.0443821	0.0787852	0.122297	0.217097	0.09815907	0.690011
179	1	-270.03	-274.488	4.45778	0.1118929	0.00600032	0.00600032	0.00600032	0.00600032	0.006000323	0.0222538	0.0451276	0.0775717	0.157305	0.05916605	0.8500348
180	0	-268.701	-273.641	4.9407	0.02243692	0.00587986	0.00587986	0.00587986	0.00587986	0.005879859	0.0568052	0.0765939	0.0963064	0.129856	0.08588647	0.3593679
181	1	-270.923	-276.5	5.57704	0.01178691	0.00395323	0.00395323	0.00395323	0.00395323	0.003953227	0.0166594	0.0299555	0.0469595	0.0844383	0.0375059	0.705458
182	0	-270.969	-273.773	2.80489	0.01182145	0.0360834	0.0360834	0.0360834	0.0360834	0.03608342	0.0487323	0.0754639	0.105503	0.163375	0.08922803	0.5258002
183	1	-270.854	-273.73	2.87635	0.1437866	0.037891	0.037891	0.037891	0.037891	0.03789102	0.0908537	0.113281	0.134145	0.167259	0.1232723	0.2652631
184	0	-272.254	-273.72	1.46611	0.09526105	0.102276	0.102276	0.102276	0.102276	0.102276	0.0832559	0.12026	0.159402	0.23025	0.1384545	0.442147
185	1	-270.412	-273.799	3.38695	0.1537859	0.021067	0.021067	0.021067	0.021067	0.021067	0.0509018	0.0768384	0.105345	0.159022	0.0899696	0.4951301
186	0	-267.433	-273.874	6.44123	0.0338919	0.0012345	0.0012345	0.0012345	0.0012345	0.001234504	0.0681471	0.0886834	0.108516	0.141218	0.09809996	0.3167026
187	1	-257.128	-270.137	13.0091	0.1811802	2.16025e-06	2.16025e-06	2.16025e-06	2.16025e-06	2.160246e-06	0.124268	0.127314	0.129698	0.132876	0.1285003	0.02910997
188	0	-270.334	-273.444	3.1106	0.0566334	0.0315057	0.0315057	0.0315057	0.0315057	0.03150568	0.0413955	0.0639743	0.0893023	0.138012	0.07558473	0.5233915
189	1	-262.757	-273.973	11.2167	0.1034508	1.18154e-05	1.18154e-05	1.18154e-05	1.18154e-05	1.181543e-05	0.11347	0.122662	0.130206	0.140754	0.126378	0.09365733
190	0	-270.885	-273.311	2.42643	0.0717575	0.060103	0.060103	0.060103	0.060103	0.06010296	0.0575131	0.0816637	0.106831	0.151691	0.09340343	0.4215375
191	1	-256.08	-269.018	12.9376	0.1938401	2.11633e-06	2.11633e-06	2.11633e-06	2.11633e-06	2.116332e-06	0.112049	0.121528	0.129331	0.140272	0.1253687	0.09764537
192	0	-267.371	-274.31	6.93944	0.06330877	0.00119021	0.00119021	0.00119021	0.00119021	0.001190214	0.0728011	0.0812293	0.0883417	0.0985691	0.08471089	0.1317107
193	1	-255.286	-268.847	13.5605	0.2013193	1.09907e-06	1.09907e-06	1.09907e-06	1.09907e-06	1.099072e-06	0.142469	0.145436	0.147752	0.150829	0.1465895	0.02478534
194	0	-268.268	-274.761	6.49378	0.2041937	0.000748563	0.000748563	0.000748563	0.000748563	0.0007485633	0.0582914	0.0904623	0.126681	0.196597	0.1070509	0.5284042
195	1	-260.971	-273.731	12.7592	0.1350146	2.17029e-06	2.17029e-06	2.17029e-06	2.17029e-06	2.170287e-06	0.12954	0.140835	0.150152	0.163244	0.145419	0.1005155
196	0	-270.857	-274.525	3.66807	0.149467	0.0248681	0.0248681	0.0248681	0.0248681	0.02486814	0.131638	0.132228	0.132681	0.133276	0.1324544	0.005373254
197	1	-258.908	-272.763	13.8555	0.1428302	1.29911e-06	1.29911e-06	1.29911e-06	1.29911e-06	1.299107e-06	0.0760915	0.0815031	0.0859087	0.0920185	0.08367691	0.0826065
198	0	-268.267	-274.365	6.09752	0.1251617	0.00192223	0.00192223	0.00192223	0.00192223	0.001922231	0.0884591	0.103648	0.117028	0.137121	0.1101345	0.1905183
199	1	-259.826	-272.809	12.9832	0.1607008	1.61779e-06	1.61779e-06	1.61779e-06	1.61779e-06	1.617791e-06	0.100107	0.119743	0.137358	0.164301	0.1282486	0.2153512
200	0	-267.182	-274.154	6.97175	0.09363186	0.0011387	0.0011387	0.0011387	0.0011387	0.001138701	0.0778062	0.085444	0.0917998	0.100811	0.08856491	0.1125869
201	1	-256.76	-270.42	13.6595	0.2003105	1.55517e-06	1.55517e-06	1.55517e-06	1.55517e-06	1.55517e-06	0.0584852	0.0679581	0.0762422	0.0885913	0.0719811	0.1804928
202	0	-258.587	-271.362	12.7754	0.1661704	1.6921e-06	1.6921e-06	1.6921e-06	1.6921e-06	1.692095e-06	0.0600761	0.0874514	0.116604	0.169737	0.1009809	0.4514458
203	1	-255.802	-268.629	12.8279	0.2005648	2.52928e-06	2.52928e-06	2.52928e-06	2.52928e-06	2.52928e-06	0.095721	0.106548	0.115665	0.128748	0.111013	0.1288385
204	0	-254.503	-268.224	13.7208	0.1816875	1.14268e-06	1.14268e-06	1.14268e-06	1.14268e-06	1.142681e-06	0.0875548	0.0971982	0.1053	0.116898	0.101168	0.1256301
205	1	-262.07	-274.688	12.6184	0.03174856	1.50327e-06	1.50327e-06	1.50327e-06	1.50327e-06	1.503269e-06	0.0615511	0.0964013	0.13595	0.212925	0.1144804	0.5394325
206	0	-255.734	-269.199	13.4651	0.1776394	1.50786e-06	1.50786e-06	1.50786e-06	1.50786e-06	1.507856e-06	0.079302	0.0900445	0.0992505	0.112695	0.09453552	0.1527472
207	1	-255.81	-269.203	13.3932	0.2030245	1.24814e-06	1.24814e-06	1.24814e-06	1.24814e-06	1.248139e-06	0.130575	0.138334	0.14459	0.153182	0.1414276	0.06940435
208	0	-256.679	-270.169	13.49	0.1829704	1.02097e-06	1.02097e-06	1.02097e-06	1.02097e-06	1.020972e-06	0.108785	0.125297	0.139626	0.160819	0.1322674	0.16991
209	1	-256.319	-269.916	13.5975	0.1791299	1.2021e-06	1.2021e-06	1.2021e-06	1.2021e-06	1.202102e-06	0.127095	0.129273	0.130967	0.133211	0.1301171	0.02043058
210	0	-266.982	-274.046	7.06386	0.1402478	0.00100573	0.00100573	0.00100573	0.00100573	0.001005728	0.0811613	0.088865	0.095259	0.104301	0.0920065	0.109028
211	1	-258.202	-271.051	12.8492	0.1518118	2.21228e-06	2.21228e-06	2.21228e-06	2.21228e-06	2.212283e-06	0.0712817	0.0893517	0.10624	0.133172	0.0974307	0.2716582
212	0	-264.77	-273.921	9.15124	0.1215844	7.19365e-05	7.19365e-05	7.19365e-05	7.19365e-05	7.193652e-05	0.075538	0.0991554	0.122137	0.160324	0.1100478	0.3270997
213	1	-259.234	-272.836	13.6021	0.02063187	1.28148e-06	1.28148e-06	1.28148e-06	1.28148e-06	1.281479e-06	0.0956113	0.103575	0.110123	0.119295	0.1067987	0.09619217
214	0	-272.908	-274.957	2.04909	0.02293078	0.0621659	0.0621659	0.0621659	0.0621659	0.06216587	0.104036	0.137373	0.169981	0.224449	0.1528096	0.3342088
215	1	-261.555	-273.481	11.9255	0.1599833	3.93464e-06	3.93464e-06	3.93464e-06	3.93464e-06	3.93464e-06	0.0884362	0.115212	0.141095	0.183814	0.1274984	0.3180099
216	0	-273.31	-274.568	1.25764	0.1036249	0.17816	0.17816	0.17816	0.17816	0.1781597	0.199852	0.202146	0.203922	0.206263	0.2030323	0.01372297
217	1	-255.767	-269.449	13.6821	0.1579433	1.06692e-06	1.06692e-06	1.06692e-06	1.06692e-06	1.066918e-06	0.0666999	0.082705	0.097522	0.120923	0.08980844	0.2585957
218	0	-266.792	-274.202	7.40982	0.1225431	0.000656399	0.000656399	0.000656399	0.000656399	0.0006563987	0.100652	0.105968	0.110231	0.116053	0.1080786	0.06188455
219	1	-254.258	-268.027	13.7691	0.2015829	1.18472e-06	1.18472e-06	1.18472e-06	1.18472e-06	1.184717e-06	0.0972604	0.102166	0.106092	0.111443	0.1041105	0.05916544
220	0	-268.344	-274.082	5.73818	0.05653417	0.00154607	0.00154607	0.00154607	0.00154607	0.001546068	0.0141156	0.0334166	0.0646745	0.153107	0.04648873	1.036145
221	1	-254.795	-268.894	14.0985	0.1941041	1.0344e-06	1.0344e-06	1.0344e-06	1.0344e-06	1.034404e-06	0.08226	0.0857515	0.0885266	0.092284	0.08712799	0.04997857
222	0	-271.152	-274.691	3.53887	0.1464232	0.0132472	0.0132472	0.0132472	0.0132472	0.01324721	0.0427786	0.0744028	0.1137	0.197754	0.0919762	0.6654437
223	1	-253.802	-267.699	13.8969	0.1854582	1.01304e-06	1.01304e-06	1.01304e-06	1.01304e-06	1.013041e-06	0.103597	0.107737	0.111021	0.115458	0.1093669	0.04711331
224	0	-266.539	-273.971	7.43227	0.02451975	0.000670023	0.000670023	0.000670023	0.000670023	0.0006700234	0.0923161	0.0984311	0.103389	0.110238	0.1008797	0.07711648
225	1	-258.362	-272.339	13.9776	0.1422945	1.01789e-06	1.01789e-06	1.01789e-06	1.01789e-06	1.017893e-06	0.063315	0.0741406	0.0836721	0.0979784	0.07876231	0.1897788
226	0	-266.816	-273.918	7.10155	0.1053332	0.000669225	0.000669225	0.000669225	0.000669225	0.0006692246	0.064232	0.0838609	0.102871	0.134308	0.09288106	0.3206134
227	1	-258.021	-270.745	12.7242	0.1740316	1.91006e-06	1.91006e-06	1.91006e-06	1.91006e-06	1.910058e-06	0.0799904	0.104953	0.129233	0.169563	0.116462	0.3265598
228	0	-271.573	-274.056	2.48364	0.007657037	0.0457131	0.0457131	0.0457131	0.0457131	0.04571307	0.0743565	0.104344	0.135274	0.189829	0.1188066	0.4073768
229	1	-261.987	-273.224	11.2363	0.1197052	1.19067e-05	1.19067e-05	1.19067e-05	1.19067e-05	1.190672e-05	0.101707	0.112611	0.12175	0.134803	0.1170915	0.1224476
230	0	-271.293	-273.878	2.58544	0.09047859	0.0345795	0.0345795	0.0345795	0.0345795	0.03457946	0.0200761	0.0434574	0.0785318	0.169993	0.05841908	0.9285127
231	1	-268.545	-274.033	5.48732	0.118624	0.00400355	0.00400355	0.00400355	0.00400355	0.004003549	0.0655586	0.0808618	0.0949637	0.117131	0.08762954	0.2522484
232	0	-271.92	-273.874	1.95361	0.1772716	0.0605179	0.0605179	0.0605179	0.0605179	0.06051787	0.0543395	0.0898589	0.132111	0.218467	0.1089559	0.6047661
233	1	-267.406	-274.22	6.81454	0.1464036	0.00125236	0.00125236	0.00125236	0.00125236	0.001252363	0.106064	0.10836	0.110152	0.112535	0.1092519	0.02573906
234	0	-269.175	-274.913	5.73875	0.1446919	0.00324791	0.00324791	0.00324791	0.00324791	0.003247914	0.0520181	0.0677969	0.0830554	0.108249	0.07503931	0.3185298
235	1	-264.297	-273.533	9.23612	0.1006428	8.28654e-05	8.28654e-05	8.28654e-05	8.28654e-05	8.28654e-05	0.0844164	0.100427	0.114722	0.13648	0.1073368	0.2088147
236	0	-271.552	-273.326	1.77377	0.1524587	0.10834	0.10834	0.10834	0.10834	0.1083403	0.124733	0.143964	0.160683	0.185456	0.1520939	0.1724005
237	1	-262.913	-274.111	11.1978	0.06827574	5.67981e-06	5.67981e-06	5.67981e-06	5.67981e-06	5.679809e-06	0.0170828	0.0399275	0.0765228	0.178856	0.05527534	1.020783
238	0	-270.398	-273.561	3.1629	0.05943539	0.0327753	0.0327753	0.0327753	0.0327753	0.03277532	0.0493391	0.0705331	0.0927497	0.132591	0.08088215	0.4296743
239	1	-256.959	-270.019	13.0599	0.1950529	1.81146e-06	1.81146e-06	1.81146e-06	1.81146e-06	1.811461e-06	0.091405	0.106226	0.11919	0.138516	0.1125214	0.1806784
240	0	-272.209	-274.855	2.64602	0.04144809	0.0278088	0.0278088	0.0278088	0.0278088	0.02780882	0.0309154	0.0617755	0.104997	0.209807	0.08053723	0.8323267
241	1	-256.715	-269.573	12.8581	0.1844861	2.65576e-06	2.65576e-06	2.65576e-06	2.65576e-06	2.655757e-06	0.0877733	0.0979198	0.106481	0.11879	0.1021108	0.131527
242	0	-263.704	-273.485	9.78112	0.1344259	4.65726e-05	4.65726e-05	4.65726e-05	4.65726e-05	4.657257e-05	0.0554407	0.0752387	0.0950719	0.129022	0.0845759	0.3671362
243	1	-263.319	-273.751	10.4317	0.1312615	1.9584e-05	1.9584e-05	1.9584e-05	1.9584e-05	1.958404e-05	0.0363382	0.0593984	0.086556	0.141485	0.0717028	0.5908305
244	0	-253.704	-267.415	13.7109	0.1987748	1.18701e-06	1.18701e-06	1.18701e-06	1.18701e-06	1.187007e-06	0.0886978	0.0972917	0.104436	0.114554	0.1008004	0.1111898
245	1	-257.913	-270.586	12.673	0.1675105	2.77221e-06	2.77221e-06	2.77221e-06	2.77221e-06	2.77221e-06	0.0984054	0.110677	0.121106	0.136209	0.1157744	0.1413036
246	0	-258.79	-271.276	12.4857	0.1733914	3.4863e-06	3.4863e-06	3.4863e-06	3.4863e-06	3.4863e-06	0.12746	0.131323	0.134362	0.138434	0.1328339	0.03589605
247	1	-255.616	-269.253	13.6375	0.200642	1.2198e-06	1.2198e-06	1.2198e-06	1.2198e-06	1.219798e-06	0.0812337	0.0926579	0.102487	0.1169	0.09744867	0.1582087
248	0	-258.99	-272.57	13.5796	0.02485967	1.63488e-06	1.63488e-06	1.63488e-06	1.63488e-06	1.634883e-06	0.0936883	0.0957222	0.0973104	0.0994229	0.09651305	0.02582212
249	1	-255.85	-269.031	13.1802	0.1964064	1.39647e-06	1.39647e-06	1.39647e-06	1.39647e-06	1.396465e-06	0.0982741	0.116477	0.132675	0.15725	0.1243127	0.2043203
250	0	-267.424	-274.286	6.86229	0.0929792	0.000482483	0.000482483	0.000482483	0.000482483	0.0004824831	0.0169293	0.0384596	0.0721212	0.163843	0.05266645	0.9865984
251	1	-262.658	-273.918	11.2603	0.04786741	9.92695e-06	9.92695e-06	9.92695e-06	9.92695e-06	9.926954e-06	0.0990021	0.115684	0.130344	0.152307	0.1227956	0.1872302
252	0	-271.549	-274.413	2.86314	0.07617832	0.038236	0.038236	0.038236	0.038236	0.03823605	0.106729	0.127125	0.145353	0.173131	0.1359339	0.2102655
253	1	-267.507	-274.354	6.84648	0.01067896	0.000678031	0.000678031	0.000678031	0.000678031	0.0006780312	0.0244711	0.0454243	0.0729666	0.135444	0.05757132	0.7437152
254	0	-270.635	-273.692	3.05698	0.0209786	0.0288319	0.0288319	0.0288319	0.0288319	0.02883191	0.0153473	0.0330169	0.0593831	0.127752	0.04427915	0.92109
255	1	-270.147	-274.86	4.71315	0.05864894	0.00291584	0.00291584	0.00291584	0.00291584	0.002915845	0.00368207	0.014453	0.0412094	0.161757	0.02440493	1.644118
256	0	-270.18	-273.812	3.63258	0.07298057	0.0142968	0.0142968	0.0142968	0.0142968	0.01429685	0.0391721	0.066523	0.099816	0.16951	0.08148652	0.6367401
257	1	-271.617	-274.507	2.88968	0.03721978	0.0182222	0.0182222	0.0182222	0.0182222	0.01822223	0.00480635	0.0174101	0.046678	0.169083	0.02850737	1.547551
258	0	-267.01	-273.922	6.91283	0.04165495	0.00101749	0.00101749	0.00101749	0.00101749	0.001017492	0.0850124	0.0956413	0.104676	0.117764	0.1000569	0.1416449
259	1	-272.454	-273.589	1.13475	0.0009761193	0.100502	0.100502	0.100502	0.100502	0.1005017	0.00609494	0.0208874	0.0536722	0.183935	0.03348241	1.480907
260	0	-271.377	-273.507	2.1308	0.0353021	0.0869657	0.0869657	0.0869657	0.0869657	0.08696567	0.0747168	0.0962053	0.116766	0.150348	0.1059882	0.3039275
261	1	-270.694	-274.61	3.91575	0.001384528	0.0126351	0.0126351	0.0126351	0.0126351	0.01263506	0.0671	0.0929738	0.119368	0.165396	0.1053475	0.392125
262	0	-271.525	-273.33	1.80498	0.02041271	0.0963218	0.0963218	0.0963218	0.0963218	0.09632185	0.0233973	0.0451103	0.0745993	0.143828	0.0580103	0.7893251
263	1	-266.111	-274.408	8.29725	0.1528963	0.000352634	0.000352634	0.000352634	0.000352634	0.0003526345	0.0813742	0.0843468	0.0866978	0.0898648	0.08551422	0.04313832
264	0	-271.386	-273.95	2.56353	0.1197996	0.0358676	0.0358676	0.0358676	0.0358676	0.03586758	0.0444711	0.0760162	0.114632	0.195945	0.09334824	0.6445848
265	1	-268.592	-274.023	5.43078	0.05797126	0.00262684	0.00262684	0.00262684	0.00262684	0.002626844	0.0503203	0.0770667	0.106835	0.16362	0.09073818	0.5125131
266	0	-272.033	-273.961	1.92821	0.08176181	0.0654104	0.0654104	0.0654104	0.0654104	0.0654104	0.0141545	0.0341224	0.0669652	0.161434	0.04780182	1.057966
267	1	-265.532	-275.792	10.2602	0.04905692	4.97519e-05	4.97519e-05	4.97519e-05	4.97519e-05	4.975189e-05	0.0570789	0.0655217	0.0728266	0.0835987	0.06907766	0.1658594
268	0	-271.225	-273.7	2.47521	0.08686675	0.0519159	0.0519159	0.0519159	0.0519159	0.05191594	0.0375099	0.0620712	0.0913058	0.151092	0.07528252	0.6055934
269	1	-253.949	-267.975	14.0266	0.1984333	1.03057e-06	1.03057e-06	1.03057e-06	1.03057e-06	1.030569e-06	0.0899925	0.0934236	0.0961409	0.0998065	0.09477255	0.04498969
270	0	-272.424	-274.094	1.66919	0.1554619	0.12051	0.12051	0.12051	0.12051	0.1205103	0.172344	0.180923	0.187785	0.197132	0.184322	0.05840808
271	1	-262.817	-273.795	10.9783	0.06754495	1.31283e-05	1.31283e-05	1.31283e-05	1.31283e-05	1.312825e-05	0.0295773	0.0491891	0.0726333	0.120794	0.05977263	0.6115885
272	0	-272.367	-273.298	0.930848	0.03029433	0.147719	0.147719	0.147719	0.147719	0.1477187	0.0341296	0.0671389	0.112752	0.221803	0.08700602	0.8135024
273	1	-254.391	-267.95	13.5584	0.1964311	1.18494e-06	1.18494e-06	1.18494e-06	1.18494e-06	1.184938e-06	0.102708	0.112909	0.121405	0.133463	0.1170799	0.1138511
274	0	-271.17	-273.045	1.87509	0.04499569	0.0898558	0.0898558	0.0898558	0.0898558	0.08985576	0.0647284	0.0927435	0.122169	0.175044	0.1064441	0.4324079
275	1	-257.299	-270.48	13.1804	0.1591936	1.72894e-06	1.72894e-06	1.72894e-06	1.72894e-06	1.72894e-06	0.0905311	0.103257	0.114207	0.130261	0.1085942	0.1581468
276	0	-267.193	-274.098	6.90477	0.04776651	0.00122495	0.00122495	0.00122495	0.00122495	0.001224954	0.0788674	0.0861165	0.0921187	0.100586	0.08906704	0.1057251
277	1	-263.69	-273.875	10.1852	0.05751586	4.10612e-05	4.10612e-05	4.10612e-05	4.10612e-05	4.10612e-05	0.110898	0.11338	0.115319	0.1179	0.1143452	0.02661219
278	0	-271.2	-273.879	2.67924	0.1409556	0.05208	0.05208	0.05208	0.05208	0.05208002	0.123772	0.136136	0.146439	0.161068	0.1411937	0.1144805
279	1	-259.535	-272.999	13.4643	0.04125852	2.03646e-06	2.03646e-06	2.03646e-06	2.03646e-06	2.036464e-06	0.087227	0.088269	0.0890758	0.0901399	0.0886715	0.0142775
280	0	-270.731	-274.089	3.35753	0.01210159	0.0200509	0.0200509	0.0200509	0.0200509	0.0200509	0.0547105	0.082749	0.113618	0.171846	0.09696289	0.4974777
281	1	-262.159	-273.389	11.2299	0.1586674	1.56271e-05	1.56271e-05	1.56271e-05	1.56271e-05	1.562711e-05	0.106545	0.107711	0.108613	0.109802	0.108161	0.01308984
282	0	-268.164	-273.923	5.75891	0.1457797	0.00343248	0.00343248	0.00343248	0.00343248	0.003432478	0.0909363	0.0985185	0.104753	0.113487	0.101588	0.0962891
283	1	-270.33	-274.144	3.81461	0.1999399	0.0218724	0.0218724	0.0218724	0.0218724	0.02187241	0.069864	0.0839664	0.0966696	0.116183	0.09009437	0.2210697
284	0	-262.809	-274.307	11.4975	0.01826135	5.11532e-06	5.11532e-06	5.11532e-06	5.11532e-06	5.115322e-06	0.0328401	0.0599326	0.095027	0.173423	0.07546664	0.7232939
285	1	-266.094	-276.187	10.093	0.1270473	7.13993e-05	7.13993e-05	7.13993e-05	7.13993e-05	7.139932e-05	0.0669538	0.0693271	0.0712024	0.0737264	0.07025854	0.04188224
286	0	-261.318	-273.004	11.6865	0.08463788	7.99254e-06	7.99254e-06	7.99254e-06	7.99254e-06	7.992539e-06	0.101096	0.110457	0.118211	0.129156	0.1142679	0.1064647
287	1	-268.282	-275.435	7.15369	0.04391697	0.000952405	0.000952405	0.000952405	0.000952405	0.0009524049	0.0485218	0.061091	0.0728839	0.091764	0.06672742	0.2769624
288	0	-257.252	-270.74	13.4873	0.1555751	1.40162e-06	1.40162e-06	1.40162e-06	1.40162e-06	1.40162e-06	0.116383	0.119929	0.12272	0.12646	0.1213167	0.03609437
289	1	-267.697	-274.093	6.3964	0.09962523	0.00107884	0.00107884	0.00107884	0.00107884	0.001078843	0.0551844	0.0804764	0.107452	0.156699	0.09299125	0.4536225
290	0	-264.409	-273.904	9.4954	0.01704204	7.87824e-05	7.87824e-05	7.87824e-05	7.87824e-05	7.878241e-05	0.0721449	0.0845453	0.0954706	0.11188	0.089842	0.1907035
291	1	-269.256	-273.687	4.43102	0.1459528	0.0144491	0.0144491	0.0144491	0.0144491	0.01444905	0.0986164	0.101066	0.102984	0.105542	0.1020203	0.02949908
292	0	-268.063	-274.68	6.61618	0.0365322	0.00201716	0.00201716	0.00201716	0.00201716	0.002017163	0.0798933	0.0817424	0.0831881	0.0851134	0.08246207	0.02750991
293	1	-270.674	-273.919	3.24476	0.1848202	0.0228154	0.0228154	0.0228154	0.0228154	0.02281537	0.0613045	0.089269	0.119057	0.173366	0.1030928	0.4518423
294	0	-261.265	-273.009	11.7446	0.06684057	1.02848e-05	1.02848e-05	1.02848e-05	1.02848e-05	1.028477e-05	0.0939474	0.0957963	0.0972376	0.0991513	0.09651426	0.0234327
295	1	-266.301	-273.646	7.34452	0.05575863	0.000405444	0.000405444	0.000405444	0.000405444	0.0004054439	0.0343027	0.057976	0.0866735	0.146489	0.07088709	0.6309934
296	0	-263.927	-273.789	9.86229	0.1069109	4.417e-05	4.417e-05	4.417e-05	4.417e-05	4.417005e-05	0.0897725	0.104993	0.11838	0.13845	0.1114855	0.188305
297	1	-255.566	-268.889	13.3232	0.1873577	1.3441e-06	1.3441e-06	1.3441e-06	1.3441e-06	1.344102e-06	0.0567391	0.0765543	0.0963043	0.129937	0.08586328	0.3601445
298	0	-254.908	-268.36	13.4515	0.1965057	1.2347e-06	1.2347e-06	1.2347e-06	1.2347e-06	1.234704e-06	0.103086	0.115397	0.125816	0.140841	0.120494	0.1356392
299	1	-258.837	-272.197	13.3595	0.1481677	1.62873e-06	1.62873e-06	1.62873e-06	1.62873e-06	1.628726e-06	0.119884	0.121679	0.123072	0.124915	0.1223737	0.01786906
300	0	-257.15	-270.058	12.9075	0.2038187	2.84227e-06	2.84227e-06	2.84227e-06	2.84227e-06	2.842274e-06	0.104316	0.106942	0.108998	0.111741	0.1079648	0.02988398
301	1	-257.45	-270.17	12.7198	0.1889671	2.25622e-06	2.25622e-06	2.25622e-06	2.25622e-06	2.256219e-06	0.117502	0.131452	0.143252	0.16026	0.1372255	0.134892
302	0	-254.573	-268.061	13.4881	0.1968899	1.3104e-06	1.3104e-06	1.3104e-06	1.3104e-06	1.310405e-06	0.104685	0.113438	0.120637	0.130723	0.1169817	0.09654971
303	1	-261.698	-273.314	11.6162	0.04016127	7.16932e-06	7.16932e-06	7.16932e-06	7.16932e-06	7.169325e-06	0.03413	0.0539198	0.0765472	0.120932	0.06424491	0.5498552
304	0	-256.572	-269.139	12.5667	0.1988451	3.27717e-06	3.27717e-06	3.27717e-06	3.27717e-06	3.277169e-06	0.0918702	0.103557	0.113509	0.127949	0.108419	0.1439792
305	1	-258.15	-270.085	11.935	0.1996695	5.49394e-06	5.49394e-06	5.49394e-06	5.49394e-06	5.493935e-06	0.116082	0.126391	0.134905	0.146885	0.1305786	0.1022951
306	0	-254.855	-268.222	13.3673	0.2001014	1.42191e-06	1.42191e-06	1.42191e-06	1.42191e-06	1.421906e-06	0.0979054	0.109422	0.119155	0.133171	0.114185	0.133714
307	1	-258.581	-271.383	12.8023	0.1876836	2.62828e-06	2.62828e-06	2.62828e-06	2.62828e-06	2.628281e-06	0.0657293	0.0813336	0.0957536	0.118486	0.08824957	0.2561172
308	0	-255.388	-269.14	13.7517	0.1663106	1.03277e-06	1.03277e-06	1.03277e-06	1.03277e-06	1.032769e-06	0.111269	0.117569	0.122637	0.129581	0.1200764	0.06621846
309	1	-253.248	-267.006	13.7571	0.2028901	1.13151e-06	1.13151e-06	1.13151e-06	1.13151e-06	1.13151e-06	0.0922132	0.100058	0.106518	0.11558	0.1032374	0.09816827
310	0	-262.523	-273.819	11.2957	0.04184685	1.61422e-05	1.61422e-05	1.61422e-05	1.61422e-05	1.614218e-05	0.0779923	0.0839139	0.0887537	0.0954924	0.08629986	0.08798914
311	1	-257.405	-270.974	13.5687	0.169946	1.04467e-06	1.04467e-06	1.04467e-06	1.04467e-06	1.044667e-06	0.0914951	0.1076	0.121834	0.143279	0.114496	0.194944
312	0	-255.977	-269.119	13.1418	0.1975048	1.68562e-06	1.68562e-06	1.68562e-06	1.68562e-06	1.685618e-06	0.0985672	0.111736	0.123004	0.139437	0.1172346	0.1507698
313	1	-257.11	-269.558	12.4475	0.1985787	3.52638e-06	3.52638e-06	3.52638e-06	3.52638e-06	3.52638e-06	0.120119	0.126907	0.132367	0.139847	0.1296086	0.06609568
314	0	-254.876	-268.608	13.7318	0.2025946	1.04719e-06	1.04719e-06	1.04719e-06	1.04719e-06	1.047192e-06	0.0805756	0.0937022	0.10519	0.122326	0.09927988	0.1814635
315	1	-260.839	-272.91	12.0707	0.1798503	6.77268e-06	6.77268e-06	6.77268e-06	6.77268e-06	6.772683e-06	0.0958875	0.0998262	0.102953	0.107182	0.1013777	0.04840124
316	0	-256.304	-269.832	13.5284	0.1619795	1.23531e-06	1.23531e-06	1.23531e-06	1.23531e-06	1.235314e-06	0.0668828	0.0830398	0.0980144	0.121692	0.09021693	0.2601609
317	1	-263.124	-274.069	10.9455	0.09675706	1.16076e-05	1.16076e-05	1.16076e-05	1.16076e-05	1.160759e-05	0.084361	0.108166	0.13086	0.167786	0.1189731	0.2988586
318	0	-256.988	-270.027	13.0385	0.1861027	1.83416e-06	1.83416e-06	1.83416e-06	1.83416e-06	1.834163e-06	0.128485	0.135562	0.141247	0.149027	0.1383754	0.06446722
319	1	-262.266	-272.958	10.6924	0.1708361	2.31921e-05	2.31921e-05	2.31921e-05	2.31921e-05	2.319207e-05	0.10186	0.108766	0.114373	0.122127	0.1115345	0.07887344
320	0	-261.67	-274.004	12.3344	0.07082296	4.50195e-06	4.50195e-06	4.50195e-06	4.50195e-06	4.501947e-06	0.0524904	0.0679467	0.0828045	0.107187	0.07500864	0.3103172
321	1	-255.169	-268.727	13.5585	0.1754574	1.02471e-06	1.02471e-06	1.02471e-06	1.02471e-06	1.024712e-06	0.0570982	0.0777099	0.0984098	0.133934	0.08744946	0.3705724
322	0	-254.6	-268.25	13.6504	0.2012959	1.10417e-06	1.10417e-06	1.10417e-06	1.10417e-06	1.104171e-06	0.0929515	0.104548	0.114404	0.128677	0.1093651	0.141361
323	1	-258.939	-271.828	12.8895	0.1716511	2.22162e-06	2.22162e-06	2.22162e-06	2.22162e-06	2.22162e-06	0.14185	0.14361	0.144973	0.146772	0.1442899	0.01482683
324	0	-260.748	-273.019	12.2707	0.04937872	4.71688e-06	4.71688e-06	4.71688e-06	4.71688e-06	4.716876e-06	0.0873177	0.0979297	0.106926	0.119921	0.1023288	0.1379041
325	1	-254.93	-268.361	13.4308	0.1986473	1.40531e-06	1.40531e-06	1.40531e-06	1.40531e-06	1.40531e-06	0.117949	0.122987	0.126992	0.132416	0.1249735	0.05028768
326	0	-263.414	-273.993	10.5788	0.05147846	1.32309e-05	1.32309e-05	1.32309e-05	1.32309e-05	1.323087e-05	0.0616755	0.0928049	0.126924	0.190986	0.1085319	0.4912919
327	1	-262.954	-275.852	12.8977	0.06500179	1.94231e-06	1.94231e-06	1.94231e-06	1.94231e-06	1.942309e-06	0.1127	0.126583	0.138366	0.15541	0.1323433	0.1396708
328	0	-255.347	-268.94	13.5929	0.1739656	1.19026e-06	1.19026e-06	1.19026e-06	1.19026e-06	1.190258e-06	0.103348	0.112128	0.119356	0.129496	0.1156855	0.09803581
329	1	-260.17	-273.626	13.4558	0.01743296	1.01417e-06	1.01417e-06	1.01417e-06	1.01417e-06	1.014173e-06	0.0232503	0.0424958	0.0674581	0.123297	0.0535414	0.7251175
330	0	-256.023	-269.37	13.3472	0.1866457	1.31795e-06	1.31795e-06	1.31795e-06	1.31795e-06	1.31795e-06	0.120446	0.130321	0.138432	0.149782	0.1343153	0.09474324
331	1	-256.687	-269.348	12.6615	0.1947271	2.33881e-06	2.33881e-06	2.33881e-06	2.33881e-06	2.338812e-06	0.0741746	0.0955122	0.115929	0.149279	0.1052268	0.3039913
332	0	-257.638	-270.99	13.3522	0.1707518	1.51317e-06	1.51317e-06	1.51317e-06	1.51317e-06	1.513173e-06	0.0531732	0.0700361	0.0864938	0.113924	0.07783112	0.3311929
333	1	-261.44	-273.375	11.9356	0.02126966	5.24509e-06	5.24509e-06	5.24509e-06	5.24509e-06	5.24509e-06	0.0331964	0.0527645	0.0752567	0.119618	0.06301491	0.5571599
334	0	-255.25	-268.895	13.6459	0.1817009	1.08544e-06	1.08544e-06	1.08544e-06	1.08544e-06	1.085438e-06	0.0913236	0.1039	0.114696	0.130491	0.1091645	0.1551244
335	1	-256.548	-269.776	13.2278	0.1928568	1.60096e-06	1.60096e-06	1.60096e-06	1.60096e-06	1.600955e-06	0.0574273	0.075442	0.0929838	0.122152	0.08375492	0.3280528
336	0	-253.724	-267.519	13.7954	0.1968634	1.12079e-06	1.12079e-06	1.12079e-06	1.12079e-06	1.120795e-06	0.0776661	0.0878591	0.0965654	0.109239	0.09210944	0.1482664
337	1	-263.709	-273.584	9.87563	0.01610262	3.72705e-05	3.72705e-05	3.72705e-05	3.72705e-05	3.727048e-05	0.02291	0.0417618	0.0661572	0.120596	0.0525628	0.7218992
338	0	-261.508	-273.158	11.6499	0.1982145	3.10757e-06	3.10757e-06	3.10757e-06	3.10757e-06	3.107565e-06	0.018264	0.043748	0.085435	0.204644	0.06113602	1.050262
339	1	-260.023	-273.415	13.3919	0.004415776	1.21273e-06	1.21273e-06	1.21273e-06	1.21273e-06	1.212727e-06	0.0634063	0.0836512	0.103438	0.136465	0.09301999	0.3331609
340	0	-255.934	-269.485	13.5507	0.1658713	1.19835e-06	1.19835e-06	1.19835e-06	1.19835e-06	1.198345e-06	0.0853677	0.0989433	0.110789	0.128407	0.1046986	0.1774408
341	1	-260.813	-273.215	12.4025	0.02585668	4.65494e-06	4.65494e-06	4.65494e-06	4.65494e-06	4.654937e-06	0.0730512	0.0833714	0.092255	0.105288	0.08770078	0.158882
342	0	-260.64	-272.388	11.7485	0.1806407	5.32181e-06	5.32181e-06	5.32181e-06	5.32181e-06	5.32181e-06	0.0472387	0.0712426	0.0976038	0.1472	0.08338791	0.4940155
343	1	-256.911	-269.35	12.4386	0.1972266	3.78733e-06	3.78733e-06	3.78733e-06	3.78733e-06	3.787327e-06	0.0940828	0.104811	0.113853	0.126836	0.1092386	0.1298377
344	0	-264.502	-274.204	9.70237	0.006993782	5.19298e-05	5.19298e-05	5.19298e-05	5.19298e-05	5.192978e-05	0.090725	0.105722	0.118869	0.138518	0.1121027	0.1839286
345	1	-256.772	-269.997	13.2245	0.1924101	1.67718e-06	1.67718e-06	1.67718e-06	1.67718e-06	1.67718e-06	0.0469906	0.06463	0.0825085	0.113481	0.07302415	0.3832255
346	0	-254.443	-267.944	13.5006	0.1990287	1.3011e-06	1.3011e-06	1.3011e-06	1.3011e-06	1.301098e-06	0.11329	0.119781	0.125004	0.132166	0.1223646	0.06698143
347	1	-258.76	-271.163	12.4031	0.1751265	2.62812e-06	2.62812e-06	2.62812e-06	2.62812e-06	2.628119e-06	0.0786795	0.103789	0.128328	0.169283	0.1154083	0.3330238
348	0	-264.059	-273.502	9.44306	0.1092183	4.41299e-05	4.41299e-05	4.41299e-05	4.41299e-05	4.412987e-05	0.0424591	0.0698212	0.102213	0.168083	0.08447858	0.5980419
349	1	-261.043	-272.378	11.3353	0.200574	9.75657e-06	9.75657e-06	9.75657e-06	9.75657e-06	9.756568e-06	0.0736337	0.0922322	0.109604	0.137287	0.1005434	0.2707764
350	0	-263.228	-274.04	10.812	0.003682208	1.56221e-05	1.56221e-05	1.56221e-05	1.56221e-05	1.562207e-05	0.0378334	0.0584321	0.0815262	0.125914	0.0690199	0.5226257
351	1	-256.787	-270.088	13.3009	0.1712049	1.42155e-06	1.42155e-06	1.42155e-06	1.42155e-06	1.421547e-06	0.0689781	0.0870551	0.104051	0.13132	0.09517445	0.2798481
352	0	-254.295	-267.877	13.5812	0.2003933	1.11154e-06	1.11154e-06	1.11154e-06	1.11154e-06	1.11154e-06	0.0687186	0.0859585	0.102042	0.127642	0.09365548	0.2691383
353	1	-256.019	-269.932	13.9131	0.1818326	1.12533e-06	1.12533e-06	1.12533e-06	1.12533e-06	1.125334e-06	0.0847655	0.0902161	0.0946285	0.100713	0.09239599	0.07492895
354	0	-262.813	-273.254	10.4408	0.1779031	3.636e-05	3.636e-05	3.636e-05	3.636e-05	3.636005e-05	0.0896301	0.0937677	0.0970669	0.101548	0.09540305	0.05426093
355	1	-256.021	-269.354	13.3326	0.1861822	1.31812e-06	1.31812e-06	1.31812e-06	1.31812e-06	1.318122e-06	0.116387	0.127735	0.137173	0.150548	0.1323701	0.1118637
356	0	-262.195	-273.058	10.8637	0.08618212	2.12064e-05	2.12064e-05	2.12064e-05	2.12064e-05	2.12064e-05	0.0915333	0.0984572	0.104115	0.111991	0.1012466	0.08767398
357	1	-253.913	-267.676	13.7632	0.1882567	1.09585e-06	1.09585e-06	1.09585e-06	1.09585e-06	1.095852e-06	0.0865437	0.0963848	0.104676	0.116579	0.1004449	0.1294912
358	0	-268.08	-273.648	5.56893	0.03059535	0.00310485	0.00310485	0.00310485	0.00310485	0.003104852	0.0483159	0.0685015	0.0895092	0.126905	0.07830396	0.4197311
359	1	-257.088	-270.208	13.12	0.2029291	1.41135e-06	1.41135e-06	1.41135e-06	1.41135e-06	1.411349e-06	0.0737035	0.0963838	0.118381	0.15481	0.1068176	0.322574
360	0	-270.589	-274.158	3.56913	0.08473887	0.013483	0.013483	0.013483	0.013483	0.01348304	0.0333381	0.0614906	0.0982933	0.181298	0.07774389	0.7360549
361	1	-255.728	-269.126	13.3977	0.1859588	1.29865e-06	1.29865e-06	1.29865e-06	1.29865e-06	1.298651e-06	0.05254	0.0716528	0.0908818	0.123942	0.08069657	0.3730357
362	0	-270.039	-273.423	3.3841	0.0844733	0.0276272	0.0276272	0.0276272	0.0276272	0.02762718	0.070611	0.089601	0.10754	0.136462	0.09816181	0.2863747
363	1	-256	-269.43	13.4303	0.1985621	1.5559e-06	1.5559e-06	1.5559e-06	1.5559e-06	1.555902e-06	0.113802	0.11642	0.118467	0.121193	0.1174394	0.02734788
364	0	-264.005	-275.113	11.1079	0.1428135	7.40361e-06	7.40361e-06	7.40361e-06	7.40361e-06	7.403609e-06	0.014684	0.0340827	0.0649735	0.150809	0.04705821	1.012413
365	1	-258.877	-270.925	12.0482	0.1858587	4.12877e-06	4.12877e-06	4.12877e-06	4.12877e-06	4.128766e-06	0.0744912	0.0970646	0.11889	0.154917	0.1074243	0.3182559
366	0	-255.778	-269.266	13.4878	0.1676686	1.03715e-06	1.03715e-06	1.03715e-06	1.03715e-06	1.037151e-06	0.066266	0.0878433	0.109021	0.14452	0.09786082	0.3389135
367	1	-253.52	-267.397	13.8772	0.1892453	1.00879e-06	1.00879e-06	1.00879e-06	1.00879e-06	1.008785e-06	0.078932	0.0894822	0.0985107	0.111678	0.09388798	0.1508376
368	0	-260.887	-273.98	13.0937	0.01708066	1.13502e-06	1.13502e-06	1.13502e-06	1.13502e-06	1.13502e-06	0.00583317	0.0171594	0.0392242	0.115385	0.02594345	1.297309
369	1	-257.471	-269.892	12.4216	0.2011126	3.32178e-06	3.32178e-06	3.32178e-06	3.32178e-06	3.321781e-06	0.121701	0.131328	0.139217	0.150231	0.1352153	0.0915409
370	0	-265.496	-273.96	8.46382	0.1497928	0.000107508	0.000107508	0.000107508	0.000107508	0.0001075081	0.0290686	0.0547845	0.0890328	0.167797	0.06983998	0.7619855
371	1	-254.913	-268.199	13.286	0.1988997	1.3847e-06	1.3847e-06	1.3847e-06	1.3847e-06	1.384697e-06	0.0814028	0.0990749	0.11517	0.140173	0.1068199	0.2362191
372	0	-262.644	-273.679	11.0352	0.0382144	1.66615e-05	1.66615e-05	1.66615e-05	1.66615e-05	1.666152e-05	0.0484698	0.0640421	0.0792819	0.104753	0.07125569	0.3349703
373	1	-256.903	-270.516	13.6133	0.171147	1.31095e-06	1.31095e-06	1.31095e-06	1.31095e-06	1.310951e-06	0.081864	0.0918742	0.100365	0.112637	0.09602572	0.1387025
374	0	-258.209	-270.631	12.4218	0.190878	2.74327e-06	2.74327e-06	2.74327e-06	2.74327e-06	2.74327e-06	0.0923887	0.114227	0.134394	0.166162	0.123901	0.255121
375	1	-254.842	-268.025	13.1837	0.2032638	1.62662e-06	1.62662e-06	1.62662e-06	1.62662e-06	1.626618e-06	0.100589	0.113147	0.123819	0.139277	0.1183627	0.141444
376	0	-263.791	-274.513	10.7227	0.1920445	1.04108e-05	1.04108e-05	1.04108e-05	1.04108e-05	1.041076e-05	0.0249637	0.0502834	0.0859898	0.173206	0.06575608	0.841945
377	1	-256.366	-269.795	13.4294	0.159413	1.20071e-06	1.20071e-06	1.20071e-06	1.20071e-06	1.200707e-06	0.0769635	0.0951934	0.112033	0.13857	0.1032707	0.2555941
378	0	-255.885	-269.137	13.2518	0.195178	1.45781e-06	1.45781e-06	1.45781e-06	1.45781e-06	1.457812e-06	0.102281	0.115886	0.127523	0.144486	0.1215656	0.1501532
379	1	-259.038	-271.46	12.4227	0.1931558	3.89981e-06	3.89981e-06	3.89981e-06	3.89981e-06	3.899812e-06	0.0648764	0.0802337	0.0944184	0.116769	0.08703759	0.2554493
380	0	-257.238	-270.416	13.1778	0.1897613	1.43429e-06	1.43429e-06	1.43429e-06	1.43429e-06	1.434294e-06	0.10954	0.124899	0.13811	0.157476	0.1313386	0.1577721
381	1	-259.583	-272.931	13.3478	0.1203399	1.03267e-06	1.03267e-06	1.03267e-06	1.03267e-06	1.032666e-06	0.0655125	0.0908792	0.116782	0.162001	0.1030198	0.3935154
382	0	-264.209	-274.26	10.051	0.03383421	1.83721e-05	1.83721e-05	1.83721e-05	1.83721e-05	1.837213e-05	0.0359941	0.0671651	0.108324	0.202133	0.08529712	0.7500217
383	1	-257.93	-271.574	13.6444	0.1182992	1.07459e-06	1.07459e-06	1.07459e-06	1.07459e-06	1.074585e-06	0.0907784	0.103807	0.115042	0.131553	0.1092803	0.1612502
384	0	-256.932	-269.557	12.6249	0.1997342	3.29619e-06	3.29619e-06	3.29619e-06	3.29619e-06	3.296191e-06	0.111651	0.116703	0.120728	0.126191	0.1186982	0.05320931
385	1	-262.237	-273.538	11.3017	0.1669785	1.63722e-05	1.63722e-05	1.63722e-05	1.63722e-05	1.637216e-05	0.0933196	0.0947312	0.0958273	0.0972768	0.09527769	0.01805114
386	0	-255.417	-268.802	13.3846	0.174263	1.1821e-06	1.1821e-06	1.1821e-06	1.1821e-06	1.182103e-06	0.0610875	0.0822584	0.103323	0.139132	0.09219121	0.3577671
387	1	-255.424	-268.569	13.1449	0.1972316	1.61955e-06	1.61955e-06	1.61955e-06	1.61955e-06	1.61955e-06	0.0821759	0.0992902	0.114779	0.138683	0.1067538	0.2274641
388	0	-269.609	-273.549	3.94012	0.03269046	0.0143491	0.0143491	0.0143491	0.0143491	0.01434914	0.0339314	0.0548757	0.0793143	0.128271	0.06597292	0.5780003
389	1	-254.601	-268.174	13.5732	0.1919643	1.23661e-06	1.23661e-06	1.23661e-06	1.23661e-06	1.236611e-06	0.109751	0.116375	0.12172	0.129066	0.1190173	0.07046012
390	0	-270.967	-273.163	2.19576	0.08826686	0.0837605	0.0837605	0.0837605	0.0837605	0.0837605	0.121626	0.134786	0.145824	0.161602	0.1401963	0.1235193
391	1	-259.095	-271.627	12.5322	0.2015497	3.45098e-06	3.45098e-06	3.45098e-06	3.45098e-06	3.450977e-06	0.0818298	0.0949297	0.106369	0.123398	0.1004869	0.1785418
392	0	-276.473	-277.121	0.648012	0.04388918	0.176813	0.176813	0.176813	0.176813	0.176813	0.132821	0.181178	0.229839	0.313518	0.2040633	0.3733013
393	1	-258.823	-271.611	12.7881	0.1813564	2.16474e-06	2.16474e-06	2.16474e-06	2.16474e-06	2.16474e-06	0.144594	0.151078	0.156243	0.16325	0.153639	0.05274702
394	0	-264.974	-273.085	8.11112	0.1405126	0.000276158	0.000276158	0.000276158	0.000276158	0.0002761584	0.0763395	0.091398	0.104917	0.125613	0.09792451	0.2164619
395	1	-255.921	-269.308	13.3874	0.2010963	1.43001e-06	1.43001e-06	1.43001e-06	1.43001e-06	1.430014e-06	0.0834911	0.0970151	0.108842	0.126472	0.1027586	0.1805038
396	0	-267.727	-274.147	6.42085	0.101717	0.0010172	0.0010172	0.0010172	0.0010172	0.001017202	0.0284261	0.0508062	0.0792792	0.141696	0.06346554	0.6982139
397	1	-258.086	-270.897	12.8111	0.1579855	2.71771e-06	2.71771e-06	2.71771e-06	2.71771e-06	2.717707e-06	0.0895863	0.100045	0.108879	0.12159	0.1043687	0.1327662
398	0	-270.403	-273.352	2.94945	0.122994	0.0389438	0.0389438	0.0389438	0.0389438	0.03894382	0.0857201	0.105569	0.123836	0.15251	0.1143381	0.2504215
399	1	-255.13	-268.669	13.5392	0.1932941	1.36258e-06	1.36258e-06	1.36258e-06	1.36258e-06	1.362579e-06	0.114796	0.117955	0.120434	0.123747	0.1191877	0.03263613
400	0	-272.708	-273.309	0.60045	0.05002755	0.122581	0.122581	0.122581	0.122581	0.1225815	0.0035679	0.0157628	0.049206	0.21739	0.02785001	1.78629
401	1	-259.429	-272.93	13.5003	0.03061337	1.36998e-06	1.36998e-06	1.36998e-06	1.36998e-06	1.369977e-06	0.0852875	0.0964999	0.106079	0.120024	0.101176	0.1485055
