/ufrc/burleigh/nhans/GitHubNH/revBB
c31a-s19.ufhpc
Fri May 31 16:01:22 EDT 2019

RevBayes version (1.0.11)
Build from development (0ef095) on Tue May 28 09:41:26 EDT 2019

Visit the website www.RevBayes.com for more information about RevBayes.

RevBayes is free software released under the GPL license, version 3. Type 'license()' for details.

To quit RevBayes type 'quit()' or 'q()'.


> source("0_scripts/mcmc_BDS_updated.Rev")
   Processing file "0_scripts/mcmc_BDS_updated.Rev"
   Successfully read one character matrix from file '2_seqdata_simseqbd/seq_sim_1.nex'
   Attempting to read the contents of file "simbdstree1.nex"
   Successfully read file

   Running MCMC simulation
   This simulation runs 2 independent replicates.
   The simulator uses 106 different moves in a random move schedule with 318.5 moves per iteration

Iter        |      Posterior   |     Likelihood   |          Prior   |     event_rate   |   speciation..   |    elapsed   |        ETA   |
------------------------------------------------------------------------------------------------------------------------------------------
0           |       -65651.6   |       -65302.6   |        -349.04   |       0.046474   |     0.09804339   |   00:00:01   |   --:--:--   |
100         |       -15222.2   |       -15195.3   |       -26.9768   |     0.03849521   |      0.1569216   |   00:00:16   |   --:--:--   |
200         |       -14935.1   |       -14988.3   |        53.2325   |     0.04373298   |      0.0707444   |   00:00:28   |   00:46:12   |
300         |       -14917.1   |       -14998.3   |        81.2655   |      0.1036428   |     0.09104378   |   00:00:41   |   00:44:52   |
400         |       -14897.5   |       -14982.6   |         85.038   |     0.07947488   |     0.03223527   |   00:00:53   |   00:43:17   |
500         |       -14893.2   |       -14990.3   |        97.0864   |     0.03395912   |      0.0302441   |   00:01:06   |   00:42:54   |
600         |       -14918.5   |         -14987   |        68.5209   |     0.06393931   |      0.0103924   |   00:01:18   |   00:42:02   |
700         |       -14887.3   |       -14983.4   |         96.103   |      0.1450212   |     0.02400123   |   00:01:31   |   00:41:48   |
800         |       -14891.3   |       -14983.1   |        91.7943   |       0.152642   |     0.02757034   |   00:01:44   |   00:41:36   |
900         |       -14888.7   |       -14985.3   |          96.65   |      0.1387705   |    0.005164855   |   00:01:57   |   00:41:23   |
1000        |       -14883.3   |       -14985.3   |        101.966   |     0.06657302   |     0.04059451   |   00:02:08   |   00:40:32   |
1100        |       -14888.6   |       -14971.8   |        83.2371   |     0.02079366   |      0.1075784   |   00:02:21   |   00:40:22   |
1200        |       -14902.4   |       -14975.1   |        72.6625   |      0.1284541   |       0.227352   |   00:02:33   |   00:39:57   |
1300        |       -14913.2   |       -14984.7   |        71.4985   |      0.1431485   |       0.384222   |   00:02:48   |   00:40:16   |
1400        |       -14890.7   |       -14984.1   |        93.3473   |     0.03964468   |      0.3697216   |   00:03:02   |   00:40:17   |
1500        |       -14899.3   |       -14987.5   |         88.217   |     0.09616057   |       0.360999   |   00:03:15   |   00:40:05   |
1600        |       -14894.3   |       -14979.4   |        85.0437   |    0.004184751   |      0.5621902   |   00:03:29   |   00:40:03   |
1700        |       -14896.8   |         -14990   |        93.1731   |     0.03095977   |       0.234024   |   00:03:42   |   00:39:49   |
1800        |       -14884.8   |       -14980.1   |        95.3175   |      0.1295572   |     0.08568673   |   00:03:56   |   00:39:46   |
1900        |       -14886.5   |       -14977.6   |        91.1011   |      0.1468703   |      0.1726766   |   00:04:09   |   00:39:32   |


Iter        |      Posterior   |     Likelihood   |          Prior   |     event_rate   |   speciation..   |    elapsed   |        ETA   |
------------------------------------------------------------------------------------------------------------------------------------------
2000        |         -14902   |       -14997.6   |        95.5951   |     0.03149263   |      0.1942169   |   00:04:23   |   00:39:27   |
2100        |       -14885.1   |       -14982.3   |        97.2344   |      0.1995338   |     0.07848247   |   00:04:38   |   00:39:29   |
2200        |       -14882.6   |       -14987.3   |        104.773   |      0.1958971   |      0.0343973   |   00:04:51   |   00:39:14   |
2300        |       -14863.4   |       -14977.4   |        114.024   |      0.1254766   |      0.1279764   |   00:05:04   |   00:38:59   |
2400        |       -14881.2   |       -14984.9   |        103.692   |      0.1883842   |      0.1336498   |   00:05:18   |   00:38:52   |
2500        |         -14873   |         -14976   |        103.061   |     0.07939771   |      0.2826594   |   00:05:31   |   00:38:37   |
2600        |       -14864.2   |       -14975.1   |        110.919   |      0.1345309   |      0.4307891   |   00:05:44   |   00:38:22   |
2700        |       -14884.8   |       -14988.2   |        103.367   |      0.2037782   |      0.2707755   |   00:05:58   |   00:38:13   |
2800        |       -14855.1   |       -14968.9   |        113.775   |      0.1749617   |      0.2313908   |   00:06:11   |   00:37:58   |
2900        |       -14847.1   |       -14977.3   |        130.268   |       0.190805   |      0.1938493   |   00:06:25   |   00:37:50   |
3000        |       -14851.6   |         -14980   |        128.359   |      0.1465341   |      0.1624402   |   00:06:38   |   00:37:35   |
3100        |       -14858.2   |       -14975.3   |        117.111   |      0.1340927   |      0.2316745   |   00:06:51   |   00:37:20   |
3200        |       -14852.8   |       -14976.4   |        123.647   |      0.1412913   |     0.08672284   |   00:07:03   |   00:37:00   |
3300        |       -14851.9   |         -14986   |        134.127   |      0.1409415   |      0.1460882   |   00:07:17   |   00:36:51   |
3400        |       -14861.7   |       -14992.4   |        130.635   |      0.1787104   |      0.1275092   |   00:07:29   |   00:36:32   |
3500        |       -14850.6   |       -14990.6   |        140.018   |       0.137839   |      0.1925167   |   00:07:43   |   00:36:22   |
3600        |       -14856.7   |       -14977.4   |        120.651   |     0.00378315   |      0.3672532   |   00:07:56   |   00:36:08   |
3700        |       -14848.5   |       -14976.8   |        128.296   |      0.1116563   |      0.2489187   |   00:08:09   |   00:35:54   |
3800        |       -14837.9   |       -14979.4   |        141.477   |      0.1014043   |     0.06719517   |   00:08:21   |   00:35:35   |
3900        |       -14836.3   |       -14981.7   |        145.447   |     0.08157699   |     0.09591109   |   00:08:33   |   00:35:17   |


Iter        |      Posterior   |     Likelihood   |          Prior   |     event_rate   |   speciation..   |    elapsed   |        ETA   |
------------------------------------------------------------------------------------------------------------------------------------------
4000        |         -14838   |         -14980   |        141.987   |      0.1458576   |     0.02574778   |   00:08:45   |   00:35:00   |
4100        |       -14845.8   |       -14989.1   |        143.327   |      0.0307867   |     0.01200502   |   00:08:56   |   00:34:38   |
4200        |         -14841   |       -14978.9   |        137.937   |      0.1031395   |     0.03975625   |   00:09:09   |   00:34:25   |
4300        |       -14833.9   |       -14969.6   |        135.664   |       0.054698   |     0.02801092   |   00:09:22   |   00:34:11   |
4400        |       -14855.6   |       -14996.2   |        140.647   |      0.1445575   |      0.1941766   |   00:09:35   |   00:33:58   |
4500        |       -14847.3   |       -14975.7   |        128.414   |     0.02992462   |      0.1961634   |   00:09:48   |   00:33:45   |
4600        |       -14837.9   |       -14969.6   |        131.674   |       0.138142   |      0.2187659   |   00:10:00   |   00:33:28   |
4700        |       -14844.7   |       -14983.3   |        138.597   |     0.09836171   |      0.2042762   |   00:10:13   |   00:33:15   |
4800        |       -14838.7   |       -14981.6   |        142.911   |      0.1395094   |     0.05186402   |   00:10:26   |   00:33:02   |
4900        |       -14834.4   |       -14976.8   |        142.448   |     0.09453619   |      0.1180535   |   00:10:40   |   00:32:52   |
5000        |         -14838   |       -14975.2   |         137.17   |      0.1355316   |      0.1896117   |   00:10:53   |   00:32:39   |
5100        |         -14831   |       -14960.9   |        129.855   |     0.03793071   |       0.256137   |   00:11:06   |   00:32:25   |
5200        |       -14838.3   |         -14984   |        145.715   |      0.1642912   |      0.1078658   |   00:11:28   |   00:32:38   |
5300        |       -14838.1   |       -14981.6   |        143.577   |     0.08296334   |      0.1410631   |   00:11:41   |   00:32:24   |
5400        |       -14819.7   |       -14968.9   |        149.234   |      0.1734544   |       0.191992   |   00:11:55   |   00:32:13   |
5500        |       -14825.8   |       -14972.9   |        147.115   |       0.148609   |      0.2713543   |   00:12:09   |   00:32:01   |
5600        |       -14822.2   |       -14982.5   |        160.231   |     0.08707693   |      0.2211675   |   00:12:22   |   00:31:47   |
5700        |       -14834.6   |       -14978.1   |         143.49   |      0.0627052   |     0.06083155   |   00:12:35   |   00:31:34   |
5800        |       -14842.7   |       -14981.5   |        138.834   |     0.08528885   |     0.03201923   |   00:12:47   |   00:31:17   |
5900        |       -14827.8   |       -14985.6   |        157.819   |     0.04446697   |    0.006515677   |   00:12:59   |   00:31:01   |


Iter        |      Posterior   |     Likelihood   |          Prior   |     event_rate   |   speciation..   |    elapsed   |        ETA   |
------------------------------------------------------------------------------------------------------------------------------------------
6000        |       -14818.2   |       -14978.2   |        160.071   |     0.03895346   |     0.02553213   |   00:13:10   |   00:30:43   |
6100        |         -14817   |       -14973.6   |        156.599   |      0.1045421   |      0.1972073   |   00:13:23   |   00:30:29   |
6200        |       -14800.6   |       -14982.9   |         182.27   |     0.04940765   |      0.1076446   |   00:13:44   |   00:30:34   |
6300        |       -14822.8   |       -14989.8   |        166.995   |     0.07416052   |      0.0207085   |   00:13:56   |   00:30:17   |
6400        |       -14817.4   |       -14990.2   |        172.808   |     0.08003667   |     0.04349339   |   00:14:08   |   00:30:02   |
6500        |       -14815.3   |       -14985.3   |        170.007   |     0.04414358   |      0.1725269   |   00:14:20   |   00:29:46   |
6600        |       -14810.2   |       -14989.4   |        179.195   |     0.08937543   |     0.05907382   |   00:14:32   |   00:29:30   |
6700        |       -14810.5   |       -14982.2   |        171.727   |     0.07243941   |      0.1315116   |   00:14:44   |   00:29:14   |
6800        |       -14826.1   |       -14985.9   |        159.805   |      0.1187014   |      0.1259665   |   00:14:56   |   00:28:59   |
6900        |       -14826.6   |       -14986.3   |        159.665   |     0.06958619   |    0.009444382   |   00:15:08   |   00:28:43   |
7000        |       -14823.7   |       -14979.8   |        156.073   |     0.02822218   |     0.03685341   |   00:15:20   |   00:28:28   |
7100        |       -14818.2   |       -14977.9   |        159.707   |      0.1243481   |     0.07892712   |   00:15:32   |   00:28:13   |
7200        |       -14821.6   |       -14985.6   |        164.085   |      0.1724935   |       0.214905   |   00:15:44   |   00:27:58   |
7300        |       -14805.5   |       -14970.8   |          165.3   |       0.102834   |      0.1634402   |   00:15:58   |   00:27:46   |
7400        |       -14823.1   |       -14977.5   |        154.429   |      0.1497814   |      0.3017578   |   00:16:11   |   00:27:33   |
7500        |       -14800.9   |       -14975.8   |        174.908   |    0.003802731   |      0.1337263   |   00:16:24   |   00:27:20   |
7600        |       -14816.9   |       -14975.4   |         158.49   |      0.1136464   |      0.1943827   |   00:16:37   |   00:27:06   |
7700        |       -14824.2   |       -14989.4   |        165.168   |     0.00952219   |       0.111101   |   00:16:49   |   00:26:51   |
7800        |       -14804.4   |         -14965   |        160.597   |      0.1637409   |      0.1626189   |   00:17:00   |   00:26:35   |
7900        |         -14803   |         -14983   |        180.081   |      0.0510287   |     0.07525114   |   00:17:12   |   00:26:20   |


Iter        |      Posterior   |     Likelihood   |          Prior   |     event_rate   |   speciation..   |    elapsed   |        ETA   |
------------------------------------------------------------------------------------------------------------------------------------------
8000        |       -14786.3   |       -14970.6   |        184.262   |      0.1115446   |     0.08046874   |   00:17:23   |   00:26:04   |
8100        |       -14789.1   |       -14986.6   |        197.495   |     0.05773846   |     0.03985393   |   00:17:35   |   00:25:49   |
8200        |         -14799   |       -14978.6   |        179.551   |      0.1698447   |     0.03717824   |   00:17:46   |   00:25:34   |
8300        |       -14787.1   |       -14975.4   |        188.306   |     0.07037006   |     0.03067098   |   00:17:58   |   00:25:19   |
8400        |       -14791.2   |       -14975.2   |        183.976   |       0.179081   |     0.07125875   |   00:18:09   |   00:25:03   |
8500        |       -14789.8   |       -14968.9   |        179.094   |     0.04798658   |     0.06752271   |   00:18:21   |   00:24:49   |
8600        |       -14798.7   |       -14987.6   |        188.932   |      0.1475926   |     0.08522524   |   00:18:33   |   00:24:35   |
8700        |       -14784.6   |       -14979.5   |        194.879   |     0.02670685   |      0.1097784   |   00:18:44   |   00:24:19   |
8800        |       -14789.9   |       -14984.9   |        195.036   |     0.03854058   |     0.03545466   |   00:18:56   |   00:24:05   |
8900        |       -14781.1   |       -14986.3   |        205.245   |     0.01984465   |     0.08552045   |   00:19:08   |   00:23:51   |
9000        |       -14785.5   |       -14976.1   |        190.609   |      0.1734071   |      0.1196637   |   00:19:20   |   00:23:37   |
9100        |       -14796.5   |       -14979.8   |        183.329   |     0.04262606   |     0.05965302   |   00:19:32   |   00:23:23   |
9200        |       -14780.3   |       -14977.5   |         197.25   |      0.0497284   |      0.1090975   |   00:19:43   |   00:23:08   |
9300        |       -14771.7   |       -14973.5   |        201.824   |     0.02657077   |     0.05078138   |   00:19:54   |   00:22:53   |
9400        |       -14768.7   |       -14983.4   |        214.716   |      0.1915804   |      0.1053299   |   00:20:06   |   00:22:39   |
9500        |       -14749.7   |       -14974.5   |        224.793   |      0.2015236   |      0.1402782   |   00:20:17   |   00:22:25   |
9600        |         -14766   |       -14992.3   |        226.349   |      0.2018602   |      0.1244243   |   00:20:27   |   00:22:09   |
9700        |       -14743.4   |       -14965.3   |        221.876   |      0.1982875   |      0.1244088   |   00:20:38   |   00:21:54   |
9800        |       -14759.4   |       -14982.2   |        222.783   |      0.1898127   |      0.1229548   |   00:20:49   |   00:21:39   |
9900        |       -14739.6   |       -14968.3   |        228.691   |      0.1972093   |      0.0936094   |   00:21:00   |   00:21:25   |


Iter        |      Posterior   |     Likelihood   |          Prior   |     event_rate   |   speciation..   |    elapsed   |        ETA   |
------------------------------------------------------------------------------------------------------------------------------------------
10000       |         -14749   |       -14981.3   |        232.298   |      0.1554595   |      0.1137038   |   00:21:11   |   00:21:11   |
10100       |       -14748.8   |       -14967.5   |         218.69   |      0.1617061   |      0.1106619   |   00:21:23   |   00:20:57   |
10200       |       -14752.9   |       -14980.2   |        227.325   |       0.197011   |       0.129809   |   00:21:34   |   00:20:43   |
10300       |         -14747   |       -14980.4   |        233.337   |      0.1662227   |      0.1107949   |   00:21:46   |   00:20:29   |
10400       |       -14763.1   |       -14991.1   |         227.96   |      0.2014132   |      0.1203911   |   00:21:56   |   00:20:14   |
10500       |       -14752.3   |       -14981.2   |        228.932   |      0.1810663   |      0.1102266   |   00:22:07   |   00:20:00   |
10600       |       -14749.9   |       -14972.3   |        222.359   |      0.1165315   |     0.05296317   |   00:23:30   |   00:20:50   |
10700       |       -14750.1   |         -14971   |        220.974   |     0.07001994   |     0.07566761   |   00:23:41   |   00:20:35   |
10800       |       -14767.9   |       -14989.2   |        221.342   |      0.0636788   |     0.08844103   |   00:23:53   |   00:20:20   |
10900       |         -14750   |       -14979.8   |        229.742   |      0.1982922   |      0.1131105   |   00:24:05   |   00:20:06   |
11000       |       -14755.3   |       -14982.7   |        227.401   |      0.1940644   |      0.1191962   |   00:24:16   |   00:19:51   |
11100       |       -14747.4   |       -14983.8   |        236.412   |      0.1918389   |     0.09146694   |   00:24:28   |   00:19:37   |
11200       |       -14757.8   |       -14983.3   |        225.542   |      0.1833938   |     0.09580812   |   00:24:42   |   00:19:24   |
11300       |       -14749.1   |       -14985.2   |        236.108   |      0.2029142   |      0.1136187   |   00:24:53   |   00:19:09   |
11400       |       -14744.1   |       -14973.1   |         229.03   |      0.1879592   |      0.1294214   |   00:25:04   |   00:18:54   |
11500       |       -14735.2   |       -14973.7   |        238.469   |      0.1406202   |      0.1094365   |   00:25:16   |   00:18:40   |
11600       |       -14749.1   |       -14975.1   |        225.925   |     0.08978192   |     0.08613494   |   00:25:27   |   00:18:25   |
11700       |       -14758.7   |       -14971.2   |        212.544   |    0.001953275   |      0.1013102   |   00:25:39   |   00:18:11   |
11800       |       -14767.6   |       -14980.8   |        213.176   |    0.007186407   |     0.02580164   |   00:25:51   |   00:17:57   |
11900       |       -14754.6   |       -14972.4   |        217.774   |      0.1472546   |     0.08532646   |   00:26:03   |   00:17:43   |


Iter        |      Posterior   |     Likelihood   |          Prior   |     event_rate   |   speciation..   |    elapsed   |        ETA   |
------------------------------------------------------------------------------------------------------------------------------------------
12000       |       -14743.9   |       -14971.7   |         227.73   |     0.04129712   |     0.09618636   |   00:26:14   |   00:17:29   |
12100       |       -14730.9   |       -14979.2   |         248.37   |      0.1929011   |     0.09330532   |   00:26:25   |   00:17:14   |
12200       |       -14746.2   |       -14982.9   |        236.774   |      0.1547217   |     0.08764886   |   00:26:36   |   00:17:00   |
12300       |       -14735.2   |       -14972.3   |        237.157   |      0.2012032   |     0.09212541   |   00:26:48   |   00:16:46   |
12400       |         -14732   |       -14972.5   |        240.477   |       0.190616   |      0.1093602   |   00:26:59   |   00:16:32   |
12500       |       -14749.7   |       -14976.7   |        226.997   |      0.1947899   |     0.08332682   |   00:27:11   |   00:16:18   |
12600       |       -14754.2   |       -14992.1   |        237.915   |       0.204146   |      0.0553249   |   00:27:22   |   00:16:04   |
12700       |       -14764.6   |       -14987.7   |        223.057   |      0.1512305   |     0.04675851   |   00:27:33   |   00:15:50   |
12800       |       -14759.8   |       -14978.4   |        218.556   |      0.1732207   |     0.09418077   |   00:27:45   |   00:15:36   |
12900       |       -14744.3   |       -14980.3   |        236.002   |      0.1837473   |      0.1102523   |   00:27:56   |   00:15:22   |
13000       |       -14743.9   |       -14975.2   |        231.253   |       0.189361   |      0.1215025   |   00:28:07   |   00:15:08   |
13100       |       -14736.2   |       -14978.4   |         242.14   |      0.2017111   |      0.1258182   |   00:28:19   |   00:14:54   |
13200       |       -14768.7   |       -14985.1   |        216.425   |     0.08097182   |      0.1028794   |   00:28:30   |   00:14:40   |
13300       |       -14749.1   |       -14982.5   |        233.396   |      0.1993775   |      0.1182955   |   00:28:42   |   00:14:27   |
13400       |       -14749.9   |       -14977.7   |        227.793   |      0.1891546   |      0.1003542   |   00:28:53   |   00:14:13   |
13500       |       -14750.2   |       -14979.6   |        229.416   |      0.1876492   |       0.136712   |   00:29:05   |   00:14:00   |
13600       |         -14727   |       -14964.5   |        237.471   |      0.1864009   |      0.1346947   |   00:29:17   |   00:13:46   |
13700       |       -14751.5   |       -14989.8   |        238.285   |      0.1855043   |      0.1003722   |   00:29:37   |   00:13:37   |
13800       |         -14739   |       -14986.5   |        247.536   |     0.08626962   |     0.08759578   |   00:29:49   |   00:13:23   |
13900       |       -14750.9   |       -14984.5   |        233.652   |     0.07613397   |     0.07505157   |   00:30:00   |   00:13:09   |


Iter        |      Posterior   |     Likelihood   |          Prior   |     event_rate   |   speciation..   |    elapsed   |        ETA   |
------------------------------------------------------------------------------------------------------------------------------------------
14000       |       -14749.6   |       -14970.4   |         220.84   |      0.1846378   |      0.1016484   |   00:30:12   |   00:12:56   |
14100       |       -14745.2   |       -14973.3   |        228.145   |      0.1917091   |      0.1411435   |   00:30:23   |   00:12:42   |
14200       |       -14757.9   |       -14976.6   |        218.685   |        0.19012   |     0.07305911   |   00:31:02   |   00:12:40   |
14300       |       -14726.2   |       -14974.6   |        248.424   |      0.1954355   |     0.08514388   |   00:31:14   |   00:12:26   |
14400       |       -14747.7   |       -14987.8   |         240.14   |      0.1990268   |     0.09650987   |   00:31:25   |   00:12:13   |
14500       |       -14749.1   |       -14971.3   |        222.225   |     0.06178316   |     0.07777484   |   00:31:35   |   00:11:58   |
14600       |       -14753.3   |       -14979.5   |        226.191   |     0.05395857   |      0.0783106   |   00:31:47   |   00:11:45   |
14700       |       -14755.5   |       -14981.9   |        226.463   |      0.1376689   |      0.0743026   |   00:31:58   |   00:11:31   |
14800       |       -14741.3   |       -14976.5   |        235.187   |     0.02068972   |     0.08946659   |   00:32:09   |   00:11:17   |
14900       |       -14745.7   |       -14981.3   |        235.621   |     0.04746859   |     0.05396462   |   00:32:20   |   00:11:04   |
15000       |       -14763.7   |       -14990.8   |        227.079   |      0.1099818   |     0.05271902   |   00:32:32   |   00:10:50   |
15100       |       -14749.7   |       -14979.7   |        230.041   |      0.1944561   |     0.09645877   |   00:32:43   |   00:10:37   |
15200       |       -14762.5   |       -14984.7   |        222.113   |      0.1077352   |     0.08679953   |   00:32:54   |   00:10:23   |
15300       |       -14743.3   |       -14977.3   |        233.988   |      0.1008331   |      0.1178042   |   00:33:05   |   00:10:09   |
15400       |       -14752.3   |       -14974.3   |        221.964   |    0.005819033   |      0.1421968   |   00:33:16   |   00:09:56   |
15500       |       -14736.9   |       -14974.9   |        237.949   |     0.07287369   |     0.06478314   |   00:35:54   |   00:10:25   |
15600       |       -14751.3   |       -14969.2   |        217.907   |      0.1889024   |     0.09693915   |   00:36:07   |   00:10:11   |
15700       |       -14737.7   |       -14970.4   |        232.706   |    0.005632533   |     0.08947111   |   00:36:18   |   00:09:56   |
15800       |       -14738.7   |       -14981.4   |        242.647   |      0.1644042   |     0.07109379   |   00:36:33   |   00:09:42   |
15900       |       -14742.8   |       -14981.7   |        238.861   |      0.1920933   |     0.09575108   |   00:36:44   |   00:09:28   |


Iter        |      Posterior   |     Likelihood   |          Prior   |     event_rate   |   speciation..   |    elapsed   |        ETA   |
------------------------------------------------------------------------------------------------------------------------------------------
16000       |       -14743.9   |       -14968.4   |         224.45   |     0.05503767   |     0.06622212   |   00:36:55   |   00:09:13   |
16100       |       -14747.8   |       -14988.9   |        241.075   |      0.1863812   |     0.08203594   |   00:37:06   |   00:08:59   |
16200       |       -14773.2   |       -14987.7   |        214.488   |     0.06283756   |      0.1002952   |   00:37:17   |   00:08:44   |
16300       |       -14741.4   |       -14988.7   |        247.238   |      0.2027673   |      0.1331951   |   00:37:28   |   00:08:30   |
16400       |       -14749.3   |         -14979   |        229.699   |     0.06177225   |     0.05852931   |   00:37:39   |   00:08:15   |
16500       |       -14747.9   |       -14970.8   |        222.902   |      0.1922567   |     0.04945434   |   00:37:51   |   00:08:01   |
16600       |       -14755.4   |       -14980.2   |        224.788   |     0.02496879   |     0.02029229   |   00:38:03   |   00:07:47   |
16700       |       -14751.7   |       -14983.5   |        231.819   |     0.07197324   |     0.05746981   |   00:38:14   |   00:07:33   |
16800       |         -14748   |       -14973.2   |        225.173   |      0.1554771   |     0.06760912   |   00:38:25   |   00:07:19   |
16900       |       -14741.2   |       -14975.4   |        234.146   |      0.1925247   |     0.09363668   |   00:38:37   |   00:07:05   |
17000       |       -14769.1   |       -14990.3   |        221.212   |      0.1112602   |     0.06766824   |   00:38:48   |   00:06:50   |
17100       |       -14741.6   |       -14982.1   |        240.537   |       0.195133   |      0.1123505   |   00:38:59   |   00:06:36   |
17200       |       -14731.3   |       -14975.1   |        243.853   |     0.09673081   |     0.07353965   |   00:39:10   |   00:06:22   |
17300       |       -14730.9   |         -14979   |        248.077   |      0.1262321   |      0.0969232   |   00:39:22   |   00:06:08   |
17400       |       -14749.2   |       -14979.3   |        230.009   |      0.1447119   |     0.05856896   |   00:39:33   |   00:05:54   |
17500       |       -14742.2   |       -14975.7   |        233.533   |     0.07342401   |     0.06362715   |   00:40:07   |   00:05:43   |
17600       |       -14749.1   |       -14981.6   |        232.479   |      0.2014598   |      0.0809671   |   00:40:18   |   00:05:29   |
17700       |       -14756.6   |         -14980   |        223.316   |     0.05580517   |     0.08247429   |   00:40:30   |   00:05:15   |
17800       |       -14751.8   |       -14974.9   |        223.071   |     0.02001687   |     0.07941528   |   00:40:42   |   00:05:01   |
17900       |       -14737.8   |       -14974.3   |        236.479   |      0.1807549   |      0.1202426   |   00:40:53   |   00:04:47   |


Iter        |      Posterior   |     Likelihood   |          Prior   |     event_rate   |   speciation..   |    elapsed   |        ETA   |
------------------------------------------------------------------------------------------------------------------------------------------
18000       |       -14746.5   |       -14976.4   |         229.92   |      0.1290305   |      0.1115897   |   00:41:05   |   00:04:33   |
18100       |       -14745.3   |       -14980.2   |        234.908   |       0.191087   |      0.1038608   |   00:41:16   |   00:04:19   |
18200       |       -14739.8   |       -14977.8   |        238.011   |      0.2020433   |      0.1144865   |   00:41:27   |   00:04:05   |
18300       |         -14741   |       -14970.9   |        229.904   |      0.2015552   |     0.09092939   |   00:41:38   |   00:03:52   |
18400       |       -14769.9   |       -14989.4   |        219.438   |      0.1091791   |     0.08619535   |   00:41:50   |   00:03:38   |
18500       |       -14736.3   |         -14971   |        234.648   |     0.07887939   |     0.08339752   |   00:42:01   |   00:03:24   |
18600       |       -14752.3   |         -14979   |        226.707   |      0.1996606   |      0.1106803   |   00:42:12   |   00:03:10   |
18700       |       -14746.6   |         -14972   |        225.345   |      0.1895154   |      0.1265537   |   00:42:23   |   00:02:56   |
18800       |         -14756   |       -14983.2   |        227.253   |      0.1942687   |      0.1181794   |   00:42:34   |   00:02:43   |
18900       |         -14738   |       -14967.3   |        229.275   |      0.2007096   |      0.1199879   |   00:42:45   |   00:02:29   |
19000       |       -14751.9   |       -14989.7   |        237.799   |       0.198062   |      0.1095213   |   00:42:56   |   00:02:15   |
19100       |       -14741.7   |       -14975.8   |        234.067   |      0.1925939   |      0.1209389   |   00:45:18   |   00:02:08   |
19200       |         -14746   |       -14982.4   |        236.358   |      0.1717849   |      0.1546126   |   00:45:36   |   00:01:54   |
19300       |       -14740.9   |       -14968.8   |        227.883   |     0.04412143   |     0.07417982   |   00:45:47   |   00:01:39   |
19400       |       -14738.3   |       -14973.5   |        235.246   |      0.1422346   |     0.06260384   |   00:45:59   |   00:01:25   |
19500       |       -14751.9   |       -14975.3   |        223.429   |      0.1429825   |     0.06198439   |   00:46:11   |   00:01:11   |
19600       |       -14747.4   |       -14975.3   |        227.885   |      0.1733159   |      0.1096944   |   00:47:15   |   00:00:57   |
19700       |       -14743.9   |       -14977.1   |        233.207   |      0.1813718   |     0.09695599   |   00:47:28   |   00:00:43   |
19800       |       -14752.2   |       -14979.8   |        227.557   |     0.01446123   |     0.09307785   |   00:47:39   |   00:00:28   |
19900       |       -14763.4   |         -14990   |        226.616   |     0.08415045   |     0.05902335   |   00:47:51   |   00:00:14   |


Iter        |      Posterior   |     Likelihood   |          Prior   |     event_rate   |   speciation..   |    elapsed   |        ETA   |
------------------------------------------------------------------------------------------------------------------------------------------
20000       |         -14773   |       -14980.5   |        207.518   |      0.1750572   |     0.05731933   |   00:48:02   |   00:00:00   |
   Processing file "/ufrc/burleigh/nhans/GitHubNH/revBB/4_seqInference/seq_sim1.trees"

Progress:
0---------------25---------------50---------------75--------------100
   Error:	Error while converting Newick tree. We expected an opening parenthesis, but didn't get one.
   Error:	Problem processing line 152 in file "0_scripts/mcmc_BDS_updated.Rev"
> 