/ufrc/burleigh/nhans/GitHubNH/revBB
c32b-s5.ufhpc
Fri May 31 02:40:07 EDT 2019

RevBayes version (1.0.11)
Build from development (0ef095) on Tue May 28 09:41:26 EDT 2019

Visit the website www.RevBayes.com for more information about RevBayes.

RevBayes is free software released under the GPL license, version 3. Type 'license()' for details.

To quit RevBayes type 'quit()' or 'q()'.


> source("0_scripts/mcmc_BDS_updated.Rev")
   Processing file "0_scripts/mcmc_BDS_updated.Rev"
   Successfully read one character matrix from file '2_seqdata_simseqbd/seq_sim_1.nex'
   Attempting to read the contents of file "simbdshifttree.nex"
   Successfully read file
0.0317682,0.0717547,0.133963,0.302582
0.0490217,0.0490217,0.0490217,0.0490217
0.1427252

   Running MCMC simulation
   This simulation runs 2 independent replicates.
   The simulator uses 106 different moves in a random move schedule with 318.5 moves per iteration

Iter        |      Posterior   |     Likelihood   |          Prior   |     event_rate   |   speciation..   |    elapsed   |        ETA   |
------------------------------------------------------------------------------------------------------------------------------------------
0           |         -63824   |         -63503   |       -321.035   |      0.1427252   |     0.09804339   |   00:00:00   |   --:--:--   |
10          |       -41461.5   |       -40992.5   |       -468.953   |     0.03166141   |     0.04418459   |   00:00:02   |   --:--:--   |
20          |       -26088.4   |       -25670.1   |       -418.262   |     0.02630009   |     0.03899182   |   00:00:04   |   01:06:36   |
30          |       -20012.3   |       -19572.2   |       -440.013   |     0.06604215   |     0.05154349   |   00:00:06   |   01:06:34   |
40          |       -17418.5   |       -17170.4   |       -248.114   |     0.01645284   |     0.04552328   |   00:00:09   |   01:14:51   |
50          |         -16126   |       -16008.9   |        -117.14   |     0.08436023   |     0.06309418   |   00:00:11   |   01:13:09   |
60          |       -15998.8   |         -15966   |        -32.734   |     0.03310249   |     0.05270671   |   00:00:13   |   01:12:00   |
70          |       -15850.7   |       -15862.7   |        12.0371   |     0.07122403   |     0.07722314   |   00:00:15   |   01:11:10   |
80          |       -15415.5   |       -15463.4   |        47.9097   |     0.07954021   |     0.07893901   |   00:00:17   |   01:10:33   |
90          |       -15301.7   |       -15352.7   |         51.028   |      0.1500221   |     0.08891748   |   00:00:20   |   01:13:44   |
100         |       -15002.9   |       -15083.7   |         80.787   |        0.18077   |     0.09158044   |   00:00:22   |   01:12:58   |
110         |       -14924.2   |       -15003.1   |        78.9714   |      0.1496237   |     0.09354034   |   00:00:24   |   01:12:19   |
120         |       -14903.3   |       -15002.3   |        98.9353   |      0.1076263   |      0.1082287   |   00:00:27   |   01:14:33   |
130         |       -14893.5   |       -14977.7   |        84.2571   |      0.1576637   |      0.0909489   |   00:00:29   |   01:13:52   |
140         |       -14882.6   |       -14993.3   |        110.613   |        0.13913   |     0.09216229   |   00:00:31   |   01:13:17   |
150         |       -14882.4   |       -14980.9   |        98.5123   |      0.1650117   |      0.0932349   |   00:00:34   |   01:14:59   |
160         |         -14893   |         -14984   |        90.9506   |     0.07446244   |     0.09061985   |   00:00:36   |   01:14:24   |
170         |       -14880.4   |       -14983.2   |        102.802   |     0.05191466   |     0.08647176   |   00:00:38   |   01:13:52   |
180         |         -14890   |       -14991.8   |        101.875   |      0.1451007   |     0.08382683   |   00:00:41   |   01:15:14   |
190         |       -14862.9   |       -14981.2   |        118.304   |      0.0292167   |     0.08862506   |   00:00:43   |   01:14:43   |


Iter        |      Posterior   |     Likelihood   |          Prior   |     event_rate   |   speciation..   |    elapsed   |        ETA   |
------------------------------------------------------------------------------------------------------------------------------------------
200         |       -14873.4   |       -14995.4   |        121.958   |      0.1065469   |     0.09414482   |   00:00:45   |   01:14:15   |
210         |       -14857.6   |       -14976.8   |        119.287   |      0.1258337   |      0.1265873   |   00:00:47   |   01:13:49   |
220         |       -14869.1   |       -14981.8   |        112.634   |      0.1379922   |      0.1768709   |   00:00:49   |   01:13:25   |
230         |       -14856.7   |       -14974.6   |         117.84   |      0.1237918   |      0.2167151   |   00:00:52   |   01:14:29   |
240         |       -14857.6   |       -14975.3   |        117.629   |      0.1098568   |      0.2097516   |   00:00:54   |   01:14:06   |
250         |       -14858.6   |       -14988.5   |        129.915   |      0.1979575   |      0.2091041   |   00:00:57   |   01:15:03   |
260         |       -14867.5   |       -14982.7   |        115.195   |     0.08271092   |       0.212742   |   00:00:59   |   01:14:39   |
270         |       -14869.1   |         -14990   |        120.887   |      0.1754032   |       0.206674   |   00:01:02   |   01:15:30   |
280         |       -14860.8   |       -14978.9   |        118.025   |     0.07301479   |      0.1598005   |   00:01:04   |   01:15:07   |
290         |       -14859.5   |       -14979.1   |        119.549   |     0.07769764   |      0.1650536   |   00:01:06   |   01:14:45   |
300         |       -14861.8   |       -14981.4   |        119.684   |     0.04996435   |      0.1966167   |   00:01:08   |   01:14:25   |
310         |       -14856.7   |         -14980   |        123.225   |      0.1090147   |      0.1913181   |   00:01:11   |   01:15:09   |
320         |       -14862.4   |       -14976.9   |        114.519   |      0.1208192   |      0.1837677   |   00:01:13   |   01:14:49   |
330         |       -14855.5   |       -14979.1   |        123.544   |      0.1109172   |      0.3544642   |   00:01:15   |   01:14:30   |
340         |       -14850.1   |       -14968.9   |        118.812   |     0.01981483   |      0.2633909   |   00:01:18   |   01:15:10   |
350         |       -14858.4   |       -14975.3   |        116.909   |     0.06105603   |      0.3581385   |   00:01:20   |   01:14:51   |
360         |       -14850.4   |         -14968   |        117.617   |       0.158596   |      0.4079694   |   00:01:22   |   01:14:33   |
370         |       -14850.6   |       -14972.4   |        121.723   |    0.002431532   |      0.6599231   |   00:01:24   |   01:14:16   |
380         |       -14873.5   |       -14987.9   |        114.397   |    0.002362007   |      0.6370965   |   00:01:26   |   01:14:00   |
390         |       -14846.7   |       -14968.5   |        121.894   |   0.0007534703   |       0.601359   |   00:01:28   |   01:13:44   |


Iter        |      Posterior   |     Likelihood   |          Prior   |     event_rate   |   speciation..   |    elapsed   |        ETA   |
------------------------------------------------------------------------------------------------------------------------------------------
400         |       -14850.4   |         -14975   |        124.599   |    0.008823764   |      0.5765069   |   00:01:31   |   01:14:19   |
410         |       -14857.2   |       -14981.6   |        124.464   |      0.1433645   |      0.5765069   |   00:01:33   |   01:14:03   |
420         |       -14848.6   |       -14978.1   |        129.452   |      0.1457168   |      0.5695237   |   00:01:36   |   01:14:35   |
430         |       -14850.8   |       -14979.5   |        128.783   |     0.08819864   |      0.5256551   |   00:01:38   |   01:14:20   |
440         |       -14866.9   |       -14989.8   |        122.901   |     0.08586716   |      0.5173966   |   00:01:40   |   01:14:05   |
450         |       -14867.7   |       -14980.6   |        112.883   |    0.003387597   |      0.4893783   |   00:01:42   |   01:13:51   |
460         |       -14856.1   |       -14978.7   |        122.623   |   0.0004204582   |       0.346423   |   00:01:45   |   01:14:20   |
470         |         -14848   |       -14983.9   |         135.92   |    0.002290643   |      0.4523702   |   00:01:47   |   01:14:06   |
480         |       -14846.9   |       -14973.4   |        126.477   |      0.0738896   |      0.4523784   |   00:01:49   |   01:13:52   |
490         |       -14861.6   |         -14977   |        115.415   |      0.1309828   |      0.5135155   |   00:01:51   |   01:13:39   |
500         |       -14861.7   |       -14973.6   |         111.85   |     0.03993004   |      0.2647805   |   00:01:53   |   01:13:27   |
510         |       -14853.7   |       -14973.9   |        120.189   |     0.01406193   |        0.45801   |   00:01:55   |   01:13:14   |
520         |       -14860.3   |       -14974.3   |        114.064   |      0.1757542   |      0.4980948   |   00:01:57   |   01:13:03   |
530         |       -14858.9   |       -14982.9   |         124.01   |      0.0218728   |      0.4573002   |   00:01:59   |   01:12:51   |
540         |       -14855.4   |       -14983.7   |        128.218   |      0.2015439   |      0.3459503   |   00:02:02   |   01:13:16   |
550         |       -14853.6   |       -14988.2   |        134.613   |      0.1468349   |      0.3197365   |   00:02:04   |   01:13:05   |
560         |       -14842.7   |       -14981.4   |        138.697   |      0.2020355   |      0.3969346   |   00:02:06   |   01:12:54   |
570         |       -14851.8   |       -14975.5   |        123.632   |     0.04186378   |       0.392166   |   00:02:08   |   01:12:43   |
580         |       -14845.4   |       -14974.9   |        129.513   |     0.04202611   |      0.4044296   |   00:02:10   |   01:12:32   |
