Iteration	Replicate_ID	Posterior	Likelihood	Prior	diversification	extinction_rate	speciation_rate	turnover
0	0	-65329.4	-65060.8	-268.589	0.07825473	0.02418538	0.1024401	0.2360929
1	1	-68808	-68519.9	-288.118	-0.05251853	0.06179839	0.009279861	6.659409
2	0	-52624	-52385.2	-238.841	0.1755718	0.015125	0.1906968	0.07931442
3	1	-57117.7	-56852.5	-265.2	-0.1196412	0.1259031	0.00626189	20.10624
4	0	-41100.4	-40896.3	-204.054	0.4993676	0.009283672	0.5086513	0.01825155
5	1	-43695.5	-43469.1	-226.424	-0.260872	0.2735108	0.01263884	21.64051
6	0	-33463	-33291.3	-171.798	0.6009736	0.01235963	0.6133333	0.02015158
7	1	-33842.9	-33669.2	-173.619	-0.9132523	0.9441617	0.03090944	30.54606
8	0	-25900	-25756.3	-143.699	1.070985	0.02141419	1.092399	0.0196029
9	1	-27720.7	-27577.2	-143.431	-1.60612	1.616586	0.0104656	154.4667
10	0	-20670	-20546.6	-123.396	1.919392	0.0150944	1.934486	0.007802796
11	1	-22855.7	-22722.1	-133.56	-1.584698	1.588006	0.003307176	480.1696
12	0	-19573.4	-19459.8	-113.636	2.756951	0.02404617	2.780998	0.008646597
13	1	-19895.9	-19771	-124.991	-2.105237	2.11943	0.01419356	149.3234
14	0	-18160.6	-18051.1	-109.473	3.605202	0.01456821	3.61977	0.004024623
15	1	-18703.5	-18581.4	-122.116	-2.328631	2.353537	0.02490661	94.49449
16	0	-17378	-17274.7	-103.235	3.932299	0.0987436	4.031042	0.0244958
17	1	-17994.1	-17888.4	-105.719	-2.87315	2.925564	0.05241387	55.81661
18	0	-17349.1	-17247.3	-101.716	3.695211	0.02274574	3.717957	0.006117807
19	1	-17928	-17822.2	-105.826	-2.740055	2.858451	0.1183964	24.14305
20	0	-17338.4	-17235.1	-103.245	2.646839	0.02375857	2.670597	0.00889635
21	1	-17912.9	-17806.9	-105.957	-3.465286	3.670053	0.2047669	17.92308
22	0	-17326.9	-17225.9	-101.035	3.581886	0.01535566	3.597242	0.004268731
23	1	-17877.1	-17770.9	-106.178	-2.996558	3.250104	0.253546	12.8186
24	0	-17324	-17222.9	-101.11	3.531643	0.03945591	3.571099	0.01104867
25	1	-17549.1	-17444.3	-104.787	-2.903855	3.235257	0.3314017	9.762341
26	0	-17314.7	-17213.8	-100.863	3.956023	0.01348044	3.969503	0.003396003
27	1	-17540.2	-17435	-105.184	-3.613023	4.009578	0.3965559	10.11101
28	0	-17307.9	-17207.5	-100.38	3.535879	0.00337806	3.539257	0.0009544546
29	1	-17514	-17412.5	-101.564	-3.598664	3.695516	0.09685172	38.15643
30	0	-17304.2	-17203.8	-100.344	3.706054	0.006695323	3.71275	0.001803333
31	1	-17513.2	-17412.2	-101.01	-4.062016	4.086313	0.02429737	168.1793
32	0	-17312.7	-17212.3	-100.367	3.98858	0.009116094	3.997696	0.002280337
33	1	-17520	-17418.7	-101.363	-3.92215	3.980976	0.05882576	67.67402
34	0	-17312.9	-17212.1	-100.779	3.329971	0.04943418	3.379405	0.01462807
35	1	-17514.2	-17413.2	-100.913	-3.175071	3.200868	0.02579682	124.08
36	0	-17321.1	-17215.7	-105.394	2.230158	0.09232711	2.322485	0.03975359
37	1	-17518.8	-17417.7	-101.057	-3.383282	3.45315	0.06986832	49.42369
38	0	-17317.3	-17214.7	-102.624	2.663992	0.04223712	2.706229	0.01560737
39	1	-17512.2	-17411.4	-100.742	-3.797113	3.854363	0.05724993	67.32519
40	0	-17187.4	-17087	-100.39	3.779421	0.04989028	3.829311	0.01302852
41	1	-17510.9	-17408.8	-102.121	-4.335544	4.421461	0.08591607	51.46256
42	0	-17195	-17093.3	-101.779	2.807015	0.08519451	2.89221	0.02945655
43	1	-17508.5	-17407.2	-101.27	-2.987882	3.03193	0.04404832	68.83191
44	0	-17184.1	-17083.7	-100.44	3.524862	0.06446085	3.589322	0.01795906
45	1	-17518.9	-17415.3	-103.574	-4.581697	4.716168	0.1344713	35.07192
46	0	-17186.3	-17084.4	-101.954	3.209884	0.1911589	3.401043	0.05620598
47	1	-17504.3	-17403.3	-100.983	-4.098379	4.134391	0.03601282	114.8033
48	0	-17179.2	-17077.9	-101.234	4.408207	0.05649187	4.464699	0.01265301
49	1	-17511.7	-17411	-100.682	-4.016997	4.042695	0.02569725	157.3201
50	0	-17190.7	-17090.4	-100.303	3.129878	0.03745527	3.167334	0.01182549
51	1	-17518.2	-17417.8	-100.343	-3.790283	3.794163	0.003880023	977.8712
52	0	-17182.1	-17081.7	-100.363	4.487908	0.005246898	4.493154	0.001167754
53	1	-17526.2	-17425.8	-100.417	-3.880931	3.889563	0.008632196	450.5879
54	0	-17176.5	-17076.7	-99.8322	3.998904	0.02376512	4.022669	0.005907799
55	1	-17513.5	-17413.2	-100.34	-3.227164	3.238664	0.01150041	281.613
56	0	-17174	-17074.3	-99.7012	3.241825	0.007316067	3.249141	0.002251693
57	1	-17395.4	-17295.7	-99.7227	-3.706888	3.719069	0.01218129	305.31
58	0	-17181.3	-17081.5	-99.8663	4.190817	0.01176936	4.202586	0.002800504
59	1	-17398.7	-17298.9	-99.8599	-3.229589	3.235194	0.005605189	577.1784
60	0	-17174.8	-17074.5	-100.368	4.602743	0.003525156	4.606268	0.0007652956
61	1	-17394.7	-17293.5	-101.209	-2.803491	2.804615	0.00112398	2495.252
62	0	-17181.1	-17081.5	-99.6798	4.296409	0.001429156	4.297838	0.0003325291
63	1	-17385.2	-17285.4	-99.8388	-3.813368	3.813843	0.000475061	8028.111
64	0	-17187	-17085.8	-101.26	3.366982	0.1539316	3.520914	0.04371922
65	1	-17396.9	-17296.3	-100.608	-4.321511	4.322605	0.001093967	3951.312
66	0	-17179.4	-17079.1	-100.323	3.507894	0.07169174	3.579586	0.02002794
67	1	-17399.4	-17299.5	-99.9717	-3.886417	3.886962	0.0005446115	7137.128
68	0	-17171	-17069.9	-101.138	4.70405	0.01545828	4.719508	0.003275401
69	1	-17397.7	-17297.9	-99.8312	-3.619942	3.622902	0.002959994	1223.956
70	0	-17176	-17076.4	-99.6322	3.528141	0.0302408	3.558382	0.008498469
71	1	-17387	-17287.2	-99.782	-3.952532	3.953857	0.001324334	2985.543
72	0	-17169.9	-17069.6	-100.31	3.265987	0.061471	3.327458	0.01847386
73	1	-17387.8	-17288.1	-99.6935	-3.40454	3.409225	0.004684947	727.6977
74	0	-17176	-17076.2	-99.7272	4.003385	0.01291603	4.016301	0.003215901
75	1	-17400.6	-17300.5	-100.108	-3.338541	3.359636	0.02109422	159.268
76	0	-17183.1	-17083	-100.151	3.261975	0.02595324	3.287929	0.007893493
77	1	-17394.8	-17294.6	-100.233	-3.782543	3.821103	0.03855958	99.09606
78	0	-17180.9	-17080.2	-100.656	4.021369	0.05465443	4.076023	0.01340876
79	1	-17402.3	-17301.8	-100.516	-3.364411	3.413219	0.04880815	69.93132
80	0	-17191.1	-17090.5	-100.603	3.852679	0.05998197	3.912661	0.01533022
81	1	-17008.9	-16909.7	-99.18	-3.541218	3.60323	0.06201257	58.10484
82	0	-17187.6	-17087.3	-100.312	3.521504	0.05442037	3.575925	0.01521854
83	1	-16997.2	-16898	-99.1155	-4.169994	4.211556	0.04156225	101.3313
84	0	-17018.1	-16918.9	-99.2693	3.898635	0.04580453	3.944439	0.01161243
85	1	-17011.3	-16910.8	-100.491	-3.699701	3.878838	0.179137	21.65291
86	0	-17014.8	-16914.8	-100.041	4.283267	0.08232031	4.365587	0.01885664
87	1	-17008	-16908.8	-99.1783	-3.653719	3.727778	0.0740593	50.33504
88	0	-17017.8	-16918.8	-99.0103	3.564071	0.05387685	3.617948	0.01489155
89	1	-17002.8	-16902.9	-99.9792	-3.014819	3.076012	0.06119353	50.26696
90	0	-17012.1	-16913	-99.1329	3.784793	0.08578978	3.870583	0.02216456
91	1	-17000.5	-16902.1	-98.3469	-3.883726	3.890157	0.006430885	604.9178
92	0	-17013.6	-16915	-98.5886	3.841153	0.04317672	3.88433	0.01111562
93	1	-16997.2	-16898.8	-98.4588	-4.141441	4.150482	0.009041084	459.0691
94	0	-17015.7	-16915.6	-100.146	3.256368	0.1459604	3.402329	0.04290014
95	1	-16995.5	-16895.5	-99.9914	-3.618565	3.768405	0.1498394	25.14962
96	0	-17010.3	-16911.8	-98.489	3.815798	0.0161046	3.831903	0.004202769
97	1	-16999.1	-16897.3	-101.833	-4.834297	4.967056	0.1327597	37.41389
98	0	-17014.7	-16915.9	-98.8226	3.277373	0.007248777	3.284622	0.002206883
99	1	-17001.4	-16898.2	-103.207	-4.311911	4.633773	0.3218616	14.39679
100	0	-17012.8	-16913.8	-98.948	3.350715	0.04784023	3.398555	0.01407664
101	1	-16997.7	-16894.8	-102.854	-4.84368	5.043725	0.2000448	25.21297
102	0	-17012.5	-16912.7	-99.8614	4.373525	0.09327183	4.466796	0.02088115
103	1	-16998.2	-16897.4	-100.81	-4.023364	4.207321	0.1839571	22.87121
104	0	-17010.2	-16910.8	-99.3865	4.442372	0.05260577	4.494978	0.01170323
105	1	-17001.7	-16903.3	-98.3934	-3.418207	3.418954	0.0007475097	4573.792
106	0	-17021	-16921.5	-99.4214	3.793011	0.1027265	3.895737	0.02636895
107	1	-17003.3	-16903.9	-99.3202	-3.525854	3.628818	0.1029639	35.24358
108	0	-17018	-16919.3	-98.679	4.086401	0.009703505	4.096104	0.002368959
109	1	-16998.4	-16899.9	-98.4593	-3.608506	3.624225	0.01571927	230.5594
110	0	-17006.7	-16907.7	-98.966	3.281668	0.02356121	3.305229	0.007128465
111	1	-16990.5	-16892.3	-98.1944	-3.693627	3.706801	0.01317449	281.362
112	0	-17010.8	-16911.5	-99.3449	4.245015	0.06205937	4.307074	0.01440871
113	1	-16995.6	-16897.1	-98.4167	-3.767232	3.787661	0.02042847	185.4109
114	0	-17015.9	-16917.5	-98.3994	3.862696	0.02777239	3.890468	0.007138572
115	1	-16996.5	-16897.2	-99.2949	-3.408201	3.502944	0.09474361	36.97288
116	0	-17011.7	-16912.6	-99.0291	4.284432	0.02524229	4.309674	0.005857123
117	1	-16994.1	-16895.3	-98.8042	-3.869332	3.932066	0.06273323	62.67915
118	0	-17013.5	-16913.8	-99.7482	3.137795	0.06690577	3.204701	0.02087738
119	1	-16996.8	-16894.8	-101.945	-4.537069	4.75941	0.2223413	21.40587
120	0	-17018.4	-16918.2	-100.207	4.349855	0.09271756	4.442572	0.02087024
121	1	-16998.9	-16900.5	-98.3223	-3.58101	3.589472	0.008462715	424.1514
122	0	-17013.8	-16914.2	-99.5178	3.941537	0.08362778	4.025165	0.02077624
123	1	-16995.8	-16897.3	-98.5476	-3.521541	3.568541	0.04699961	75.92702
124	0	-17010.1	-16909.5	-100.515	4.077121	0.1651587	4.24228	0.03893159
125	1	-16999.5	-16900	-99.4596	-3.849586	3.980241	0.1306554	30.46366
126	0	-17019.8	-16920.8	-98.999	3.866958	0.05313264	3.92009	0.01355393
127	1	-16991.2	-16892.7	-98.5411	-4.159693	4.192924	0.03323041	126.1773
128	0	-17011.3	-16912.5	-98.7782	4.247419	0.000939693	4.248358	0.0002211897
129	1	-16989.3	-16891.1	-98.1833	-3.849987	3.869814	0.01982719	195.1772
130	0	-17015.6	-16916.8	-98.7541	3.400669	0.002125413	3.402794	0.0006246081
131	1	-16991.9	-16892.4	-99.4961	-3.921689	4.024908	0.1032199	38.99355
132	0	-17011.1	-16912.6	-98.4509	4.05095	0.007928204	4.058878	0.001953299
133	1	-16997.5	-16896.5	-101.019	-4.720743	4.81595	0.09520723	50.58387
134	0	-17010.1	-16911.2	-98.9138	3.209717	0.003857357	3.213574	0.001200333
135	1	-16999.9	-16899.5	-100.359	-2.931275	3.035203	0.1039276	29.20497
136	0	-17015.5	-16917.1	-98.4208	4.089482	0.002869536	4.092352	0.0007011948
137	1	-16995.8	-16897.2	-98.6061	-3.947556	3.984381	0.03682473	108.1985
138	0	-17009	-16909.6	-99.3904	3.671239	0.1069228	3.778162	0.02830021
139	1	-17005.6	-16904.3	-101.3	-4.185483	4.434091	0.2486075	17.83571
140	0	-17012.8	-16912.3	-100.558	4.94327	0.03618565	4.979455	0.00726699
141	1	-17001.8	-16902.9	-98.8897	-4.250382	4.287095	0.03671338	116.772
142	0	-17009.6	-16909.8	-99.7993	2.998857	0.04358466	3.042442	0.01432555
143	1	-16995	-16896.7	-98.251	-3.669657	3.6961	0.02644271	139.7776
144	0	-17018.1	-16917.5	-100.601	4.904203	0.0232687	4.927471	0.00472224
145	1	-16993.5	-16893.5	-100.025	-3.888602	4.042801	0.1541992	26.21804
146	0	-17022.7	-16921	-101.772	5.284894	0.03136662	5.316261	0.005900128
147	1	-16993.3	-16892.7	-100.604	-2.795727	2.878161	0.08243382	34.91481
148	0	-17017.4	-16917.8	-99.5912	3.752265	0.1011825	3.853448	0.02625767
149	1	-16989.3	-16889.8	-99.4602	-3.459926	3.585623	0.1256971	28.5259
150	0	-17021.3	-16921.2	-100.119	3.309939	0.1301539	3.440093	0.0378344
151	1	-16987.3	-16889.2	-98.0902	-3.548818	3.56104	0.01222265	291.3477
152	0	-17024.6	-16923.9	-100.689	3.807307	0.1908869	3.998194	0.04774329
153	1	-16987.1	-16887.8	-99.3559	-3.740411	3.86542	0.1250092	30.92109
154	0	-17006.2	-16907	-99.2324	4.31705	0.04309645	4.360147	0.009884173
155	1	-16996.5	-16897.2	-99.3302	-3.490162	3.582612	0.09244988	38.75194
156	0	-17012.8	-16914.3	-98.5284	3.705552	0.03323449	3.738787	0.00888911
157	1	-16998.4	-16897.4	-101.091	-3.347916	3.599904	0.2519876	14.28603
158	0	-17003.9	-16905.6	-98.3413	3.891529	0.002228745	3.893758	0.0005723893
159	1	-16999.9	-16901.6	-98.2115	-4.139761	4.162965	0.02320427	179.4051
160	0	-17008.1	-16908	-100.13	4.326898	0.1077226	4.434621	0.02429128
161	1	-16985.9	-16887.1	-98.8204	-4.162307	4.221582	0.05927535	71.21986
162	0	-17011.2	-16911.1	-100.049	4.685262	0.04763209	4.732894	0.01006405
163	1	-17000.3	-16899.7	-100.552	-3.994443	4.194459	0.2000157	20.97065
164	0	-17011.8	-16913.5	-98.2258	3.787641	0.005051654	3.792692	0.001331944
165	1	-16988.5	-16888.5	-100.024	-4.87955	4.891986	0.01243622	393.3661
166	0	-17017.3	-16918.8	-98.4939	3.894559	0.02728053	3.921839	0.006956054
167	1	-16992.3	-16890.7	-101.616	-5.063212	5.15684	0.09362751	55.07825
168	0	-17009.7	-16910.9	-98.7982	3.193601	0.01034734	3.203949	0.003229558
169	1	-16991.5	-16892.7	-98.8126	-3.812437	3.89571	0.0832731	46.78234
170	0	-17013.5	-16915.3	-98.1765	3.885424	0.01997697	3.905401	0.005115215
171	1	-16999.1	-16900.5	-98.5907	-3.462214	3.484597	0.02238303	155.6803
172	0	-17008.3	-16909	-99.3488	3.261089	0.110647	3.371736	0.03281603
173	1	-16999.6	-16900.8	-98.8297	-3.440067	3.478992	0.03892445	89.37805
174	0	-17012.3	-16912.9	-99.3737	4.311129	0.06542525	4.376554	0.01494903
175	1	-16992	-16892.8	-99.2414	-3.300619	3.367072	0.06645326	50.66827
176	0	-17020.2	-16914.5	-105.715	3.182225	0.6287901	3.811015	0.1649928
177	1	-16990.7	-16888.9	-101.869	-3.476164	3.791547	0.3153823	12.02207
178	0	-17009.9	-16909.1	-100.828	4.412668	0.1329473	4.545615	0.02924737
179	1	-16988.1	-16889.3	-98.8822	-4.157623	4.190917	0.03329468	125.8735
180	0	-17008.8	-16906.9	-101.894	3.359845	0.315469	3.675314	0.08583455
181	1	-16990.8	-16889.3	-101.524	-2.758951	2.911895	0.1529438	19.03899
182	0	-17004.6	-16905.8	-98.7603	3.514928	0.04637537	3.561303	0.01302202
183	1	-16999.2	-16900.6	-98.6211	-3.647905	3.686488	0.03858225	95.5488
184	0	-17007.2	-16908.4	-98.8312	3.310197	0.01799175	3.328189	0.005405869
185	1	-16990.7	-16890.7	-100.013	-3.305789	3.453493	0.1477044	23.38112
186	0	-17015.5	-16915	-100.499	4.86908	0.01770235	4.886782	0.003622496
187	1	-16987	-16888.8	-98.2593	-3.640004	3.660081	0.02007715	182.3008
188	0	-17018	-16918	-100.042	4.562996	0.05054908	4.613545	0.01095667
189	1	-16995.3	-16896.6	-98.6334	-4.37163	4.377486	0.005856323	747.4803
190	0	-17007.4	-16908.3	-99.1587	3.374826	0.05878201	3.433608	0.0171196
191	1	-16990.8	-16891.3	-99.5393	-3.709538	3.831075	0.1215367	31.52195
192	0	-17005.6	-16907.4	-98.2266	3.804621	0.003506247	3.808127	0.0009207274
193	1	-16998.9	-16899.5	-99.438	-4.300146	4.364048	0.0639012	68.29367
194	0	-17008.3	-16908.9	-99.4588	3.671406	0.102813	3.774219	0.02724087
195	1	-16992.7	-16893.9	-98.7947	-4.329255	4.353023	0.02376857	183.142
196	0	-16987.2	-16887.5	-99.6949	3.501967	0.1519605	3.653928	0.04158825
197	1	-16992.8	-16894	-98.7596	-3.692568	3.741012	0.0484445	77.22264
198	0	-16991.5	-16890.1	-101.427	2.586582	0.03450814	2.62109	0.01316557
199	1	-16987.3	-16887.2	-100.147	-3.605492	3.766891	0.1613985	23.33907
200	0	-16990.2	-16891.7	-98.5654	3.601816	0.03857316	3.640389	0.01059589
201	1	-16988.6	-16889.6	-99.0251	-3.813451	3.895501	0.08205017	47.47707
