Iteration	Posterior	Likelihood	Prior	diversification	extinction_rate	speciation_rate	turnover
0	-65329.4	-65060.8	-268.589	0.07825473	0.02418538	0.1024401	0.2360929
10	-52624	-52385.2	-238.841	0.1755718	0.015125	0.1906968	0.07931442
20	-41100.4	-40896.3	-204.054	0.4993676	0.009283672	0.5086513	0.01825155
30	-33463	-33291.3	-171.798	0.6009736	0.01235963	0.6133333	0.02015158
40	-25900	-25756.3	-143.699	1.070985	0.02141419	1.092399	0.0196029
50	-20670	-20546.6	-123.396	1.919392	0.0150944	1.934486	0.007802796
60	-19573.4	-19459.8	-113.636	2.756951	0.02404617	2.780998	0.008646597
70	-18160.6	-18051.1	-109.473	3.605202	0.01456821	3.61977	0.004024623
80	-17378	-17274.7	-103.235	3.932299	0.0987436	4.031042	0.0244958
90	-17349.1	-17247.3	-101.716	3.695211	0.02274574	3.717957	0.006117807
100	-17338.4	-17235.1	-103.245	2.646839	0.02375857	2.670597	0.00889635
110	-17326.9	-17225.9	-101.035	3.581886	0.01535566	3.597242	0.004268731
120	-17324	-17222.9	-101.11	3.531643	0.03945591	3.571099	0.01104867
130	-17314.7	-17213.8	-100.863	3.956023	0.01348044	3.969503	0.003396003
140	-17307.9	-17207.5	-100.38	3.535879	0.00337806	3.539257	0.0009544546
150	-17304.2	-17203.8	-100.344	3.706054	0.006695323	3.71275	0.001803333
160	-17312.7	-17212.3	-100.367	3.98858	0.009116094	3.997696	0.002280337
170	-17312.9	-17212.1	-100.779	3.329971	0.04943418	3.379405	0.01462807
180	-17321.1	-17215.7	-105.394	2.230158	0.09232711	2.322485	0.03975359
190	-17317.3	-17214.7	-102.624	2.663992	0.04223712	2.706229	0.01560737
200	-17187.4	-17087	-100.39	3.779421	0.04989028	3.829311	0.01302852
210	-17195	-17093.3	-101.779	2.807015	0.08519451	2.89221	0.02945655
220	-17184.1	-17083.7	-100.44	3.524862	0.06446085	3.589322	0.01795906
230	-17186.3	-17084.4	-101.954	3.209884	0.1911589	3.401043	0.05620598
240	-17179.2	-17077.9	-101.234	4.408207	0.05649187	4.464699	0.01265301
250	-17190.7	-17090.4	-100.303	3.129878	0.03745527	3.167334	0.01182549
260	-17182.1	-17081.7	-100.363	4.487908	0.005246898	4.493154	0.001167754
270	-17176.5	-17076.7	-99.8322	3.998904	0.02376512	4.022669	0.005907799
280	-17174	-17074.3	-99.7012	3.241825	0.007316067	3.249141	0.002251693
290	-17181.3	-17081.5	-99.8663	4.190817	0.01176936	4.202586	0.002800504
300	-17174.8	-17074.5	-100.368	4.602743	0.003525156	4.606268	0.0007652956
310	-17181.1	-17081.5	-99.6798	4.296409	0.001429156	4.297838	0.0003325291
320	-17187	-17085.8	-101.26	3.366982	0.1539316	3.520914	0.04371922
330	-17179.4	-17079.1	-100.323	3.507894	0.07169174	3.579586	0.02002794
340	-17171	-17069.9	-101.138	4.70405	0.01545828	4.719508	0.003275401
350	-17176	-17076.4	-99.6322	3.528141	0.0302408	3.558382	0.008498469
360	-17169.9	-17069.6	-100.31	3.265987	0.061471	3.327458	0.01847386
370	-17176	-17076.2	-99.7272	4.003385	0.01291603	4.016301	0.003215901
380	-17183.1	-17083	-100.151	3.261975	0.02595324	3.287929	0.007893493
390	-17180.9	-17080.2	-100.656	4.021369	0.05465443	4.076023	0.01340876
400	-17191.1	-17090.5	-100.603	3.852679	0.05998197	3.912661	0.01533022
410	-17187.6	-17087.3	-100.312	3.521504	0.05442037	3.575925	0.01521854
420	-17018.1	-16918.9	-99.2693	3.898635	0.04580453	3.944439	0.01161243
430	-17014.8	-16914.8	-100.041	4.283267	0.08232031	4.365587	0.01885664
440	-17017.8	-16918.8	-99.0103	3.564071	0.05387685	3.617948	0.01489155
450	-17012.1	-16913	-99.1329	3.784793	0.08578978	3.870583	0.02216456
460	-17013.6	-16915	-98.5886	3.841153	0.04317672	3.88433	0.01111562
470	-17015.7	-16915.6	-100.146	3.256368	0.1459604	3.402329	0.04290014
480	-17010.3	-16911.8	-98.489	3.815798	0.0161046	3.831903	0.004202769
490	-17014.7	-16915.9	-98.8226	3.277373	0.007248777	3.284622	0.002206883
500	-17012.8	-16913.8	-98.948	3.350715	0.04784023	3.398555	0.01407664
510	-17012.5	-16912.7	-99.8614	4.373525	0.09327183	4.466796	0.02088115
520	-17010.2	-16910.8	-99.3865	4.442372	0.05260577	4.494978	0.01170323
530	-17021	-16921.5	-99.4214	3.793011	0.1027265	3.895737	0.02636895
540	-17018	-16919.3	-98.679	4.086401	0.009703505	4.096104	0.002368959
550	-17006.7	-16907.7	-98.966	3.281668	0.02356121	3.305229	0.007128465
560	-17010.8	-16911.5	-99.3449	4.245015	0.06205937	4.307074	0.01440871
570	-17015.9	-16917.5	-98.3994	3.862696	0.02777239	3.890468	0.007138572
580	-17011.7	-16912.6	-99.0291	4.284432	0.02524229	4.309674	0.005857123
590	-17013.5	-16913.8	-99.7482	3.137795	0.06690577	3.204701	0.02087738
600	-17018.4	-16918.2	-100.207	4.349855	0.09271756	4.442572	0.02087024
610	-17013.8	-16914.2	-99.5178	3.941537	0.08362778	4.025165	0.02077624
620	-17010.1	-16909.5	-100.515	4.077121	0.1651587	4.24228	0.03893159
630	-17019.8	-16920.8	-98.999	3.866958	0.05313264	3.92009	0.01355393
640	-17011.3	-16912.5	-98.7782	4.247419	0.000939693	4.248358	0.0002211897
650	-17015.6	-16916.8	-98.7541	3.400669	0.002125413	3.402794	0.0006246081
660	-17011.1	-16912.6	-98.4509	4.05095	0.007928204	4.058878	0.001953299
670	-17010.1	-16911.2	-98.9138	3.209717	0.003857357	3.213574	0.001200333
680	-17015.5	-16917.1	-98.4208	4.089482	0.002869536	4.092352	0.0007011948
690	-17009	-16909.6	-99.3904	3.671239	0.1069228	3.778162	0.02830021
700	-17012.8	-16912.3	-100.558	4.94327	0.03618565	4.979455	0.00726699
710	-17009.6	-16909.8	-99.7993	2.998857	0.04358466	3.042442	0.01432555
720	-17018.1	-16917.5	-100.601	4.904203	0.0232687	4.927471	0.00472224
730	-17022.7	-16921	-101.772	5.284894	0.03136662	5.316261	0.005900128
740	-17017.4	-16917.8	-99.5912	3.752265	0.1011825	3.853448	0.02625767
750	-17021.3	-16921.2	-100.119	3.309939	0.1301539	3.440093	0.0378344
760	-17024.6	-16923.9	-100.689	3.807307	0.1908869	3.998194	0.04774329
770	-17006.2	-16907	-99.2324	4.31705	0.04309645	4.360147	0.009884173
780	-17012.8	-16914.3	-98.5284	3.705552	0.03323449	3.738787	0.00888911
790	-17003.9	-16905.6	-98.3413	3.891529	0.002228745	3.893758	0.0005723893
800	-17008.1	-16908	-100.13	4.326898	0.1077226	4.434621	0.02429128
810	-17011.2	-16911.1	-100.049	4.685262	0.04763209	4.732894	0.01006405
820	-17011.8	-16913.5	-98.2258	3.787641	0.005051654	3.792692	0.001331944
830	-17017.3	-16918.8	-98.4939	3.894559	0.02728053	3.921839	0.006956054
840	-17009.7	-16910.9	-98.7982	3.193601	0.01034734	3.203949	0.003229558
850	-17013.5	-16915.3	-98.1765	3.885424	0.01997697	3.905401	0.005115215
860	-17008.3	-16909	-99.3488	3.261089	0.110647	3.371736	0.03281603
870	-17012.3	-16912.9	-99.3737	4.311129	0.06542525	4.376554	0.01494903
880	-17020.2	-16914.5	-105.715	3.182225	0.6287901	3.811015	0.1649928
890	-17009.9	-16909.1	-100.828	4.412668	0.1329473	4.545615	0.02924737
900	-17008.8	-16906.9	-101.894	3.359845	0.315469	3.675314	0.08583455
910	-17004.6	-16905.8	-98.7603	3.514928	0.04637537	3.561303	0.01302202
920	-17007.2	-16908.4	-98.8312	3.310197	0.01799175	3.328189	0.005405869
930	-17015.5	-16915	-100.499	4.86908	0.01770235	4.886782	0.003622496
940	-17018	-16918	-100.042	4.562996	0.05054908	4.613545	0.01095667
950	-17007.4	-16908.3	-99.1587	3.374826	0.05878201	3.433608	0.0171196
960	-17005.6	-16907.4	-98.2266	3.804621	0.003506247	3.808127	0.0009207274
970	-17008.3	-16908.9	-99.4588	3.671406	0.102813	3.774219	0.02724087
980	-16987.2	-16887.5	-99.6949	3.501967	0.1519605	3.653928	0.04158825
990	-16991.5	-16890.1	-101.427	2.586582	0.03450814	2.62109	0.01316557
1000	-16990.2	-16891.7	-98.5654	3.601816	0.03857316	3.640389	0.01059589
